#
# There is insufficient memory for the Java Runtime Environment to continue.
# Native memory allocation (mmap) failed to map 25690112 bytes for committing reserved memory.
# Possible reasons:
#   The system is out of physical RAM or swap space
#   In 32 bit mode, the process size limit was hit
# Possible solutions:
#   Reduce memory load on the system
#   Increase physical memory or swap space
#   Check if swap backing store is full
#   Use 64 bit Java on a 64 bit OS
#   Decrease Java heap size (-Xmx/-Xms)
#   Decrease number of Java threads
#   Decrease Java thread stack sizes (-Xss)
#   Set larger code cache with -XX:ReservedCodeCacheSize=
# This output file may be truncated or incomplete.
#
#  Out of Memory Error (os_linux.cpp:2627), pid=14404, tid=0x00007f3e49610700
#
# JRE version: Java(TM) SE Runtime Environment (8.0_121-b13) (build 1.8.0_121-b13)
# Java VM: Java HotSpot(TM) 64-Bit Server VM (25.121-b13 mixed mode linux-amd64 compressed oops)
# Failed to write core dump. Core dumps have been disabled. To enable core dumping, try "ulimit -c unlimited" before starting Java again
#

---------------  T H R E A D  ---------------

Current thread (0x00007f3e60077800):  VMThread [stack: 0x00007f3e49510000,0x00007f3e49611000] [id=14414]

Stack: [0x00007f3e49510000,0x00007f3e49611000],  sp=0x00007f3e4960f320,  free space=1020k
Native frames: (J=compiled Java code, j=interpreted, Vv=VM code, C=native code)
V  [libjvm.so+0xac703a]  VMError::report_and_die()+0x2ba
V  [libjvm.so+0x4fc7eb]  report_vm_out_of_memory(char const*, int, unsigned long, VMErrorType, char const*)+0x8b
V  [libjvm.so+0x923c43]  os::Linux::commit_memory_impl(char*, unsigned long, bool)+0x103
V  [libjvm.so+0x924199]  os::pd_commit_memory(char*, unsigned long, unsigned long, bool)+0x29
V  [libjvm.so+0x91e4aa]  os::commit_memory(char*, unsigned long, unsigned long, bool)+0x2a
V  [libjvm.so+0x992f03]  PSVirtualSpace::expand_by(unsigned long)+0x53
V  [libjvm.so+0x994308]  PSYoungGen::resize_generation(unsigned long, unsigned long)+0xf8
V  [libjvm.so+0x993462]  PSYoungGen::resize(unsigned long, unsigned long)+0x22
V  [libjvm.so+0x99073b]  PSScavenge::invoke_no_policy()+0xf3b
V  [libjvm.so+0x990ec1]  PSScavenge::invoke()+0x41
V  [libjvm.so+0x947c10]  ParallelScavengeHeap::failed_mem_allocate(unsigned long)+0x70
V  [libjvm.so+0xac8a57]  VM_ParallelGCFailedAllocation::doit()+0x97
V  [libjvm.so+0xad0535]  VM_Operation::evaluate()+0x55
V  [libjvm.so+0xace90a]  VMThread::evaluate_operation(VM_Operation*)+0xba
V  [libjvm.so+0xacec8e]  VMThread::loop()+0x1ce
V  [libjvm.so+0xacf100]  VMThread::run()+0x70
V  [libjvm.so+0x926268]  java_start(Thread*)+0x108

VM_Operation (0x00007f3e678fb4a0): ParallelGCFailedAllocation, mode: safepoint, requested by thread 0x00007f3e60009800


---------------  P R O C E S S  ---------------

Java Threads: ( => current thread )
  0x00007f3e600eb000 JavaThread "Service Thread" daemon [_thread_blocked, id=14421, stack(0x00007f3e48b30000,0x00007f3e48c31000)]
  0x00007f3e600be000 JavaThread "C1 CompilerThread2" daemon [_thread_blocked, id=14420, stack(0x00007f3e48c31000,0x00007f3e48d32000)]
  0x00007f3e600bc000 JavaThread "C2 CompilerThread1" daemon [_thread_blocked, id=14419, stack(0x00007f3e48d32000,0x00007f3e48e33000)]
  0x00007f3e600b9800 JavaThread "C2 CompilerThread0" daemon [_thread_blocked, id=14418, stack(0x00007f3e48e33000,0x00007f3e48f34000)]
  0x00007f3e600b8000 JavaThread "Signal Dispatcher" daemon [_thread_blocked, id=14417, stack(0x00007f3e48f34000,0x00007f3e49035000)]
  0x00007f3e60083800 JavaThread "Finalizer" daemon [_thread_blocked, id=14416, stack(0x00007f3e4930e000,0x00007f3e4940f000)]
  0x00007f3e6007f000 JavaThread "Reference Handler" daemon [_thread_blocked, id=14415, stack(0x00007f3e4940f000,0x00007f3e49510000)]
  0x00007f3e60009800 JavaThread "main" [_thread_blocked, id=14409, stack(0x00007f3e677fc000,0x00007f3e678fd000)]

Other Threads:
=>0x00007f3e60077800 VMThread [stack: 0x00007f3e49510000,0x00007f3e49611000] [id=14414]
  0x00007f3e600f6800 WatcherThread [stack: 0x00007f3e48a2f000,0x00007f3e48b30000] [id=14422]

VM state:at safepoint (normal execution)

VM Mutex/Monitor currently owned by a thread:  ([mutex/lock_event])
[0x00007f3e60005e90] Threads_lock - owner thread: 0x00007f3e60077800
[0x00007f3e60006390] Heap_lock - owner thread: 0x00007f3e60009800

Heap:
 PSYoungGen      total 214528K, used 53115K [0x00000000ecf00000, 0x00000000fe780000, 0x0000000100000000)
  eden space 141824K, 0% used [0x00000000ecf00000,0x00000000ecf00000,0x00000000f5980000)
  from space 72704K, 73% used [0x00000000f5980000,0x00000000f8d5ef18,0x00000000fa080000)
  to   space 66048K, 0% used [0x00000000fa300000,0x00000000fa300000,0x00000000fe380000)
 ParOldGen       total 216064K, used 156824K [0x00000000c6c00000, 0x00000000d3f00000, 0x00000000ecf00000)
  object space 216064K, 72% used [0x00000000c6c00000,0x00000000d05260c8,0x00000000d3f00000)
 Metaspace       used 3203K, capacity 4556K, committed 4864K, reserved 1056768K
  class space    used 335K, capacity 392K, committed 512K, reserved 1048576K

Card table byte_map: [0x00007f3e643de000,0x00007f3e645a9000] byte_map_base: 0x00007f3e63da8000

Marking Bits: (ParMarkBitMap*) 0x00007f3e66cd3c80
 Begin Bits: [0x00007f3e4a360000, 0x00007f3e4b1b0000)
 End Bits:   [0x00007f3e4b1b0000, 0x00007f3e4c000000)

Polling page: 0x00007f3e67923000

CodeCache: size=245760Kb used=2000Kb max_used=2019Kb free=243759Kb
 bounds [0x00007f3e51000000, 0x00007f3e51270000, 0x00007f3e60000000]
 total_blobs=565 nmethods=301 adapters=178
 compilation: enabled

Compilation events (10 events):
Event: 5,317 Thread 0x00007f3e600b9800  297       4       java.util.Arrays::copyOf (13 bytes)
Event: 5,318 Thread 0x00007f3e600bc000  298       4       java.lang.Integer::valueOf (32 bytes)
Event: 5,318 Thread 0x00007f3e600b9800 nmethod 297 0x00007f3e511e06d0 code [0x00007f3e511e0820, 0x00007f3e511e09b8]
Event: 5,319 Thread 0x00007f3e600b9800  299   !   4       java.util.ArrayList::clone (40 bytes)
Event: 5,319 Thread 0x00007f3e600bc000 nmethod 298 0x00007f3e511e1510 code [0x00007f3e511e1660, 0x00007f3e511e1758]
Event: 5,321 Thread 0x00007f3e600b9800 nmethod 299 0x00007f3e511f18d0 code [0x00007f3e511f1a40, 0x00007f3e511f1cf8]
Event: 5,323 Thread 0x00007f3e600bc000  300 %     4       hashcode2017.main3::doKnapsack @ 161 (317 bytes)
Event: 5,347 Thread 0x00007f3e600bc000 nmethod 300% 0x00007f3e511f59d0 code [0x00007f3e511f5be0, 0x00007f3e511f6b48]
Event: 5,347 Thread 0x00007f3e600b9800  301       4       hashcode2017.main3::doKnapsack (317 bytes)
Event: 5,418 Thread 0x00007f3e600b9800 nmethod 301 0x00007f3e511f2750 code [0x00007f3e511f2a00, 0x00007f3e511f4608]

GC Heap History (10 events):
Event: 0,613 GC heap after
Heap after GC invocations=7 (full 2):
 PSYoungGen      total 63488K, used 1436K [0x00000000ecf00000, 0x00000000f6d00000, 0x0000000100000000)
  eden space 61440K, 0% used [0x00000000ecf00000,0x00000000ecf00000,0x00000000f0b00000)
  from space 2048K, 70% used [0x00000000f0b00000,0x00000000f0c673d0,0x00000000f0d00000)
  to   space 34816K, 0% used [0x00000000f4b00000,0x00000000f4b00000,0x00000000f6d00000)
 ParOldGen       total 142848K, used 82994K [0x00000000c6c00000, 0x00000000cf780000, 0x00000000ecf00000)
  object space 142848K, 58% used [0x00000000c6c00000,0x00000000cbd0c9f8,0x00000000cf780000)
 Metaspace       used 2600K, capacity 4552K, committed 4864K, reserved 1056768K
  class space    used 275K, capacity 388K, committed 512K, reserved 1048576K
}
Event: 0,659 GC heap before
{Heap before GC invocations=8 (full 2):
 PSYoungGen      total 63488K, used 62876K [0x00000000ecf00000, 0x00000000f6d00000, 0x0000000100000000)
  eden space 61440K, 100% used [0x00000000ecf00000,0x00000000f0b00000,0x00000000f0b00000)
  from space 2048K, 70% used [0x00000000f0b00000,0x00000000f0c673d0,0x00000000f0d00000)
  to   space 34816K, 0% used [0x00000000f4b00000,0x00000000f4b00000,0x00000000f6d00000)
 ParOldGen       total 142848K, used 82994K [0x00000000c6c00000, 0x00000000cf780000, 0x00000000ecf00000)
  object space 142848K, 58% used [0x00000000c6c00000,0x00000000cbd0c9f8,0x00000000cf780000)
 Metaspace       used 2602K, capacity 4552K, committed 4864K, reserved 1056768K
  class space    used 275K, capacity 388K, committed 512K, reserved 1048576K
Event: 0,729 GC heap after
Heap after GC invocations=8 (full 2):
 PSYoungGen      total 120320K, used 34815K [0x00000000ecf00000, 0x00000000f8700000, 0x0000000100000000)
  eden space 85504K, 0% used [0x00000000ecf00000,0x00000000ecf00000,0x00000000f2280000)
  from space 34816K, 99% used [0x00000000f4b00000,0x00000000f6cfff20,0x00000000f6d00000)
  to   space 41472K, 0% used [0x00000000f2280000,0x00000000f2280000,0x00000000f4b00000)
 ParOldGen       total 142848K, used 86401K [0x00000000c6c00000, 0x00000000cf780000, 0x00000000ecf00000)
  object space 142848K, 60% used [0x00000000c6c00000,0x00000000cc0607d8,0x00000000cf780000)
 Metaspace       used 2602K, capacity 4552K, committed 4864K, reserved 1056768K
  class space    used 275K, capacity 388K, committed 512K, reserved 1048576K
}
Event: 1,202 GC heap before
{Heap before GC invocations=9 (full 2):
 PSYoungGen      total 120320K, used 120319K [0x00000000ecf00000, 0x00000000f8700000, 0x0000000100000000)
  eden space 85504K, 100% used [0x00000000ecf00000,0x00000000f2280000,0x00000000f2280000)
  from space 34816K, 99% used [0x00000000f4b00000,0x00000000f6cfff20,0x00000000f6d00000)
  to   space 41472K, 0% used [0x00000000f2280000,0x00000000f2280000,0x00000000f4b00000)
 ParOldGen       total 142848K, used 86401K [0x00000000c6c00000, 0x00000000cf780000, 0x00000000ecf00000)
  object space 142848K, 60% used [0x00000000c6c00000,0x00000000cc0607d8,0x00000000cf780000)
 Metaspace       used 2615K, capacity 4554K, committed 4864K, reserved 1056768K
  class space    used 276K, capacity 390K, committed 512K, reserved 1048576K
Event: 2,114 GC heap after
Heap after GC invocations=9 (full 2):
 PSYoungGen      total 126976K, used 41445K [0x00000000ecf00000, 0x00000000fe380000, 0x0000000100000000)
  eden space 85504K, 0% used [0x00000000ecf00000,0x00000000ecf00000,0x00000000f2280000)
  from space 41472K, 99% used [0x00000000f2280000,0x00000000f4af96c0,0x00000000f4b00000)
  to   space 66048K, 0% used [0x00000000fa300000,0x00000000fa300000,0x00000000fe380000)
 ParOldGen       total 142848K, used 120556K [0x00000000c6c00000, 0x00000000cf780000, 0x00000000ecf00000)
  object space 142848K, 84% used [0x00000000c6c00000,0x00000000ce1bb378,0x00000000cf780000)
 Metaspace       used 2615K, capacity 4554K, committed 4864K, reserved 1056768K
  class space    used 276K, capacity 390K, committed 512K, reserved 1048576K
}
Event: 2,114 GC heap before
{Heap before GC invocations=10 (full 3):
 PSYoungGen      total 126976K, used 41445K [0x00000000ecf00000, 0x00000000fe380000, 0x0000000100000000)
  eden space 85504K, 0% used [0x00000000ecf00000,0x00000000ecf00000,0x00000000f2280000)
  from space 41472K, 99% used [0x00000000f2280000,0x00000000f4af96c0,0x00000000f4b00000)
  to   space 66048K, 0% used [0x00000000fa300000,0x00000000fa300000,0x00000000fe380000)
 ParOldGen       total 142848K, used 120556K [0x00000000c6c00000, 0x00000000cf780000, 0x00000000ecf00000)
  object space 142848K, 84% used [0x00000000c6c00000,0x00000000ce1bb378,0x00000000cf780000)
 Metaspace       used 2615K, capacity 4554K, committed 4864K, reserved 1056768K
  class space    used 276K, capacity 390K, committed 512K, reserved 1048576K
Event: 2,812 GC heap after
Heap after GC invocations=10 (full 3):
 PSYoungGen      total 126976K, used 19404K [0x00000000ecf00000, 0x00000000fe380000, 0x0000000100000000)
  eden space 85504K, 0% used [0x00000000ecf00000,0x00000000ecf00000,0x00000000f2280000)
  from space 41472K, 46% used [0x00000000f2280000,0x00000000f3573380,0x00000000f4b00000)
  to   space 66048K, 0% used [0x00000000fa300000,0x00000000fa300000,0x00000000fe380000)
 ParOldGen       total 216064K, used 142507K [0x00000000c6c00000, 0x00000000d3f00000, 0x00000000ecf00000)
  object space 216064K, 65% used [0x00000000c6c00000,0x00000000cf72ae98,0x00000000d3f00000)
 Metaspace       used 2615K, capacity 4554K, committed 4864K, reserved 1056768K
  class space    used 276K, capacity 390K, committed 512K, reserved 1048576K
}
Event: 3,011 GC heap before
{Heap before GC invocations=11 (full 3):
 PSYoungGen      total 126976K, used 104908K [0x00000000ecf00000, 0x00000000fe380000, 0x0000000100000000)
  eden space 85504K, 100% used [0x00000000ecf00000,0x00000000f2280000,0x00000000f2280000)
  from space 41472K, 46% used [0x00000000f2280000,0x00000000f3573380,0x00000000f4b00000)
  to   space 66048K, 0% used [0x00000000fa300000,0x00000000fa300000,0x00000000fe380000)
 ParOldGen       total 216064K, used 142507K [0x00000000c6c00000, 0x00000000d3f00000, 0x00000000ecf00000)
  object space 216064K, 65% used [0x00000000c6c00000,0x00000000cf72ae98,0x00000000d3f00000)
 Metaspace       used 2622K, capacity 4554K, committed 4864K, reserved 1056768K
  class space    used 278K, capacity 390K, committed 512K, reserved 1048576K
Event: 3,297 GC heap after
Heap after GC invocations=11 (full 3):
 PSYoungGen      total 207872K, used 53894K [0x00000000ecf00000, 0x00000000fe780000, 0x0000000100000000)
  eden space 141824K, 0% used [0x00000000ecf00000,0x00000000ecf00000,0x00000000f5980000)
  from space 66048K, 81% used [0x00000000fa300000,0x00000000fd7a1bf0,0x00000000fe380000)
  to   space 72704K, 0% used [0x00000000f5980000,0x00000000f5980000,0x00000000fa080000)
 ParOldGen       total 216064K, used 142507K [0x00000000c6c00000, 0x00000000d3f00000, 0x00000000ecf00000)
  object space 216064K, 65% used [0x00000000c6c00000,0x00000000cf72ae98,0x00000000d3f00000)
 Metaspace       used 2622K, capacity 4554K, committed 4864K, reserved 1056768K
  class space    used 278K, capacity 390K, committed 512K, reserved 1048576K
}
Event: 5,438 GC heap before
{Heap before GC invocations=12 (full 3):
 PSYoungGen      total 207872K, used 195718K [0x00000000ecf00000, 0x00000000fe780000, 0x0000000100000000)
  eden space 141824K, 100% used [0x00000000ecf00000,0x00000000f5980000,0x00000000f5980000)
  from space 66048K, 81% used [0x00000000fa300000,0x00000000fd7a1bf0,0x00000000fe380000)
  to   space 72704K, 0% used [0x00000000f5980000,0x00000000f5980000,0x00000000fa080000)
 ParOldGen       total 216064K, used 142507K [0x00000000c6c00000, 0x00000000d3f00000, 0x00000000ecf00000)
  object space 216064K, 65% used [0x00000000c6c00000,0x00000000cf72ae98,0x00000000d3f00000)
 Metaspace       used 3203K, capacity 4556K, committed 4864K, reserved 1056768K
  class space    used 335K, capacity 392K, committed 512K, reserved 1048576K

Deoptimization events (10 events):
Event: 4,002 Thread 0x00007f3e60009800 Uncommon trap: reason=unstable_if action=reinterpret pc=0x00007f3e511d3994 method=java.util.HashMap.getNode(ILjava/lang/Object;)Ljava/util/HashMap$Node; @ 76
Event: 4,002 Thread 0x00007f3e60009800 Uncommon trap: reason=unstable_if action=reinterpret pc=0x00007f3e511c24c8 method=java.util.HashMap.getNode(ILjava/lang/Object;)Ljava/util/HashMap$Node; @ 76
Event: 4,002 Thread 0x00007f3e60009800 Uncommon trap: reason=unstable_if action=reinterpret pc=0x00007f3e511c4f6c method=java.util.HashMap.getNode(ILjava/lang/Object;)Ljava/util/HashMap$Node; @ 76
Event: 4,002 Thread 0x00007f3e60009800 Uncommon trap: reason=unstable_if action=reinterpret pc=0x00007f3e511d259c method=java.util.HashMap.getNode(ILjava/lang/Object;)Ljava/util/HashMap$Node; @ 76
Event: 4,132 Thread 0x00007f3e60009800 Uncommon trap: reason=unstable_if action=reinterpret pc=0x00007f3e511d4908 method=java.util.HashMap.getNode(ILjava/lang/Object;)Ljava/util/HashMap$Node; @ 143
Event: 4,132 Thread 0x00007f3e60009800 Uncommon trap: reason=unstable_if action=reinterpret pc=0x00007f3e511d5834 method=java.util.HashMap.getNode(ILjava/lang/Object;)Ljava/util/HashMap$Node; @ 143
Event: 4,133 Thread 0x00007f3e60009800 Uncommon trap: reason=unstable_if action=reinterpret pc=0x00007f3e511c9840 method=java.util.HashMap.getNode(ILjava/lang/Object;)Ljava/util/HashMap$Node; @ 143
Event: 4,133 Thread 0x00007f3e60009800 Uncommon trap: reason=unstable_if action=reinterpret pc=0x00007f3e511d6548 method=java.util.HashMap.getNode(ILjava/lang/Object;)Ljava/util/HashMap$Node; @ 143
Event: 5,261 Thread 0x00007f3e60009800 Uncommon trap: reason=unstable_if action=reinterpret pc=0x00007f3e511c9460 method=java.util.HashMap.getNode(ILjava/lang/Object;)Ljava/util/HashMap$Node; @ 37
Event: 5,315 Thread 0x00007f3e60009800 Uncommon trap: reason=unstable_if action=reinterpret pc=0x00007f3e511eed7c method=java.util.ArrayList$Itr.hasNext()Z @ 11

Internal exceptions (2 events):
Event: 0,048 Thread 0x00007f3e60009800 Exception <a 'java/lang/NoSuchMethodError': Method sun.misc.Unsafe.defineClass(Ljava/lang/String;[BII)Ljava/lang/Class; name or signature does not match> (0x00000000ecf07ca8) thrown at [/HUDSON3/workspace/8-2-build-linux-amd64/jdk8u121/8372/hotspot/src/sh
Event: 0,048 Thread 0x00007f3e60009800 Exception <a 'java/lang/NoSuchMethodError': Method sun.misc.Unsafe.prefetchRead(Ljava/lang/Object;J)V name or signature does not match> (0x00000000ecf07f90) thrown at [/HUDSON3/workspace/8-2-build-linux-amd64/jdk8u121/8372/hotspot/src/share/vm/prims/jni.c

Events (10 events):
Event: 5,245 loading class hashcode2017/Option done
Event: 5,261 Thread 0x00007f3e60009800 Uncommon trap: trap_request=0xffffff65 fr.pc=0x00007f3e511c9460
Event: 5,261 Thread 0x00007f3e60009800 DEOPT PACKING pc=0x00007f3e511c9460 sp=0x00007f3e678f8130
Event: 5,261 Thread 0x00007f3e60009800 DEOPT UNPACKING pc=0x00007f3e51005229 sp=0x00007f3e678f80d8 mode 2
Event: 5,282 loading class java/util/ArrayList$Itr
Event: 5,313 loading class java/util/ArrayList$Itr done
Event: 5,315 Thread 0x00007f3e60009800 Uncommon trap: trap_request=0xffffff65 fr.pc=0x00007f3e511eed7c
Event: 5,315 Thread 0x00007f3e60009800 DEOPT PACKING pc=0x00007f3e511eed7c sp=0x00007f3e678fb5f0
Event: 5,315 Thread 0x00007f3e60009800 DEOPT UNPACKING pc=0x00007f3e51005229 sp=0x00007f3e678fb5b0 mode 2
Event: 5,431 Executing VM operation: ParallelGCFailedAllocation


Dynamic libraries:
00400000-00401000 r-xp 00000000 08:01 6569139                            /usr/lib/jvm/java-8-oracle/bin/java
00600000-00601000 rw-p 00000000 08:01 6569139                            /usr/lib/jvm/java-8-oracle/bin/java
012e3000-01304000 rw-p 00000000 00:00 0                                  [heap]
c6c00000-d3f00000 rw-p 00000000 00:00 0 
d3f00000-ecf00000 ---p 00000000 00:00 0 
ecf00000-fe780000 rw-p 00000000 00:00 0 
100000000-100080000 rw-p 00000000 00:00 0 
100080000-140000000 ---p 00000000 00:00 0 
7f3e14000000-7f3e14021000 rw-p 00000000 00:00 0 
7f3e14021000-7f3e18000000 ---p 00000000 00:00 0 
7f3e18000000-7f3e18021000 rw-p 00000000 00:00 0 
7f3e18021000-7f3e1c000000 ---p 00000000 00:00 0 
7f3e1c000000-7f3e1c143000 rw-p 00000000 00:00 0 
7f3e1c143000-7f3e20000000 ---p 00000000 00:00 0 
7f3e20000000-7f3e20220000 rw-p 00000000 00:00 0 
7f3e20220000-7f3e24000000 ---p 00000000 00:00 0 
7f3e24000000-7f3e24021000 rw-p 00000000 00:00 0 
7f3e24021000-7f3e28000000 ---p 00000000 00:00 0 
7f3e28000000-7f3e282c8000 rw-p 00000000 00:00 0 
7f3e282c8000-7f3e2c000000 ---p 00000000 00:00 0 
7f3e2c000000-7f3e2c021000 rw-p 00000000 00:00 0 
7f3e2c021000-7f3e30000000 ---p 00000000 00:00 0 
7f3e30000000-7f3e30021000 rw-p 00000000 00:00 0 
7f3e30021000-7f3e34000000 ---p 00000000 00:00 0 
7f3e34000000-7f3e34024000 rw-p 00000000 00:00 0 
7f3e34024000-7f3e38000000 ---p 00000000 00:00 0 
7f3e38000000-7f3e38021000 rw-p 00000000 00:00 0 
7f3e38021000-7f3e3c000000 ---p 00000000 00:00 0 
7f3e3c000000-7f3e3c025000 rw-p 00000000 00:00 0 
7f3e3c025000-7f3e40000000 ---p 00000000 00:00 0 
7f3e44000000-7f3e44021000 rw-p 00000000 00:00 0 
7f3e44021000-7f3e48000000 ---p 00000000 00:00 0 
7f3e4807f000-7f3e48607000 rw-p 00000000 00:00 0 
7f3e48607000-7f3e4861d000 r-xp 00000000 08:01 6687524                    /usr/lib/jvm/java-8-oracle/jre/lib/amd64/libnet.so
7f3e4861d000-7f3e4881d000 ---p 00016000 08:01 6687524                    /usr/lib/jvm/java-8-oracle/jre/lib/amd64/libnet.so
7f3e4881d000-7f3e4881e000 rw-p 00016000 08:01 6687524                    /usr/lib/jvm/java-8-oracle/jre/lib/amd64/libnet.so
7f3e4881e000-7f3e4882f000 r-xp 00000000 08:01 6687558                    /usr/lib/jvm/java-8-oracle/jre/lib/amd64/libnio.so
7f3e4882f000-7f3e48a2e000 ---p 00011000 08:01 6687558                    /usr/lib/jvm/java-8-oracle/jre/lib/amd64/libnio.so
7f3e48a2e000-7f3e48a2f000 rw-p 00010000 08:01 6687558                    /usr/lib/jvm/java-8-oracle/jre/lib/amd64/libnio.so
7f3e48a2f000-7f3e48a30000 ---p 00000000 00:00 0 
7f3e48a30000-7f3e48b30000 rw-p 00000000 00:00 0 
7f3e48b30000-7f3e48b33000 ---p 00000000 00:00 0 
7f3e48b33000-7f3e48c31000 rw-p 00000000 00:00 0 
7f3e48c31000-7f3e48c34000 ---p 00000000 00:00 0 
7f3e48c34000-7f3e48d32000 rw-p 00000000 00:00 0 
7f3e48d32000-7f3e48d35000 ---p 00000000 00:00 0 
7f3e48d35000-7f3e48e33000 rw-p 00000000 00:00 0 
7f3e48e33000-7f3e48e36000 ---p 00000000 00:00 0 
7f3e48e36000-7f3e48f34000 rw-p 00000000 00:00 0 
7f3e48f34000-7f3e48f37000 ---p 00000000 00:00 0 
7f3e48f37000-7f3e49035000 rw-p 00000000 00:00 0 
7f3e49035000-7f3e4930e000 r--p 00000000 08:01 6426597                    /usr/lib/locale/locale-archive
7f3e4930e000-7f3e49311000 ---p 00000000 00:00 0 
7f3e49311000-7f3e4940f000 rw-p 00000000 00:00 0 
7f3e4940f000-7f3e49412000 ---p 00000000 00:00 0 
7f3e49412000-7f3e49510000 rw-p 00000000 00:00 0 
7f3e49510000-7f3e49511000 ---p 00000000 00:00 0 
7f3e49511000-7f3e4c000000 rw-p 00000000 00:00 0 
7f3e4c000000-7f3e4c021000 rw-p 00000000 00:00 0 
7f3e4c021000-7f3e50000000 ---p 00000000 00:00 0 
7f3e50017000-7f3e5025b000 rw-p 00000000 00:00 0 
7f3e5025b000-7f3e50434000 r--s 03d3e000 08:01 6569213                    /usr/lib/jvm/java-8-oracle/jre/lib/rt.jar
7f3e50434000-7f3e50874000 rw-p 00000000 00:00 0 
7f3e50874000-7f3e50c34000 ---p 00000000 00:00 0 
7f3e50c34000-7f3e50dfe000 rw-p 00000000 00:00 0 
7f3e50dfe000-7f3e50dff000 ---p 00000000 00:00 0 
7f3e50dff000-7f3e50eff000 rw-p 00000000 00:00 0 
7f3e50eff000-7f3e50f00000 ---p 00000000 00:00 0 
7f3e50f00000-7f3e51000000 rw-p 00000000 00:00 0 
7f3e51000000-7f3e51270000 rwxp 00000000 00:00 0 
7f3e51270000-7f3e60000000 ---p 00000000 00:00 0 
7f3e60000000-7f3e6012f000 rw-p 00000000 00:00 0 
7f3e6012f000-7f3e64000000 ---p 00000000 00:00 0 
7f3e64013000-7f3e640aa000 rw-p 00000000 00:00 0 
7f3e640aa000-7f3e640ab000 ---p 00000000 00:00 0 
7f3e640ab000-7f3e641ab000 rw-p 00000000 00:00 0 
7f3e641ab000-7f3e641ac000 ---p 00000000 00:00 0 
7f3e641ac000-7f3e64316000 rw-p 00000000 00:00 0 
7f3e64316000-7f3e643de000 ---p 00000000 00:00 0 
7f3e643de000-7f3e64448000 rw-p 00000000 00:00 0 
7f3e64448000-7f3e6450f000 ---p 00000000 00:00 0 
7f3e6450f000-7f3e6459c000 rw-p 00000000 00:00 0 
7f3e6459c000-7f3e645a8000 ---p 00000000 00:00 0 
7f3e645a8000-7f3e645b3000 rw-p 00000000 00:00 0 
7f3e645b3000-7f3e64969000 ---p 00000000 00:00 0 
7f3e64969000-7f3e64983000 r-xp 00000000 08:01 6687556                    /usr/lib/jvm/java-8-oracle/jre/lib/amd64/libzip.so
7f3e64983000-7f3e64b83000 ---p 0001a000 08:01 6687556                    /usr/lib/jvm/java-8-oracle/jre/lib/amd64/libzip.so
7f3e64b83000-7f3e64b84000 rw-p 0001a000 08:01 6687556                    /usr/lib/jvm/java-8-oracle/jre/lib/amd64/libzip.so
7f3e64b84000-7f3e64b8f000 r-xp 00000000 08:01 5382625                    /lib/x86_64-linux-gnu/libnss_files-2.23.so
7f3e64b8f000-7f3e64d8e000 ---p 0000b000 08:01 5382625                    /lib/x86_64-linux-gnu/libnss_files-2.23.so
7f3e64d8e000-7f3e64d8f000 r--p 0000a000 08:01 5382625                    /lib/x86_64-linux-gnu/libnss_files-2.23.so
7f3e64d8f000-7f3e64d90000 rw-p 0000b000 08:01 5382625                    /lib/x86_64-linux-gnu/libnss_files-2.23.so
7f3e64d90000-7f3e64d96000 rw-p 00000000 00:00 0 
7f3e64d96000-7f3e64da1000 r-xp 00000000 08:01 5382610                    /lib/x86_64-linux-gnu/libnss_nis-2.23.so
7f3e64da1000-7f3e64fa0000 ---p 0000b000 08:01 5382610                    /lib/x86_64-linux-gnu/libnss_nis-2.23.so
7f3e64fa0000-7f3e64fa1000 r--p 0000a000 08:01 5382610                    /lib/x86_64-linux-gnu/libnss_nis-2.23.so
7f3e64fa1000-7f3e64fa2000 rw-p 0000b000 08:01 5382610                    /lib/x86_64-linux-gnu/libnss_nis-2.23.so
7f3e64fa2000-7f3e64fb8000 r-xp 00000000 08:01 5382621                    /lib/x86_64-linux-gnu/libnsl-2.23.so
7f3e64fb8000-7f3e651b7000 ---p 00016000 08:01 5382621                    /lib/x86_64-linux-gnu/libnsl-2.23.so
7f3e651b7000-7f3e651b8000 r--p 00015000 08:01 5382621                    /lib/x86_64-linux-gnu/libnsl-2.23.so
7f3e651b8000-7f3e651b9000 rw-p 00016000 08:01 5382621                    /lib/x86_64-linux-gnu/libnsl-2.23.so
7f3e651b9000-7f3e651bb000 rw-p 00000000 00:00 0 
7f3e651bb000-7f3e651c3000 r-xp 00000000 08:01 5382622                    /lib/x86_64-linux-gnu/libnss_compat-2.23.so
7f3e651c3000-7f3e653c2000 ---p 00008000 08:01 5382622                    /lib/x86_64-linux-gnu/libnss_compat-2.23.so
7f3e653c2000-7f3e653c3000 r--p 00007000 08:01 5382622                    /lib/x86_64-linux-gnu/libnss_compat-2.23.so
7f3e653c3000-7f3e653c4000 rw-p 00008000 08:01 5382622                    /lib/x86_64-linux-gnu/libnss_compat-2.23.so
7f3e653c4000-7f3e653ef000 r-xp 00000000 08:01 6691629                    /usr/lib/jvm/java-8-oracle/jre/lib/amd64/libjava.so
7f3e653ef000-7f3e655ee000 ---p 0002b000 08:01 6691629                    /usr/lib/jvm/java-8-oracle/jre/lib/amd64/libjava.so
7f3e655ee000-7f3e655f0000 rw-p 0002a000 08:01 6691629                    /usr/lib/jvm/java-8-oracle/jre/lib/amd64/libjava.so
7f3e655f0000-7f3e655fd000 r-xp 00000000 08:01 6687525                    /usr/lib/jvm/java-8-oracle/jre/lib/amd64/libverify.so
7f3e655fd000-7f3e657fc000 ---p 0000d000 08:01 6687525                    /usr/lib/jvm/java-8-oracle/jre/lib/amd64/libverify.so
7f3e657fc000-7f3e657fe000 rw-p 0000c000 08:01 6687525                    /usr/lib/jvm/java-8-oracle/jre/lib/amd64/libverify.so
7f3e657fe000-7f3e65805000 r-xp 00000000 08:01 5382609                    /lib/x86_64-linux-gnu/librt-2.23.so
7f3e65805000-7f3e65a04000 ---p 00007000 08:01 5382609                    /lib/x86_64-linux-gnu/librt-2.23.so
7f3e65a04000-7f3e65a05000 r--p 00006000 08:01 5382609                    /lib/x86_64-linux-gnu/librt-2.23.so
7f3e65a05000-7f3e65a06000 rw-p 00007000 08:01 5382609                    /lib/x86_64-linux-gnu/librt-2.23.so
7f3e65a06000-7f3e65b0e000 r-xp 00000000 08:01 5382619                    /lib/x86_64-linux-gnu/libm-2.23.so
7f3e65b0e000-7f3e65d0d000 ---p 00108000 08:01 5382619                    /lib/x86_64-linux-gnu/libm-2.23.so
7f3e65d0d000-7f3e65d0e000 r--p 00107000 08:01 5382619                    /lib/x86_64-linux-gnu/libm-2.23.so
7f3e65d0e000-7f3e65d0f000 rw-p 00108000 08:01 5382619                    /lib/x86_64-linux-gnu/libm-2.23.so
7f3e65d0f000-7f3e669dd000 r-xp 00000000 08:01 6691633                    /usr/lib/jvm/java-8-oracle/jre/lib/amd64/server/libjvm.so
7f3e669dd000-7f3e66bdd000 ---p 00cce000 08:01 6691633                    /usr/lib/jvm/java-8-oracle/jre/lib/amd64/server/libjvm.so
7f3e66bdd000-7f3e66cb6000 rw-p 00cce000 08:01 6691633                    /usr/lib/jvm/java-8-oracle/jre/lib/amd64/server/libjvm.so
7f3e66cb6000-7f3e66d01000 rw-p 00000000 00:00 0 
7f3e66d01000-7f3e66ec0000 r-xp 00000000 08:01 5382614                    /lib/x86_64-linux-gnu/libc-2.23.so
7f3e66ec0000-7f3e670c0000 ---p 001bf000 08:01 5382614                    /lib/x86_64-linux-gnu/libc-2.23.so
7f3e670c0000-7f3e670c4000 r--p 001bf000 08:01 5382614                    /lib/x86_64-linux-gnu/libc-2.23.so
7f3e670c4000-7f3e670c6000 rw-p 001c3000 08:01 5382614                    /lib/x86_64-linux-gnu/libc-2.23.so
7f3e670c6000-7f3e670ca000 rw-p 00000000 00:00 0 
7f3e670ca000-7f3e670cd000 r-xp 00000000 08:01 5382613                    /lib/x86_64-linux-gnu/libdl-2.23.so
7f3e670cd000-7f3e672cc000 ---p 00003000 08:01 5382613                    /lib/x86_64-linux-gnu/libdl-2.23.so
7f3e672cc000-7f3e672cd000 r--p 00002000 08:01 5382613                    /lib/x86_64-linux-gnu/libdl-2.23.so
7f3e672cd000-7f3e672ce000 rw-p 00003000 08:01 5382613                    /lib/x86_64-linux-gnu/libdl-2.23.so
7f3e672ce000-7f3e672e3000 r-xp 00000000 08:01 6568257                    /usr/lib/jvm/java-8-oracle/lib/amd64/jli/libjli.so
7f3e672e3000-7f3e674e3000 ---p 00015000 08:01 6568257                    /usr/lib/jvm/java-8-oracle/lib/amd64/jli/libjli.so
7f3e674e3000-7f3e674e4000 rw-p 00015000 08:01 6568257                    /usr/lib/jvm/java-8-oracle/lib/amd64/jli/libjli.so
7f3e674e4000-7f3e674fc000 r-xp 00000000 08:01 5382620                    /lib/x86_64-linux-gnu/libpthread-2.23.so
7f3e674fc000-7f3e676fb000 ---p 00018000 08:01 5382620                    /lib/x86_64-linux-gnu/libpthread-2.23.so
7f3e676fb000-7f3e676fc000 r--p 00017000 08:01 5382620                    /lib/x86_64-linux-gnu/libpthread-2.23.so
7f3e676fc000-7f3e676fd000 rw-p 00018000 08:01 5382620                    /lib/x86_64-linux-gnu/libpthread-2.23.so
7f3e676fd000-7f3e67701000 rw-p 00000000 00:00 0 
7f3e67701000-7f3e67727000 r-xp 00000000 08:01 5382603                    /lib/x86_64-linux-gnu/ld-2.23.so
7f3e6772a000-7f3e677fc000 rw-p 00000000 00:00 0 
7f3e677fc000-7f3e677ff000 ---p 00000000 00:00 0 
7f3e677ff000-7f3e67901000 rw-p 00000000 00:00 0 
7f3e67908000-7f3e6791a000 rw-p 00000000 00:00 0 
7f3e6791a000-7f3e67922000 rw-s 00000000 08:01 6821175                    /tmp/hsperfdata_erik/14404
7f3e67922000-7f3e67923000 rw-p 00000000 00:00 0 
7f3e67923000-7f3e67924000 ---p 00000000 00:00 0 
7f3e67924000-7f3e67926000 rw-p 00000000 00:00 0 
7f3e67926000-7f3e67927000 r--p 00025000 08:01 5382603                    /lib/x86_64-linux-gnu/ld-2.23.so
7f3e67927000-7f3e67928000 rw-p 00026000 08:01 5382603                    /lib/x86_64-linux-gnu/ld-2.23.so
7f3e67928000-7f3e67929000 rw-p 00000000 00:00 0 
7ffd4db65000-7ffd4db86000 rw-p 00000000 00:00 0                          [stack]
7ffd4dbcc000-7ffd4dbce000 r--p 00000000 00:00 0                          [vvar]
7ffd4dbce000-7ffd4dbd0000 r-xp 00000000 00:00 0                          [vdso]
ffffffffff600000-ffffffffff601000 r-xp 00000000 00:00 0                  [vsyscall]

VM Arguments:
jvm_args: -Dfile.encoding=UTF-8 
java_command: hashcode2017.main3
java_class_path (initial): /home/erik/git/hashcode2017/bin
Launcher Type: SUN_STANDARD

Environment Variables:
JAVA_HOME=/usr/lib/jvm/java-8-oracle
PATH=/home/erik/bin:/home/erik/.local/bin:/usr/local/sbin:/usr/local/bin:/usr/sbin:/usr/bin:/sbin:/bin:/usr/games:/usr/local/games:/snap/bin:/usr/lib/jvm/java-8-oracle/bin:/usr/lib/jvm/java-8-oracle/db/bin:/usr/lib/jvm/java-8-oracle/jre/bin
SHELL=/bin/bash
DISPLAY=:0

Signal Handlers:
SIGSEGV: [libjvm.so+0xac78c0], sa_mask[0]=11111111011111111101111111111110, sa_flags=SA_RESTART|SA_SIGINFO
SIGBUS: [libjvm.so+0xac78c0], sa_mask[0]=11111111011111111101111111111110, sa_flags=SA_RESTART|SA_SIGINFO
SIGFPE: [libjvm.so+0x920ac0], sa_mask[0]=11111111011111111101111111111110, sa_flags=SA_RESTART|SA_SIGINFO
SIGPIPE: [libjvm.so+0x920ac0], sa_mask[0]=11111111011111111101111111111110, sa_flags=SA_RESTART|SA_SIGINFO
SIGXFSZ: [libjvm.so+0x920ac0], sa_mask[0]=11111111011111111101111111111110, sa_flags=SA_RESTART|SA_SIGINFO
SIGILL: [libjvm.so+0x920ac0], sa_mask[0]=11111111011111111101111111111110, sa_flags=SA_RESTART|SA_SIGINFO
SIGUSR1: SIG_DFL, sa_mask[0]=00000000000000000000000000000000, sa_flags=none
SIGUSR2: [libjvm.so+0x922300], sa_mask[0]=00100000000000000000000000000000, sa_flags=SA_RESTART|SA_SIGINFO
SIGHUP: [libjvm.so+0x923700], sa_mask[0]=11111111011111111101111111111110, sa_flags=SA_RESTART|SA_SIGINFO
SIGINT: [libjvm.so+0x923700], sa_mask[0]=11111111011111111101111111111110, sa_flags=SA_RESTART|SA_SIGINFO
SIGTERM: [libjvm.so+0x923700], sa_mask[0]=11111111011111111101111111111110, sa_flags=SA_RESTART|SA_SIGINFO
SIGQUIT: [libjvm.so+0x923700], sa_mask[0]=11111111011111111101111111111110, sa_flags=SA_RESTART|SA_SIGINFO


---------------  S Y S T E M  ---------------

OS:DISTRIB_ID=Ubuntu
DISTRIB_RELEASE=16.04
DISTRIB_CODENAME=xenial
DISTRIB_DESCRIPTION="Ubuntu 16.04.1 LTS"

uname:Linux 4.4.0-64-generic #85-Ubuntu SMP Mon Feb 20 11:50:30 UTC 2017 x86_64
libc:glibc 2.23 NPTL 2.23 
rlimit: STACK 8192k, CORE 0k, NPROC 14497, NOFILE 65536, AS infinity
load average:4,94 2,65 1,70

/proc/meminfo:
MemTotal:        3751684 kB
MemFree:           86760 kB
MemAvailable:          0 kB
Buffers:             832 kB
Cached:           213276 kB
SwapCached:         3468 kB
Active:          2572588 kB
Inactive:         889096 kB
Active(anon):    2559900 kB
Inactive(anon):   875624 kB
Active(file):      12688 kB
Inactive(file):    13472 kB
Unevictable:         512 kB
Mlocked:             512 kB
SwapTotal:       3894268 kB
SwapFree:              4 kB
Dirty:                96 kB
Writeback:             0 kB
AnonPages:       3247112 kB
Mapped:            28784 kB
Shmem:            186552 kB
Slab:              78476 kB
SReclaimable:      34272 kB
SUnreclaim:        44204 kB
KernelStack:       11456 kB
PageTables:        67104 kB
NFS_Unstable:          0 kB
Bounce:                0 kB
WritebackTmp:          0 kB
CommitLimit:     5770108 kB
Committed_AS:    9292820 kB
VmallocTotal:   34359738367 kB
VmallocUsed:           0 kB
VmallocChunk:          0 kB
HardwareCorrupted:     0 kB
AnonHugePages:    757760 kB
CmaTotal:              0 kB
CmaFree:               0 kB
HugePages_Total:       0
HugePages_Free:        0
HugePages_Rsvd:        0
HugePages_Surp:        0
Hugepagesize:       2048 kB
DirectMap4k:      174868 kB
DirectMap2M:     3721216 kB
DirectMap1G:           0 kB


CPU:total 4 (2 cores per cpu, 2 threads per core) family 6 model 61 stepping 4, cmov, cx8, fxsr, mmx, sse, sse2, sse3, ssse3, sse4.1, sse4.2, popcnt, avx, avx2, aes, clmul, erms, 3dnowpref, lzcnt, ht, tsc, tscinvbit, bmi1, bmi2, adx

/proc/cpuinfo:
processor	: 0
vendor_id	: GenuineIntel
cpu family	: 6
model		: 61
model name	: Intel(R) Core(TM) i5-5200U CPU @ 2.20GHz
stepping	: 4
microcode	: 0x22
cpu MHz		: 2499.921
cache size	: 3072 KB
physical id	: 0
siblings	: 4
core id		: 0
cpu cores	: 2
apicid		: 0
initial apicid	: 0
fpu		: yes
fpu_exception	: yes
cpuid level	: 20
wp		: yes
flags		: fpu vme de pse tsc msr pae mce cx8 apic sep mtrr pge mca cmov pat pse36 clflush dts acpi mmx fxsr sse sse2 ss ht tm pbe syscall nx pdpe1gb rdtscp lm constant_tsc arch_perfmon pebs bts rep_good nopl xtopology nonstop_tsc aperfmperf eagerfpu pni pclmulqdq dtes64 monitor ds_cpl vmx est tm2 ssse3 sdbg fma cx16 xtpr pdcm pcid sse4_1 sse4_2 x2apic movbe popcnt tsc_deadline_timer aes xsave avx f16c rdrand lahf_lm abm 3dnowprefetch epb intel_pt tpr_shadow vnmi flexpriority ept vpid fsgsbase tsc_adjust bmi1 avx2 smep bmi2 erms invpcid rdseed adx smap xsaveopt dtherm ida arat pln pts
bugs		:
bogomips	: 4389.86
clflush size	: 64
cache_alignment	: 64
address sizes	: 39 bits physical, 48 bits virtual
power management:

processor	: 1
vendor_id	: GenuineIntel
cpu family	: 6
model		: 61
model name	: Intel(R) Core(TM) i5-5200U CPU @ 2.20GHz
stepping	: 4
microcode	: 0x22
cpu MHz		: 2500.007
cache size	: 3072 KB
physical id	: 0
siblings	: 4
core id		: 0
cpu cores	: 2
apicid		: 1
initial apicid	: 1
fpu		: yes
fpu_exception	: yes
cpuid level	: 20
wp		: yes
flags		: fpu vme de pse tsc msr pae mce cx8 apic sep mtrr pge mca cmov pat pse36 clflush dts acpi mmx fxsr sse sse2 ss ht tm pbe syscall nx pdpe1gb rdtscp lm constant_tsc arch_perfmon pebs bts rep_good nopl xtopology nonstop_tsc aperfmperf eagerfpu pni pclmulqdq dtes64 monitor ds_cpl vmx est tm2 ssse3 sdbg fma cx16 xtpr pdcm pcid sse4_1 sse4_2 x2apic movbe popcnt tsc_deadline_timer aes xsave avx f16c rdrand lahf_lm abm 3dnowprefetch epb intel_pt tpr_shadow vnmi flexpriority ept vpid fsgsbase tsc_adjust bmi1 avx2 smep bmi2 erms invpcid rdseed adx smap xsaveopt dtherm ida arat pln pts
bugs		:
bogomips	: 4389.86
clflush size	: 64
cache_alignment	: 64
address sizes	: 39 bits physical, 48 bits virtual
power management:

processor	: 2
vendor_id	: GenuineIntel
cpu family	: 6
model		: 61
model name	: Intel(R) Core(TM) i5-5200U CPU @ 2.20GHz
stepping	: 4
microcode	: 0x22
cpu MHz		: 2500.007
cache size	: 3072 KB
physical id	: 0
siblings	: 4
core id		: 1
cpu cores	: 2
apicid		: 2
initial apicid	: 2
fpu		: yes
fpu_exception	: yes
cpuid level	: 20
wp		: yes
flags		: fpu vme de pse tsc msr pae mce cx8 apic sep mtrr pge mca cmov pat pse36 clflush dts acpi mmx fxsr sse sse2 ss ht tm pbe syscall nx pdpe1gb rdtscp lm constant_tsc arch_perfmon pebs bts rep_good nopl xtopology nonstop_tsc aperfmperf eagerfpu pni pclmulqdq dtes64 monitor ds_cpl vmx est tm2 ssse3 sdbg fma cx16 xtpr pdcm pcid sse4_1 sse4_2 x2apic movbe popcnt tsc_deadline_timer aes xsave avx f16c rdrand lahf_lm abm 3dnowprefetch epb intel_pt tpr_shadow vnmi flexpriority ept vpid fsgsbase tsc_adjust bmi1 avx2 smep bmi2 erms invpcid rdseed adx smap xsaveopt dtherm ida arat pln pts
bugs		:
bogomips	: 4389.86
clflush size	: 64
cache_alignment	: 64
address sizes	: 39 bits physical, 48 bits virtual
power management:

processor	: 3
vendor_id	: GenuineIntel
cpu family	: 6
model		: 61
model name	: Intel(R) Core(TM) i5-5200U CPU @ 2.20GHz
stepping	: 4
microcode	: 0x22
cpu MHz		: 2499.921
cache size	: 3072 KB
physical id	: 0
siblings	: 4
core id		: 1
cpu cores	: 2
apicid		: 3
initial apicid	: 3
fpu		: yes
fpu_exception	: yes
cpuid level	: 20
wp		: yes
flags		: fpu vme de pse tsc msr pae mce cx8 apic sep mtrr pge mca cmov pat pse36 clflush dts acpi mmx fxsr sse sse2 ss ht tm pbe syscall nx pdpe1gb rdtscp lm constant_tsc arch_perfmon pebs bts rep_good nopl xtopology nonstop_tsc aperfmperf eagerfpu pni pclmulqdq dtes64 monitor ds_cpl vmx est tm2 ssse3 sdbg fma cx16 xtpr pdcm pcid sse4_1 sse4_2 x2apic movbe popcnt tsc_deadline_timer aes xsave avx f16c rdrand lahf_lm abm 3dnowprefetch epb intel_pt tpr_shadow vnmi flexpriority ept vpid fsgsbase tsc_adjust bmi1 avx2 smep bmi2 erms invpcid rdseed adx smap xsaveopt dtherm ida arat pln pts
bugs		:
bogomips	: 4389.86
clflush size	: 64
cache_alignment	: 64
address sizes	: 39 bits physical, 48 bits virtual
power management:



Memory: 4k page, physical 3751684k(86760k free), swap 3894268k(16k free)

vm_info: Java HotSpot(TM) 64-Bit Server VM (25.121-b13) for linux-amd64 JRE (1.8.0_121-b13), built on Dec 12 2016 16:36:53 by "java_re" with gcc 4.3.0 20080428 (Red Hat 4.3.0-8)

time: Mon Mar  6 15:26:30 2017
elapsed time: 5 seconds (0d 0h 0m 5s)

