500
0 5715 2962 2240 2 935 1668 9968 3894 321 9007 8994 79 2555 7949 5962 2288 7652 7153 3074 5412 3982 7762 3032 4346
1 79 2962 2240 2 321 5715 1668 935 8994 9968 7762 9007 6613 2555 3894 3012 2288 7153 7949 7652 3074 5412 427 4346
2 2962 2240 2 9968 5715 935 3894 321 1668 79 2555 8994 6613 9007 7762 6938 7652 3936 5962 2288 9533 3012 5412 7153 3103
3 79 2240 2962 935 2 8994 321 3894 6613 9968 5715 6938 7153 2288 9007 1668 2555 7762 427 7949 3936 9533 2180
4 2240 5715 2962 321 1668 2 8994 79 9007 9968 935 2555 2288 7949 3894 427 7153 3012 6938 3982 5962 7652
5 79 2 1668 5715 2962 321 9968 935 2240 3894 9007 7762 8994 6613 2555 6938 7153 427 8125 3074 7652 4346
6 2962 5715 2240 79 2 9968 2555 935 321 3894 8994 1668 6613 7949 9007 427 7762 2288 3074 7652 5962 7153 3012 4346
7 5715 321 2962 2240 9968 1668 935 79 2 8994 6613 3894 2555 9007 7762 2288 3936 7153 5962 6938 7949 3012
8 79 2240 321 2962 8994 2 1668 5715 935 9968 3894 2555 9007 6613 7949 7153 8125 2288 7652 3936 3074 3032 4346
9 79 2240 2962 2 5715 935 9968 9007 321 3894 6613 7153 1668 8994 2555 7762 7652 3012 7949 5412 3982 5962
10 2240 2 2962 79 1668 9968 3894 321 9007 6613 5715 935 2555 6938 7949 7762 8994 3074 5962 8125 7652 4199 4346
11 2240 2962 2 79 321 3894 935 9968 8994 1668 5715 6613 9007 7153 2555 6938 7949 3936 3012 7762 2288 7652 9533 5122
12 2240 2962 79 5715 321 935 9968 2555 2 7762 2288 8994 3894 9007 3936 7652 3012 7153 7949 1668 3982 6613 8235 4346
13 2 2962 5715 2240 935 3894 8994 79 9968 1668 7762 2555 3012 2288 9007 6613 7153 321 6938 5412 7652 5962 427 238
14 5715 2 79 935 2240 2962 6613 1668 9007 3894 321 2555 7153 7949 9968 8994 6938 427 2288 5962 7762 3074 3012 9533
15 2240 5715 79 321 2962 2 935 9968 3894 9007 8994 1668 7949 2288 6938 7153 427 3936 3074 2555 979
16 2962 79 2 5715 2240 321 1668 9968 2555 3894 935 8994 9007 3012 6613 7652 427 3936 7762 2288 7949 5962 7153 3074 4346 4236
17 79 2962 2240 321 2 9968 935 3894 8994 9007 2555 6613 6938 5715 7153 3936 2288 7762 3012 3074 8125 979 4346 7678 1856
18 2240 2962 9968 5715 79 935 2 1668 8994 9007 6613 3894 2288 3074 7153 321 3982 8125 6938 7762 3012 3944
19 2240 2962 5715 2 321 79 1668 9968 7762 3894 935 9007 6613 2555 7153 8994 3936 3074 7949 2288 5962 427 5412 3103 4346
20 2240 2 2962 5715 79 935 9968 3894 8994 9007 2555 6613 7762 6938 1668 2288 7949 7652 5412 321 7699 979 7153 4346
21 2240 2962 1668 5715 2 79 935 8994 9968 9007 7949 6613 3894 2288 2555 5962 7762 7153 6938 3074 9244 8406
22 2240 2962 79 1668 935 2 321 8994 3894 5715 9968 9007 6613 3074 3012 5412 3936 427 6938 7699 979 2288 9533 1649
23 2240 2 2962 5715 79 321 3894 1668 935 6613 9968 7153 6938 9007 3936 2555 7762 8125 8994 2288 3012 9533 1856
24 2240 2962 2 79 5715 321 9968 935 1668 3894 7762 9007 6613 8994 2288 2555 7949 7153 3982 5962 3012 3936 3103 4346 2400
25 2962 79 2240 5715 9968 1668 2 935 3894 2555 321 7762 8994 9007 3074 7949 2288 3936 7153 5962 6613 6938
26 2240 2962 79 2 321 9968 5715 935 6613 1668 3894 9007 8994 7762 7153 2555 3936 3012 3074 2288 3982 4346
27 2240 2962 2 5715 9968 79 1668 2555 3894 8994 3012 427 935 6613 9007 7153 5412 3074 6938 7762 2288 5962 321 8406
28 2240 2962 2 79 9968 321 8994 5715 1668 3894 935 6613 7949 6938 9007 7153 2288 2555 427 5962 3602 4346
29 79 2 2962 5715 2240 935 9968 8994 6613 321 3894 2555 1668 9007 7762 7153 7652 3074 3012 5962 3936 2288 6938 9607 5847
30 79 2962 2 9968 2240 935 6613 5715 3894 1668 9007 321 3936 2555 427 7949 2288 8994 9533 6938 7762 3982 3074 7153 4346
31 79 2240 2 2962 321 9968 8994 1668 5715 3894 935 9007 6613 2555 7949 427 7762 3074 3012 2288 7652 5412 3936 9533 5095
32 2962 2240 5715 935 9968 3894 2 1668 321 79 8994 6613 2555 7153 3012 7762 2288 7652 9007 3982 8125 9244 4967
33 2 2240 79 2962 321 9968 1668 5715 3894 8994 2555 9007 935 6613 6938 7949 7762 2288 7153 3074 427 3936
34 2962 79 5715 935 321 9968 2 2240 1668 3894 8994 9007 6613 3074 7153 3012 2555 5962 7762 5412 2288 8125 3936 4346
35 2962 79 2240 9968 5715 321 2 1668 8994 935 2555 3894 6613 3074 427 7762 3936 3982 7153 7949 5962 5219
36 79 2962 2240 5715 9968 2 3894 935 9007 8994 1668 2555 7762 3012 7652 427 6613 321 5962 8125 3982 7153 4199 4346 3938
37 2240 2962 79 2 5715 9968 321 935 9007 3894 1668 8994 7762 2288 3074 7153 427 2555 3936 7949 6938 5962 1856 4346
38 2962 2240 2 5715 79 9968 935 8994 9007 1668 2555 321 6613 7762 3074 3894 5412 6938 7949 5962 3936 427 3032
39 2240 2 2962 5715 79 1668 321 935 9968 2555 8994 6938 9007 6613 3894 5962 3012 7153 7949 3936 3074 2288 7762 5412 9467 4346
40 2240 5715 2962 2 79 321 1668 935 2555 6613 7153 9968 3894 9007 8994 3012 6938 427 2288 3936 3074 5784
41 2962 2240 5715 2 79 9968 935 3894 2555 321 8994 7153 1668 7949 6938 6613 3012 2288 7762 3074 9007 2409
42 2240 2962 2 9968 5715 79 1668 2555 8994 3936 6613 3894 7762 935 7949 321 7652 9007 6938 979 6258 7153 3237
43 2240 2 2962 935 3894 9968 1668 321 8994 79 6613 5715 2555 9007 3936 2288 7949 7153 5412 427 7652 8125 7762 7511
44 2240 2962 79 2 9968 935 8994 3894 321 1668 5715 6613 7762 2555 2288 7153 7652 8125 9007 3074 427 1328
45 2 2240 2962 1668 321 5715 9968 79 935 9007 8994 3894 3012 427 2555 2288 7949 6613 7762 6938 3936 3074 8125 5088
46 2240 2962 5715 2 79 935 9968 8994 1668 321 6613 2555 7762 3894 7153 427 2288 6938 5412 5962 3936 9007 3032 4346
47 79 2962 2240 935 5715 9968 321 9007 6613 2 8994 3894 7762 2288 3012 2555 7652 1668 6938 3074 7153 8125 7949 3982 5412 427 9545 7898
48 2240 79 2962 2 5715 321 9968 8994 935 1668 3894 2288 3074 9007 2555 5412 8125 5962 6938 427 7949 3012 4236
49 2962 79 2 2240 5715 935 9968 8994 321 3894 2555 7153 1668 2288 6613 9244 8125 5962 7949 9007 7652 3074 4346 3237
50 2240 2962 79 5715 2 9968 321 2555 8994 6613 3894 935 9007 1668 3012 2288 3074 9244 3936 7949 5412 3982 5962
51 2240 2 321 79 2962 9968 6613 935 2555 3894 5715 7153 1668 9007 8994 427 7762 7949 5962 3074 6938 2288 5095
52 2240 2962 79 9968 2 1668 5715 935 8994 6938 2555 321 6613 7762 3894 7949 9244 9007 427 7699 5962 5095
53 5715 2962 2240 79 2 9968 935 321 6613 9007 1668 7949 3894 2555 8994 7762 3936 3012 2288 3074 7699 7153 4346
54 2240 2962 321 935 2 5715 79 3894 9968 1668 7949 8994 7153 2555 7652 427 2288 3012 5412 7762 3936 3074 5962 5340 5318
55 2240 5715 79 2 321 935 2962 6613 9968 3894 1668 8994 9007 2555 7762 6938 3936 7153 2288 5412 7652 9244 7517
56 79 2 2962 321 5715 2240 8994 9007 1668 9968 6613 935 7153 3074 3936 2555 3894 7949 5962 7762 3982 1856
57 2240 2962 79 2 5715 3894 9968 8994 321 935 6938 6613 1668 9007 427 2555 3012 2288 7652 8125 7949 7762 2986
58 2240 2962 321 79 8994 9968 2 5715 935 7949 2555 6613 3894 427 1668 6938 7762 7153 3936 9007 2288 3982 3074 9533 7652 1446
59 2962 5715 2240 2 79 8994 935 9007 1668 9968 2555 6613 3894 7949 3074 5962 3936 6938 7652 7762 7153 2288 3982
60 2240 2 935 2962 321 79 9968 1668 5715 3894 2555 8994 3074 7762 6613 7949 5412 3012 9007 5962 7652 2288 7153 427
61 2240 2962 5715 2 79 9968 321 1668 9007 8994 935 2555 6613 7762 7153 2288 5962 3074 8125 3982 5412 7652 4346
62 2 2962 2240 5715 935 79 321 9968 9007 3894 7762 2555 7949 1668 7153 3074 6938 8994 7652 2288 3012 7699 427 4346 853
63 79 5715 2240 9968 2 2962 321 6613 935 2555 8994 6938 1668 9007 7949 7153 5962 2288 3894 3936 3074 427 7762 4346
64 2240 79 2962 2 5715 1668 8994 9968 321 3894 935 6613 9007 3936 2555 2288 7153 7949 427 3982 6938 7762 3012 4346
65 2 79 2962 5715 9968 2240 1668 321 8994 935 9007 3894 2555 7762 3074 6938 2288 7153 5962 8125 3936 6613 427 9533
66 79 2240 2962 2 321 5715 1668 9968 935 8994 2555 3894 6613 3074 7153 7949 6938 9007 3982 2288 3012 4346
67 2240 2962 2 5715 321 935 79 1668 3894 9968 8994 6613 9007 7762 7153 2555 6938 2288 3074 5412 427 3012 5122
68 2240 79 2962 2 1668 5715 8994 6613 2555 7153 321 7949 3894 9007 935 9968 2288 427 3936 3012 7762 7652 3982 5122
69 2240 2962 5715 321 79 2 8994 9968 935 3894 7153 1668 2555 3936 6613 2288 7762 8125 7949 3074 9007 427
70 2240 2 79 2962 935 5715 9968 8994 3894 321 1668 3936 9007 7153 2288 2555 7949 7762 7652 6613 6938 5962 4346 6128
71 2240 79 2962 1668 2 321 5715 8994 935 2555 9968 3894 7762 7949 9007 6613 3012 5962 2288 6938 7153 3936 3232 4346 1856
72 2962 2240 79 5715 2 9968 321 3894 1668 935 8994 3074 6938 7949 6613 3936 2555 5412 5962 2288 427 3012
73 2240 2962 2 321 9968 79 5715 935 8994 1668 3894 9007 2555 6938 6613 7949 7762 3074 7153 3936 7652 9533 8221
74 2240 2962 321 2 5715 9968 935 79 2555 3894 8994 3012 7153 3074 6938 9007 1668 2288 427 3982 6613 7762 5962 4346
75 2240 79 2962 5715 1668 9968 321 2 935 8994 3894 6938 6613 9007 2555 2288 7949 3012 7762 7153 427 8406 3517
76 2962 2 79 2240 321 935 2555 6613 3894 5715 1668 8994 9968 7762 9007 3074 7949 2288 7153 427 5962 3982 9545
77 79 2240 2962 2 5715 1668 935 321 9968 3894 2555 8994 9007 7949 6613 6938 2288 7762 7652 5962 4346
78 2240 2962 2 5715 79 321 9968 935 1668 3894 7153 7949 6613 8994 3936 8125 3012 2555 9007 7762 2288 6938 3103 9607
79 2240 79 2962 5715 2 935 321 9968 8994 1668 3894 7949 3074 3012 6938 2288 9007 7153 6613 7699 8406 6128 5585
80 2962 2240 2 79 321 9968 3894 935 1668 8994 6613 7949 9007 5715 2288 3012 3982 3074 2555 8125 7762 5412 3103 4346
81 2240 79 321 2962 2 9968 5715 3894 935 7153 7762 2555 6613 7949 3936 3012 9007 8994 3074 7652 1774 4346
82 2240 79 2962 321 2 9968 3894 9007 5715 935 7949 8994 6613 3074 7762 8125 1668 7153 5412 3936 2555 6692 4346
83 2962 2240 79 2 5715 9968 935 321 3894 1668 8994 2288 7153 9007 6613 2555 7762 3012 7949 5962 3074 4346
84 2962 2240 79 2 9968 5715 8994 321 1668 9007 2555 3894 6613 2288 7949 935 7153 3074 6938 427 3012 5962 7652 4346
85 79 2240 5715 2962 321 1668 9968 935 2 8994 2555 9007 2288 7762 6613 3894 7949 3936 427 3074 6938 4346
86 2240 2962 321 2 79 5715 3894 9968 935 1668 8994 2555 3012 7949 7153 6613 5412 3936 2288 3074 9244 7652 6938 1856
87 2962 79 5715 2 9968 1668 8994 935 2555 9007 7762 2240 6613 2288 6938 3894 321 5962 7153 3936 9244 5412
88 2962 2240 79 2 9968 321 3894 2555 935 8994 1668 9007 3012 7762 5715 6613 6938 3936 5962 7153 3074 2288 9533 7932
89 79 2240 2 321 2962 935 5715 9968 6613 7949 1668 9007 2555 7153 3894 7762 5412 3074 2288 3012 8125 9545
90 2962 2240 79 2 9968 5715 935 3894 321 6613 9007 1668 7949 3936 6938 2555 8994 427 7652 7762 3012 9533 3032
91 2240 2962 2 5715 1668 79 8994 3894 9968 2555 935 321 6613 9007 6938 427 7762 3012 2288 7652 5962 7153 4176 9607
92 2240 2962 2 5715 321 9968 79 3894 935 1668 2555 6613 8994 6938 7762 7949 3936 9007 3012 7153 427 7652 5962
93 2240 2 321 2962 79 9968 5715 935 1668 8994 9007 3894 2288 2555 7762 8125 6938 3074 6613 3936 2643 3012 5412
94 2962 321 2240 2 79 5715 9007 935 9968 8994 1668 3894 2555 3012 6613 3074 3936 7652 7153 8125 5962 7949 6938 2288
95 2240 2962 79 2 321 5715 9968 3894 6613 1668 2555 7153 7949 935 8125 7762 2288 8994 5412 3936 3074 3232 3367
96 2240 2962 2 9968 5715 1668 8994 79 321 935 3894 7762 9007 2288 2555 7949 6938 6613 3936 7652 427 3074 8125 4176
97 2240 5715 79 2962 2 321 9968 1668 935 3894 6613 7949 7762 7153 2555 8994 3012 6938 9007 427 9244 7652
98 2240 2962 5715 1668 935 2 9968 321 2555 3894 79 9007 6613 7949 2288 8994 3936 5962 3012 3074 5412 7762 979
99 79 2240 2962 2 1668 935 5715 9968 3894 8994 6613 9007 3074 7762 7949 3012 7153 2555 5412 321 7652 9205
100 2240 2962 79 5715 1668 9968 935 321 2555 2 8994 7762 3074 6613 6938 9007 3894 7949 3982 7699 2288 3936 427 3012
101 79 2240 2962 5715 935 9968 2 321 2555 9007 8994 7762 1668 8125 3894 7949 7153 3074 6613 5962 7652 3012 6938 2643
102 2240 5715 2962 2 79 9968 8994 321 3894 9007 935 1668 2288 6938 7153 7762 427 7949 8125 3074 2555 3144
103 2240 2962 79 9968 2 321 5715 1668 935 2555 8994 3936 9007 3894 7762 7949 2288 6938 427 5412 3074 9533 7153 6613 8919
104 2240 79 321 2962 5715 9968 2 935 8994 2555 2288 7762 1668 9007 427 7153 6613 3894 3074 5962 8125 6938
105 2240 2962 321 2 1668 79 8994 935 9968 3012 5715 3894 2288 427 9007 7762 6938 7949 2555 6613 7153 8406 3276
106 2240 79 2962 5715 2 8994 3894 321 935 6613 9007 9968 2288 3012 6938 2555 1668 7652 427 7949 3936 5412 3074 4346 6463
107 2962 2 79 2240 9968 5715 1668 321 3894 6613 935 2555 8994 3012 9007 2288 7762 5962 7949 6938 7652 9533
108 2240 2962 9968 321 5715 79 9007 2 935 8994 2555 3936 3894 6613 6938 7762 427 3074 3012 7153 1668 8125 9533 2288 5095
109 79 2 2962 2240 5715 935 321 9968 8994 1668 3894 9007 7949 6938 2288 3936 3074 5962 7153 6613 7652 427 7280
110 2240 2962 2 79 321 8994 5715 3894 9007 935 7949 6938 7762 1668 9968 6613 3012 3074 3936 2555 7153 2288 7699 4346 4236
111 2240 2962 5715 321 2 9968 79 1668 2555 935 8994 9007 3012 3936 6613 2288 6938 7949 3894 7153 5962 9533 2347
112 2240 2962 2 5715 79 1668 9007 9968 935 8994 2555 321 6938 7153 2288 3894 7949 3012 7762 6613 5962 3936 9533
113 2962 2240 2 321 79 935 1668 9968 2555 3894 5715 7949 427 7652 6613 3074 7153 2288 9007 9244 6938 5962 8994
114 79 2962 2 321 6613 935 1668 2555 9007 5715 8994 3894 9968 2240 2288 3936 5412 3074 5962 7762 427 7153 6938 9607
115 2240 2962 5715 2 321 9968 1668 935 6613 79 8994 9007 2555 7949 3894 7762 2288 8125 7153 5962 8062
116 2962 2240 935 79 2 5715 1668 8994 3894 9968 7153 9007 6613 427 6938 2288 3012 2555 979 7949 3074 5412 5962
117 2962 2 935 321 79 5715 8994 3894 2555 2240 1668 9968 9007 7949 3012 5962 6613 2288 3936 7153 7762 3074 9533
118 2240 2962 2 5715 3894 79 9968 935 321 1668 6613 2555 3012 9007 8994 2288 6938 427 3074 5962 3936 7153 8406
119 2240 2962 2 79 935 9968 1668 321 8994 6613 3894 2555 7153 7762 3074 5962 3936 7949 2288 5715 9244 9007
120 5715 2962 2 2240 935 79 9968 8994 321 1668 3894 2555 7762 6613 7153 9007 7949 3074 3936 5962 6938 427 2288
121 5715 2240 2 79 321 2962 9968 935 1668 8994 3894 7153 2555 2288 427 5962 3074 6938 7949 7762 6613 1856
122 2240 79 2 2962 321 5715 9968 1668 2555 8994 6613 3012 3894 935 9007 7153 2288 5962 3074 3936 6938 9533 6692 4346
123 2240 2962 2 79 5715 321 9968 1668 935 8994 2555 3894 9007 7153 6938 3074 6613 3012 3936 427 5962
124 2240 2962 9968 5715 79 321 1668 935 8994 9007 2555 2288 6613 2 3074 3894 7652 7762 3936 5412 7153 6938 2643 4346 5122
125 2240 79 2962 2 5715 935 1668 3894 3012 9007 9968 321 2555 7153 8994 3936 7652 5412 3074 6938 6613 3982 5962 9533
126 2240 2962 79 321 2 9007 8994 9968 1668 935 5715 7153 3074 6613 3894 7762 3936 2288 7652 2555 5412 427 3237
127 2240 79 2962 2 6613 321 9968 1668 5715 935 2555 3012 8994 3894 9007 7949 7153 5962 9244 7762 6938 8235 4346
128 2962 2240 2 321 5715 9968 935 79 1668 2555 8994 3894 7153 6613 7949 6938 7762 9007 9244 5412 2288
129 79 5715 2962 2 9968 9007 2240 2555 935 6613 1668 321 8994 3012 6938 7949 3074 3894 7153 5412 7762 2288 3982 3103 4346
130 2962 2240 79 321 1668 2 5715 935 9968 2555 8994 6613 3894 9007 7153 7652 3074 7762 3012 3936 7949 5962 4765
131 2240 2962 935 9968 79 5715 2 8994 9007 3894 7762 2555 2288 321 7153 3074 8125 3936 6613 5412 7652 6938 4176
132 2240 2 79 2962 321 9968 5715 3894 8994 935 1668 9007 7949 2555 2288 7153 6613 7762 6938 3936 427 3074 742
133 79 2962 2240 5715 2 8994 935 3894 1668 321 2555 9968 9007 2288 6613 7762 3074 3936 7652 427 8125 6635 7222
134 2240 2962 79 5715 321 2 8994 9968 935 3894 9007 1668 2288 2555 3012 427 6613 7949 7652 3074 3936 4346
135 2240 321 79 5715 2962 8994 2 9007 1668 935 9968 7949 3012 2288 6613 3894 7762 3074 6938 427 3936 8125 9533
136 2962 79 2240 2 6613 321 8994 935 9968 9007 2555 5715 3894 6938 2288 427 7949 7153 3012 7762 7652 5412 9244 1668
137 2240 2962 79 5715 321 2 935 3894 9968 9007 1668 8994 6613 2555 2288 7949 6938 427 5412 7153 5962 7652 9533 4346
138 2962 2240 2 79 5715 9968 3894 935 321 3074 8994 6613 6938 9007 2555 1668 2288 5412 3982 5962 3012 3936 7762 3232
139 2240 2962 79 2 935 9968 321 9007 8994 5715 3894 1668 2288 6613 3936 7762 427 7949 3074 7652 3012 6938 2555 7153 4346
140 2240 79 2962 321 2 5715 935 1668 9968 2555 8994 3894 7762 9007 6613 7949 6938 3936 427 2288 8125 5962 7699 2943 4878
141 2962 79 2240 5715 2 9968 935 321 9007 3894 3074 6613 7762 7949 2555 2288 1668 7153 3936 427 3012 8994 7652 6938 8062
142 2240 2962 2 79 5715 321 935 3894 9968 9007 6938 1668 427 2288 3012 2555 7762 6613 7949 7153 7652 8994 9244 5412 4346 8694
143 2240 79 2962 5715 321 9968 2 935 9007 6613 2288 8994 1668 3894 2555 6938 7949 3074 8125 3936 427 7153
144 2 2240 5715 321 935 2962 1668 79 2555 9968 8994 7153 6613 7762 3894 9007 427 3936 7949 2288 3012 5962 4346
145 2240 2962 79 5715 2 9968 935 321 6613 8994 7949 9007 2288 2555 1668 3894 6938 427 7153 3936 7762 3012 9533 4346
146 2240 2962 935 2 9007 5715 7153 8994 2555 3074 3894 7762 79 1668 9968 321 3012 6613 5412 7949 6938 8125 2288 3936 427 5962 4346
147 2240 2962 9968 2 79 5715 935 3894 321 8994 2555 6613 9007 1668 7153 7949 7762 5962 2288 3936 6938 9533 7280
148 2240 2962 2 79 321 5715 935 8994 3894 9968 9007 1668 2288 2555 3936 6613 7153 427 7762 5962 6938 9205 4346 1856
149 2962 2240 79 2 9968 321 5715 935 8994 6613 7762 9007 2555 1668 7949 3894 2288 3074 7153 8125 979 5412 7652 4346 8692
150 2 2962 79 2240 935 5715 3894 9968 9007 8994 321 6613 1668 2555 3074 7153 7949 6938 2288 5962 8125 8406 4346
151 79 2962 2240 2 321 1668 935 5715 8994 7153 2555 9968 6613 3894 2288 7949 7762 3074 9007 3936 427 4346 5238
152 2240 2962 79 321 5715 935 6613 2555 1668 2 9968 9007 8994 2288 3936 3894 5962 7949 6938 7153 7762 7652 3012
153 5715 79 2962 2 2240 9968 321 935 3894 8994 6613 6938 7153 2288 1668 3012 7762 3936 2555 427 7949 3074 9007 3103 4346 3237
154 2962 2240 321 79 5715 935 9968 2 1668 8994 2288 427 3894 7762 2555 3012 3074 9007 7949 7652 5412 3936 6938 4346
155 79 2 2962 2240 1668 5715 935 3894 321 8994 6613 2555 9968 7949 3936 9007 2288 6938 3012 9244 427 7652 4346
156 2240 5715 79 2962 935 321 2 1668 9968 6613 8994 2555 9007 7762 7949 7652 6938 3894 5412 2288 8125 3936 7153 9545
157 2 5715 2962 9968 79 2240 3894 321 1668 6613 8994 6938 935 7153 2555 7762 3074 9007 2288 7652 8125 6258 3012 1856
158 2240 2 2962 321 5715 79 1668 935 8994 7153 7762 9007 3012 7949 6613 9968 3894 6938 3074 2288 2555 3936 4346 2133
159 2240 2 5715 321 9968 935 79 2962 1668 9007 2555 6613 6938 7762 3894 8994 3936 7153 5962 3012 2288 3074 7949 4346 3223
160 2240 2962 2 79 5715 9968 3894 8994 935 9007 1668 6613 2555 3936 7153 5962 3074 321 7949 7762 2288 7652
161 2240 2962 2 79 935 9968 1668 321 3894 6613 5715 2555 9007 6938 7153 3012 7762 7652 9244 8994 3936 2288 8671
162 2962 321 2240 79 5715 9968 2 935 3894 1668 8994 6613 2555 7949 7153 2288 3012 3936 7762 427 3074 7652 6938 7033
163 79 2 5715 1668 9968 321 2240 2962 8994 3894 935 7949 2555 9007 7153 3074 7762 6613 2288 5962 427 3012
164 2962 2240 2 321 935 5715 9968 8994 1668 79 3894 7153 6613 2288 7762 2555 9007 5412 6938 8125 3074 9533 5784
165 2240 2962 5715 79 9968 2 1668 321 935 8994 6613 3894 427 7153 2555 2288 7652 7762 7949 8125 9007 3232 5765
166 2240 935 2 2962 79 5715 321 3894 1668 8994 3012 9968 6938 7652 9007 2555 7153 7949 2288 6613 3074 6258 7762 5962 9533
167 2240 2962 5715 79 2 1668 9968 935 321 2555 8994 3894 9007 7762 7153 3074 2288 7949 5962 6938
168 2240 2962 5715 1668 935 2 79 3894 9968 8994 9007 2555 321 6613 7153 5412 3936 5962 8125 7762 2288 4765
169 2240 2 2962 79 321 935 9968 5715 1668 9007 3894 2288 6613 6938 3012 3074 7153 8994 7762 2555 427 7652 8125 9842
170 79 2962 2 2240 9968 935 321 5715 3894 2555 9007 7153 8125 3936 8994 6938 7652 7949 6613 7762 427 3982 3012
171 2240 2962 2 79 5715 321 9968 1668 3894 9007 935 7153 7949 7652 8994 3074 6938 427 2288 7762 3982 3012 2013
172 2962 321 2240 3894 79 9968 5715 3012 8994 9007 935 1668 2 6613 3074 2288 5412 427 7762 7652 9244 8125 7949 9533 4346
173 2240 2962 5715 79 935 9007 2555 321 1668 9968 6613 7949 7153 7762 427 3894 2288 2 6938 8994 7652 3936 3012 3103
174 2962 2240 2 9968 79 5715 3894 935 321 9007 1668 3074 3936 8994 2288 2555 6613 3012 7153 7652 5412 6938 7120 4346
175 79 2240 2962 321 2 5715 9968 8994 935 7949 7153 3012 6613 2288 9007 427 7762 2555 3894 8125 1668 8694
176 2962 2 2240 321 9968 935 79 8994 5715 7762 2555 9007 427 3894 2288 3074 6613 7949 3936 6938 8125 7153 5962 3012 4346 8047
177 5715 2240 2962 79 321 935 2 9968 9007 1668 2555 3894 6613 8994 3012 7153 8125 3936 3982 427 3074 6938 5340 4346 1856
178 2240 2 2962 321 935 79 5715 9968 7949 3894 8994 2288 427 7153 1668 9007 5412 2555 979 3074 9533 6938 8125 4346 5122
179 2240 2962 79 2 5715 935 321 9968 1668 8994 2555 3894 6613 7762 9007 2288 7153 5962 6938 7949 3012
180 79 2962 1668 2240 321 2 9007 3894 935 2555 6613 9968 7762 5715 8994 3012 6938 2288 7949 8125 3936 8695
181 2240 79 321 2 2962 5715 8994 2288 9968 6613 1668 9007 7153 935 2555 3894 3012 7762 3074 427 6938 7949 7652 3936 4346
182 2962 2240 5715 79 935 2 9968 1668 321 6613 2555 7153 3894 9007 7949 3936 8994 9244 3074 3012 6938 4346
183 2962 2240 2 9968 321 79 935 5715 9007 8994 3894 1668 6613 6938 3074 2555 2288 7762 7949 7652 3982 3144
184 2240 2 2962 9968 935 8994 9007 5715 2555 6613 3894 7153 7762 7949 321 6938 3074 2288 427 1668 9244 3012
185 2240 79 2962 2 321 9968 5715 8994 1668 7153 2555 9007 3894 2288 7652 935 6613 5962 5412 3074 3982 3012 9545 4346 9561
186 2962 2240 5715 79 321 935 9968 2 7762 6613 9007 7153 3894 2555 7949 1668 3936 3074 6938 8994 2288 427 9533 4346 1393
187 2240 2962 2 79 321 935 9968 1668 3894 2555 3936 5715 6613 9007 8994 7652 7153 5962 3074 9244 3012 7949 427 6692
188 2240 2962 2 935 79 5715 321 8994 1668 3894 9968 7762 6613 9007 2555 7153 7949 6938 5412 3074 2288 427 3012 7652 5088
189 2 2962 79 5715 1668 2555 9968 935 9007 321 3894 2240 7949 6613 8994 7762 6938 5412 5962 3074 7652 427 7153 4346 5095
190 2240 79 2962 2 321 5715 935 9968 8994 6613 3894 2555 7762 3074 427 1668 2288 9007 7949 3012 3936 5412 5219
191 2240 2962 2 79 9968 6613 8994 3894 935 9007 1668 5715 427 3936 321 7153 3074 7762 2555 7652 5962 3012 8125 5412 4346
192 2240 79 2962 5715 2 935 8994 1668 321 9968 6613 2555 9007 7153 3894 3936 427 3074 5962 7949 8125 7762
193 2962 2240 935 5715 321 1668 79 9968 2 8994 9007 6938 7949 2555 3894 6613 7762 3936 7652 3012 2288 8125 7153 9607
194 2240 79 2962 2 9007 321 8994 3894 5715 9968 935 1668 3074 2288 427 7762 5412 3936 6938 6613 2555 8125 7652 7949 3012 3103
195 79 2962 2240 5715 321 2 9968 935 3894 1668 9007 2288 7949 7762 8994 8125 5412 6938 2555 6613 7652 427 3103 4346
196 2 2962 79 2240 935 3894 9968 8994 321 5715 6938 2555 9007 1668 3936 6613 3074 7762 7949 9244 7652 6547 9607
197 2240 5715 2962 9968 2 935 321 1668 3894 79 8994 6613 9007 2555 3936 427 6938 7949 7652 979 2288 7762 4346 4236
198 79 2962 2240 2 321 5715 935 9968 6613 7949 1668 2555 8994 6938 9007 3936 2288 5962 427 7153 3894 7652 7762 7120 4346
199 2240 2962 321 2 9968 935 8994 3894 5715 6613 1668 79 7762 9007 2555 7153 3074 3012 7949 5412 5962 2288 9533
200 79 2962 321 2 2240 9007 9968 935 8994 2555 5715 3894 6613 2288 1668 7762 6938 3936 7153 427 5962 7699 4346
201 2240 2962 79 9968 321 2 1668 5715 8994 9007 935 6613 6938 2555 427 2288 3074 3894 5962 7762 7949 5412 3936 4346
202 79 5715 935 2 2962 9968 9007 321 2240 8994 1668 7153 2288 3012 3074 6613 2555 427 3894 5962 8125 5412 7762 2507
203 2240 79 2 5715 321 2962 935 8994 3894 9968 6613 2555 1668 3074 7153 8125 2288 3936 7652 5962 6938 9007 9533 4346 1856
204 2240 2962 2 79 9968 935 5715 8994 2555 9007 1668 3894 6613 321 7762 6938 5962 2288 7652 427 7949 3074 6692
205 2240 79 2 2962 321 5715 9968 935 1668 2555 3894 9007 7153 7949 5962 6613 8994 7762 3074 7652 2288 3982 5412 3032
206 2240 5715 2 79 2962 321 1668 935 9968 3894 6613 2555 9007 7153 7949 8994 3074 2288 3012 5962 6938 427 8694
207 2240 2962 79 9968 2 321 1668 5715 8994 3894 935 6613 7949 9007 7652 2288 7153 2555 3936 7762 5412 427
208 79 2 2962 5715 2240 935 1668 6613 9968 321 2555 3894 8994 2288 7762 9007 6938 7949 427 3074 3012 4346
209 2240 2962 79 321 2 3894 9968 6613 1668 935 2555 5715 8994 9007 3012 6938 3936 7949 7153 2288 7652 3074 979 9244 7902 4346
210 2240 2962 1668 321 79 2 5715 9968 935 8994 2555 6613 6938 7762 3894 3012 7949 9007 5962 3936 5412 3074
211 79 5715 2962 2 321 935 2240 1668 2555 6613 9007 8994 9968 3894 3012 7949 2288 5962 7762 7652 427 3936 9533 4346 8692
212 2240 2962 79 2 5715 9968 935 3894 321 6613 2288 8994 7153 6938 9007 7949 7762 1668 3074 427 3012 7652 2555 4346
213 2240 79 2 2962 5715 9968 935 321 3894 1668 9007 6613 2555 7762 2288 427 7153 8994 8125 3936 9533 6938 9545 1856
214 2962 2240 5715 1668 79 9968 935 2 6613 2555 3894 321 9007 7153 8994 7762 7949 5962 2288 3074 8125 5507
215 79 2240 2 2962 935 1668 5715 9007 6613 321 2555 2288 8994 9968 3894 5962 7153 3936 3012 7762 427 9244 6938 5507
216 321 2962 2240 2 79 9968 935 2555 8994 7762 3894 7153 1668 9007 5715 2288 3074 427 6613 7949 8125 7652 3012 5412 8406 4346
217 2240 2 79 2962 935 321 9968 5715 3894 9007 8994 1668 6613 3074 7949 5412 427 2288 3012 6938 7762 7153 9533
218 2 2962 2240 5715 79 935 9968 3894 8994 6938 1668 9007 6613 7949 321 3074 2555 3012 3936 7762 5962 7153 427 8406 4346
219 2240 79 2 2962 8994 1668 3894 5715 935 321 9968 2555 9007 7652 6613 3074 3936 5412 5962 427 3012 8125 7949 444
220 2240 79 2 2962 5715 9968 9007 321 3894 1668 935 8994 2288 7762 7153 5962 2555 3074 3982 3012 6613 2986 5014
221 2240 2962 2 79 5715 321 8994 3894 1668 6613 9968 935 2555 9007 7153 6938 3936 7652 2288 5962 3074 7949 427 979 3237
222 2962 79 2240 321 2 9968 3894 8994 5715 1668 935 9007 2288 2555 6613 6938 7153 427 3012 3074 5962 5412 7949 7762 7701
223 2240 5715 2962 2 1668 79 8994 9968 321 935 2555 7153 9007 6613 7949 7762 3936 5412 3074 2288 6938 3012 7652 427
224 2240 2962 2 321 9968 79 5715 8994 935 1668 3894 6938 2288 6613 2555 5412 7949 3982 3074 7762 6258 3012 1099
225 2240 5715 2962 2 9968 8994 321 935 79 6613 7153 1668 9007 6938 3936 3012 3894 427 2288 3074 9533 7949 3982 5122 4236
226 2240 2962 79 2 321 5715 9968 1668 935 3894 8994 6613 2288 7762 2555 427 7153 3936 3012 5962 9007 9842
227 2240 79 2962 5715 2 3894 1668 321 935 8994 9007 2555 9968 6613 3012 2288 7949 7652 3936 7762 427 7153 8134 9397
228 2962 2240 79 2 321 9968 935 5715 8994 3012 6613 1668 7762 7949 2288 7652 9007 2555 3074 3894 7153 6938 8125 9533 3237
229 2240 2962 2 5715 79 321 9968 8994 935 9007 1668 3894 7762 6613 3936 2288 6938 3074 7153 979 8125 8663
230 2962 2240 79 1668 2 9968 935 321 6613 9007 8994 2555 5715 3894 3074 7949 6938 7762 5962 7153 2288 3936 3232
231 2240 5715 2 935 321 2962 1668 9968 2555 79 8994 3894 6613 2288 7153 3074 9007 3012 5962 427 7949 7762 5412
232 2240 5715 2962 9968 8994 2 79 3894 2555 6613 935 9007 1668 321 7153 3074 7762 7949 3936 5962 2288 7652
233 2240 2962 2 321 5715 9968 935 8994 1668 79 7153 427 6613 7762 9007 3012 5962 3074 2555 3894 5412 2288 7949 9533
234 2962 79 5715 1668 2240 9007 321 9968 935 6613 3894 2 7762 8994 2288 2555 7949 7652 3936 3012 3982 9533
235 2240 2 79 2962 9968 1668 3894 935 5715 8994 7949 2288 3936 9007 3012 2555 427 7153 321 7762 6613 7652 5412 6938
236 2240 79 2962 6613 9968 935 8994 2 7949 321 2555 9007 5715 1668 3894 3074 427 5962 2288 3936 7762 5412 9533 6938 4346
237 2240 2962 2 9968 5715 1668 935 79 321 8994 7949 3894 3936 3012 7762 2288 7153 3074 427 6613 2555 3982 4346
238 2240 2962 2 935 5715 79 8994 321 2555 1668 3894 9968 6613 9007 3936 7762 7652 7153 2288 3012 7949 5412 9533 8406
239 2240 2962 2 79 5715 321 9968 1668 935 6613 3894 7153 3936 7949 8994 2288 3012 6938 9007 2555 7762 427
240 79 2962 2240 2 1668 321 935 3894 8994 9968 5715 3012 2555 6938 9007 7153 6613 7762 7652 8125 3074 5412 2288 9533 4346
241 79 2 2240 2962 1668 9968 5715 321 8994 2555 935 6613 3894 6938 7762 3074 2288 9007 427 7949 5962 9842
242 2962 2240 5715 2 1668 9968 8994 935 79 6613 3894 2555 3936 9007 321 7762 5962 8125 7153 9244 7949 2288 6692 4346
243 2 2962 79 321 5715 9968 2240 935 3894 6613 8994 6938 9007 2288 3936 3074 7652 9244 1668 7153 2555 427 7949
244 2962 79 2 2240 321 9968 3894 935 8994 9007 5715 1668 2288 6613 2555 3074 3936 7762 7153 5412 6258 9533 8235
245 2962 2240 79 2 5715 935 9968 321 9007 8994 7762 2555 3074 1668 6938 3894 9244 6613 2288 7153 8125 427 3936 4346
246 2240 79 2962 2 5715 935 9968 9007 7153 3012 1668 6613 321 3074 8994 7762 2555 3894 2288 427 3936 6938 7652
247 2240 2962 5715 9968 321 1668 2555 8994 3894 79 6613 7762 2 7949 935 9007 2288 7153 3074 3936 3012 9244 6938
248 79 2240 2 2962 321 5715 9007 9968 935 3894 2288 8994 7949 1668 2555 3074 6613 8125 3936 7153 427 7762 9533 4346 2899
249 2240 2962 321 5715 79 2 9968 935 8994 2555 7153 1668 7949 3894 6613 7762 3012 3074 7652 3936 2288 4199
250 2 5715 2240 2962 79 3894 935 8994 1668 9007 9968 7762 2555 3936 427 321 7153 7652 6547 9244 2288 3074 3982 5962 3602
251 2240 2962 79 2 1668 321 935 6613 5715 9968 3012 9007 2555 8994 7949 6938 3894 7762 7153 3074 2288 8491
252 2240 79 2962 5715 321 2 3894 8994 1668 935 9968 6613 2288 2555 7949 9007 3074 3936 6938 3012
253 2240 2962 321 5715 2 79 9968 8994 935 3894 1668 9007 7762 2555 6938 7949 3012 7652 2288 9533 6613 427 4346 7033
254 2240 2962 2 79 5715 321 9968 1668 8994 935 6613 3894 2555 9007 2288 7949 7153 427 8125 6938 3936 3012
255 2240 2962 2 5715 1668 79 321 9968 6938 3894 7762 8994 9007 7949 3012 935 7652 8125 2555 427 7699 2288 9533 5633 1856
256 2240 2962 5715 79 935 321 2 1668 9007 6613 3894 7949 7153 8994 3074 9968 6938 7762 2555 5412 2288 5122 4346
257 2240 79 2962 2 5715 935 3894 9968 7949 1668 2555 6938 9007 3074 8994 7153 6613 5412 7762 9244 321 8406 3103
258 2962 2240 79 9968 5715 1668 8994 2 9007 3894 321 6613 7153 2288 2555 3012 935 6938 3074 5962 7652 7949 7762
259 2240 2962 5715 2 9968 935 8994 79 6613 3894 7762 9007 2555 2288 8125 3936 7949 7652 6938 321 3074 5122
260 2240 2962 79 321 2 9007 1668 935 2555 3894 9968 5715 8994 7153 7762 8125 7949 2288 6938 6613 3074 3982 4199 4346 3237
261 2240 2962 321 935 2 5715 2555 79 3894 8994 9968 6613 1668 7762 9007 7652 7153 2288 5962 5412 7949 3936 3012 3103 4346
262 2240 2962 79 2 321 9968 935 8994 1668 9007 2288 7153 2555 3894 6613 7949 3012 427 7762 3074 5715 3936 9533 1856
263 2240 2962 79 5715 2 935 9968 321 3894 1668 9007 2555 8994 6938 2288 427 3936 6613 7949 5962 4967
264 2962 2240 79 5715 935 1668 8994 321 3894 2 9968 2555 2288 6613 3012 9007 7153 7949 7762 5962 8125 7652 9533 742
265 2240 2962 321 79 2 9968 8994 1668 3894 5715 6938 6613 9007 935 427 7949 3936 3012 2555 3074 2288 7762 3982 7280
266 2962 2240 5715 79 2 8994 1668 321 2555 9968 935 7762 2288 3894 6613 3074 9007 5962 6938 3012 7699 7949 4346 6128
267 2240 2962 5715 8994 321 2 9968 935 9007 3894 7762 2555 1668 2288 427 79 7949 6938 7153 6613 3012 8125 5412 5122
268 2962 2240 2 321 935 6613 9968 1668 5715 2555 7762 8994 79 7153 3894 7949 3074 5412 3012 5962 6938 9007 3936 8406 2133
269 2240 2 2962 6613 79 935 321 5715 1668 3894 9968 8994 2555 6938 3074 3012 7762 7949 5962 7652 9007 3936 427 4346 9907
270 2240 2962 79 5715 9968 2 935 321 8994 6613 9007 7153 3894 7652 3012 1668 3936 7949 7762 5412 6938 2555 9533 427 4765 3833
271 2240 79 2 5715 2962 935 1668 9968 8994 2555 7153 6938 7762 2288 9007 7949 6613 3894 9244 3074 321 2437
272 2962 935 321 5715 1668 79 2 3894 2240 8994 9007 3936 6938 9968 6613 427 3012 7949 2555 3074 7762 7652 5962 4199
273 2240 2962 5715 79 321 2 935 3894 7153 6613 3936 1668 9007 9968 8125 6938 8994 3012 2555 5412 3074 2288 427 3032
274 2240 2962 321 2 935 79 5715 9968 6613 8994 7762 3894 7153 2555 1668 3074 3012 9007 7949 5412 6938 2288 3936 3877 4346
275 2962 2240 5715 79 2 1668 8994 9968 935 2555 9007 321 3894 2288 7762 7652 6613 5412 7949 8125 2643 5962 3093
276 2240 79 2962 321 9968 2 5715 935 1668 9007 3894 2288 8994 7949 2555 427 5962 7762 5412 8125 7652 6613 4176 4346
277 2240 2962 79 2 5715 935 9968 1668 6613 9007 2555 321 6938 7762 8125 8994 3894 9244 427 3074 7153 5962 4346
278 2240 2 79 2962 5715 321 8994 935 3894 6613 1668 2288 9968 3936 7153 2555 3012 7949 3074 427 9533
279 2240 2962 79 321 5715 1668 9968 8994 935 2 7949 3012 2555 7762 7652 2288 6613 6938 3894 9007 5962 427 8491 5458
280 2240 2962 321 79 2 935 8994 9968 6613 3894 9007 5715 2555 6938 3074 1668 2288 7949 7762 3936 8125 7699
281 2240 2962 79 2 1668 5715 9968 935 2555 9007 8994 3894 2288 7153 427 7762 7652 3074 7949 3936 6938 321 7678
282 2240 5715 2962 9968 1668 3894 935 2 79 6613 9007 8994 321 3074 427 6938 7153 2288 2555 3982 7762 3936 7652 9533
283 2962 321 5715 2240 2 935 79 9968 6613 2555 3894 8994 6938 1668 7762 7949 3074 2288 9007 427 7652 3012 5962 5340
284 2962 2240 5715 79 1668 2 321 9968 935 2555 3894 6613 8994 9007 3012 2288 7652 7153 5962 6938 7762 5412 7949 5063 3029
285 2962 2240 321 2 6613 79 935 9968 8994 9007 1668 3894 5715 2555 7762 3012 5412 2288 8125 3982 3936 3074 4346 8472
286 2962 2 79 2240 321 1668 5715 3894 935 9968 7153 6613 2555 8994 7949 9007 3012 7762 2288 8125 5962 7652
287 2240 2962 321 79 935 5715 2 1668 6613 9007 9968 3894 8994 7153 3074 7762 2555 7949 6938 2288 2986 4346
288 2240 2962 2 6613 79 935 5715 3894 9968 1668 9007 2555 7949 321 8994 2288 9244 3936 7652 427 7762 3012 8125
289 79 2240 5715 2962 321 9968 2 935 6613 8994 2555 9007 3894 2288 1668 7762 7949 3936 3074 3012 7153 4346 7678
290 2962 321 79 1668 935 2240 2 9968 3894 5715 8994 9007 3012 7762 6938 2555 7949 427 7153 5412 3936 3982 2288 9545 444
291 79 2240 2962 2 321 9968 6613 935 3894 5715 8994 1668 9007 7762 3936 3074 7153 2555 2288 6938 8125 7949 427 4346
292 2240 2962 79 5715 9968 2 1668 8994 935 7762 6938 6613 3894 2555 9007 7153 3074 7652 7949 2288 427 5962 4346 3237
293 79 2962 5715 2240 9968 2 1668 935 321 9007 2555 3936 8994 3012 3894 6938 7762 7652 6613 7949 7153 5412 5962 399 4346
294 2 2962 79 2240 5715 9968 1668 8994 3894 6613 321 935 7652 7153 3936 2288 9007 7762 427 3982 6938 3012 2555 5962 8694
295 2962 5715 79 2240 935 2 321 9968 6613 8994 1668 3894 2555 9007 427 2288 7949 3936 7652 9244 3012 5962 6938 4346
296 2240 2962 79 935 2 5715 3894 9007 8994 321 1668 9968 2555 6938 3012 2288 6613 3936 7762 7153 427 8125 4199 444 1856
297 79 2240 5715 2 2962 321 9968 3894 935 1668 8994 2288 7153 6613 7762 3936 2555 3012 3074 9244 7949 427 9007 3316
298 2240 79 321 2 2962 8994 1668 935 6613 9968 2555 5715 2288 7949 9007 3074 7762 7153 3012 5412 6938 7652
299 79 2962 2240 1668 5715 2 321 3894 9968 8994 2555 2288 3012 7762 9007 935 6613 427 7949 6938 5962 7153
300 2962 5715 2 2240 935 321 8994 9968 7949 9007 7153 3894 79 1668 3012 6613 5412 427 7762 2555 8125 3074 2986
301 2962 79 321 2240 9007 5715 2 9968 6613 2555 935 8994 3894 7153 1668 427 7762 9244 3936 7949 2288 6938 7652 8406
302 2962 2240 79 2 5715 935 9007 1668 321 9968 2555 3894 8994 6613 7949 3012 6938 427 2288 7762 9533 7153 4346
303 2962 79 5715 2240 2 9968 935 6613 2555 7762 8994 1668 3894 321 3936 7949 2288 9007 6938 7699 5962 7153 6128
304 79 2240 321 2962 935 9968 8994 2555 1668 2 9007 5715 6613 7949 7153 6938 427 3894 5412 3936 7652 3032
305 2240 2962 79 5715 9968 935 2 1668 8994 3894 6613 7762 321 6938 3936 7153 7949 2288 2555 7699 9007 7652 9545
306 2962 2 79 9968 5715 2240 1668 935 8994 9007 3894 2288 6613 7949 2555 321 7762 5962 6938 3936 8125 7579
307 2240 2 2962 5715 79 9968 321 8994 3894 1668 935 2288 6613 7153 9007 2555 7949 5412 5962 3936 427 3074 9545
308 2240 2962 79 2 9968 1668 935 5715 3894 8994 7762 2555 2288 9007 7153 7652 6938 3074 321 6613 3012 5962 4346
309 2240 79 321 2962 2 5715 1668 935 8994 2555 9007 3894 7153 9968 427 7949 3012 5962 6938 7762 2288 6613 7652 4346
310 79 2 2240 2962 9968 935 1668 321 6613 5715 8994 2555 9007 3894 7153 7949 2288 8125 7762 3012 3936 427 4346
311 5715 2 2962 321 2240 9968 8994 79 935 6613 2555 1668 3894 7949 9007 3012 7762 6938 3936 3074 8125 7153 7652
312 2962 2240 79 2 9968 935 3894 5715 2555 6613 1668 9007 321 8994 427 2288 7153 6938 7762 5962 3936 7949 979 8406 4346
313 5715 2962 2 79 2240 321 935 6613 9968 1668 3894 8994 9007 427 2555 7949 7153 8125 3936 9244 7652 5122 4346 8919
314 5715 2240 79 2962 1668 9968 2 8994 321 6613 9007 935 3894 2288 2555 7949 3936 3074 7153 7762 7652 5095 1856
315 2962 2240 5715 2 79 3894 935 9968 8994 6613 1668 2555 7949 321 3074 9007 8125 7762 9244 979 5412 7153 2288
316 5715 2 2962 935 79 8994 9968 2240 9007 3894 7762 3012 3074 6613 1668 2555 3936 7153 6938 2288 8125 321
317 2962 79 2240 2 321 9968 1668 9007 935 3894 2555 2288 8994 7153 7762 7949 427 7652 5962 6613 3012 3982 6938 2409
318 79 2240 935 2 1668 8994 2962 9968 5715 6613 2555 321 3894 3012 3074 2288 5962 3936 7762 7153 9244 427 9533
319 2962 5715 321 2240 9968 2 935 79 9007 3894 3074 7949 427 7762 1668 2555 6613 3012 3936 7652 3982 8994 2288 5962
320 2240 2962 2 5715 79 321 9968 3894 935 7949 7153 9007 1668 6613 2288 7652 8994 3936 3074 3012 6938 2555 6128
321 79 2 2240 2962 935 321 1668 6613 3894 5715 8994 9968 2555 2288 9007 7153 7949 5962 3936 7762 5412 3012 9533
322 2240 2962 79 2 9968 321 5715 935 3894 8994 1668 7762 7153 2555 6613 2288 6938 427 979 9007 3074 7949 3936 5962 1856
323 79 2962 5715 2240 1668 321 9968 935 8994 9007 3894 2 7949 6613 3074 3012 2555 7762 2288 427 5962
324 79 2962 2 2240 321 9007 9968 3894 5715 935 6613 3012 6938 427 7949 8994 1668 7762 2288 2555 7153 3074 3982
325 2240 79 2 321 2962 1668 9968 5715 8994 2555 6613 935 7762 3012 9007 6938 7153 3894 427 3074 2288 3936 5962 4346
326 2962 2240 935 1668 5715 2 79 321 9968 2555 8994 3894 7153 2288 6613 6938 9007 3074 7949 7762 3012 9545
327 2240 79 2 5715 321 2962 935 1668 8994 9968 6613 7762 2555 3012 6938 3074 7153 7949 427 5962 5412 9007 5095 4346
328 2962 2240 9968 79 935 2 321 1668 8994 5715 7949 2555 427 3894 2288 6938 7762 6613 7652 5962 9533 9007 7153 9607
329 2962 5715 321 2240 9968 2 935 2555 9007 1668 8994 79 3894 6613 7153 3074 7652 3012 5962 7762 3936 6938 3982 737
330 2962 2240 5715 79 9968 321 8994 935 2 1668 3012 3894 6613 9007 2555 2288 7153 3936 427 8125 9244 9533 5412
331 2 2240 321 79 2962 1668 935 9968 8994 7153 2555 5715 3894 3074 6613 6938 8125 3936 2288 9007 7949 4346 8692
332 79 2240 5715 2962 1668 2 321 9968 3894 8994 7949 935 7153 2555 9007 8125 3074 5962 3936 3982 427 3012
333 321 2962 5715 9968 2 79 1668 935 2240 7153 6613 8994 2555 3894 7652 9007 7949 3074 3936 3982 427 6938 8125 4199
334 2962 2240 2 5715 9007 9968 8994 3894 3012 79 935 1668 7949 3936 6938 427 7153 7762 321 6613 8125 7652 4199 4346
335 2240 2962 79 2 9968 5715 935 321 3894 8994 7153 2555 9007 3012 2288 6613 1668 7762 3074 427 9533 3936 6938 5122 9205 4346 1856
336 2240 2 2962 5715 321 79 935 9968 8994 1668 7153 6613 3936 7949 3894 6938 2555 7762 3074 5412 7652 427 7511
337 2 79 321 2240 1668 2962 9968 8994 3894 5715 7762 7153 935 3074 2555 7949 3936 6613 2288 7652 5962 9244 3012 427
338 2962 79 2 2240 9968 935 6613 8994 1668 5715 321 2555 3894 9007 3936 2288 7153 7762 7949 6938 5412 7652
339 2962 321 2 2240 79 5715 935 9007 1668 8994 3894 9968 6613 2288 3074 3012 3936 7949 8125 6258 5962
340 79 2 2240 2962 5715 1668 9968 935 3894 2555 8994 3012 6613 321 9007 6938 3074 7762 2288 7652 7153 3232 4346
341 2240 79 2962 321 2 1668 5715 935 9968 8994 7762 2555 6613 3012 5962 3936 7949 7153 3074 3894 7652 4346 8692
342 79 5715 2962 2 3894 8994 2240 9968 935 6613 2555 321 7949 7153 2288 3936 9007 7762 5962 7652 1668 3074 5412 4346
343 2240 79 2962 2 9968 1668 935 9007 2555 321 5715 8994 3894 7762 2288 427 5412 6613 3936 6938 5962 3074 7153 4346
344 79 2962 2240 321 5715 8994 935 9007 9968 1668 7762 3894 2288 2 7652 3074 3012 427 5962 2555 7949 3936 3982 4346
345 2962 2240 5715 79 2 321 935 9968 3894 9007 1668 2288 7949 8994 7153 2555 3936 3012 6613 979 7652 5122
346 2240 2962 79 5715 9968 321 935 9007 7949 7762 3894 6938 2555 1668 8994 3074 2288 6613 2 427 7699 7652 3012 3103 4346
347 79 2962 2 2240 5715 321 935 1668 9968 3894 2555 9007 8994 6613 7949 3936 3074 5962 7762 6938 8125 2288 527
348 2240 79 5715 2962 2 935 1668 8994 3894 321 9007 9968 7153 7762 2555 6613 2288 3074 3936 7949 8125 7652 3012 3232 3237
349 2240 79 2962 2 9968 5715 935 8994 321 6613 3894 9007 2555 6938 7153 3936 7949 2288 1668 3982 7762 427 5122 4346
350 321 79 2 2240 9968 5715 8994 1668 935 2555 3894 7949 2962 6613 3074 2288 5962 7153 3936 5412 3012 9007 7652 427 4346
351 2240 79 2962 9968 2 935 321 3894 9007 3074 5715 427 1668 2288 2555 7762 8994 6938 6613 5412 9533 8125 3232
352 2240 79 2962 2 9968 935 321 2555 5715 8994 3894 7762 6613 1668 7949 9007 3012 3936 2288 6938 5962 9607 4236
353 2240 2962 2 9968 79 5715 935 8994 3894 1668 9007 321 6613 2555 3074 3936 6938 3012 8125 7762 3032 5095
354 2240 321 2 5715 2962 1668 8994 79 3894 9968 2555 935 6938 9007 6613 7949 2288 427 7153 3982 5962 9533 3232
355 2240 2962 79 9968 321 2555 2 8994 3894 935 6938 6613 5715 2288 7153 7652 1668 427 7949 3012 9244 7762 5412 9007 5122
356 2962 79 2240 321 2 1668 3894 9968 5715 935 8994 3012 2555 9007 2288 7153 6938 8125 6613 5962 7652 3074 427 3232 8692 3833
357 2240 2962 79 9968 5715 935 3894 321 8994 2555 6613 2 9007 1668 8125 6938 3074 7762 427 3982 7949 5122 8692
358 2240 2962 79 9968 2 5715 1668 935 8994 3894 321 2555 7949 6613 9007 2288 5412 3936 6938 7762 3074 3012 427 3032 4346
359 2 79 2962 2240 5715 935 1668 9968 321 9007 8994 3894 2288 2555 3936 3074 6613 7699 6938 427 5962 7949 3032
360 2240 2962 79 321 1668 2 5715 6613 9968 8994 935 9007 2555 3894 7153 2288 5412 5962 3074 6938 7762 9545 4346
361 2240 5715 2962 2 79 9968 1668 935 3894 9007 321 2555 7949 6613 8994 7652 7762 3936 3074 7153 427 3877
362 2962 5715 1668 79 2240 2 935 3894 9968 321 2555 6938 6613 8994 7762 9007 3074 2288 3936 8125 7949 5643 5095
363 2240 2962 9968 79 2 8994 935 5715 9007 1668 321 7153 3936 3894 2555 7652 3012 5962 3074 6938 2288 7762 427 3032 5585
364 2240 79 2962 2 321 8994 9968 935 3894 1668 5715 3012 2555 2288 6938 6613 9007 3074 7652 9533 427 979 7762
365 2240 2962 79 935 5715 9968 9007 3894 1668 2 2555 321 7153 6613 3936 3012 7652 3982 7949 5962 6938 4199
366 2962 2 5715 935 79 2240 8994 321 2555 9968 6613 1668 7762 3894 9007 7949 7153 5962 2288 427 3936 6938 4346 3237
367 2962 2 79 321 8994 3894 9968 9007 5715 2240 7949 1668 7153 6613 2555 935 3012 3936 7762 5412 2288 6938 427 3074 9205
368 2240 2 5715 2962 321 935 9968 79 2555 3894 7153 8994 9007 7949 2288 3012 3074 7762 5412 7652 1668 6938 6258 5122
369 2962 79 2240 1668 5715 935 9968 8994 321 2 7153 6613 9007 2555 6938 7762 5962 7949 427 3894 3936 3012 2288 4199 4346 6128 9910
370 2962 2 79 935 5715 321 2240 3894 9968 8994 9007 6613 427 1668 7153 3936 7949 2555 3074 6938 3012 2288 9533 1979 5122
371 2240 2962 321 5715 1668 2 9968 935 79 2555 9007 8994 2288 8125 5962 9533 7949 427 7762 3074 7153 3012 3982 7652 6128
372 2962 2240 2 79 5715 9968 935 8994 9007 321 1668 3894 2288 3012 427 7949 3074 7762 6613 8125 5412 7579
373 79 2240 2962 5715 2 321 9968 8994 6613 935 9007 2555 1668 7762 3894 3074 427 2288 6938 3936 3012 7153 4199
374 2240 5715 79 2962 321 9968 935 2 1668 8994 3894 2555 7762 6613 3012 7153 6938 2288 3074 7652 5412 5962 427 4346
375 2240 321 79 2 2962 935 8994 9968 2555 5715 3894 2288 6613 7153 1668 7762 9007 9244 6938 8125 3936 427 3012 4346
376 2962 2240 2 9968 5715 9007 935 321 1668 8994 6613 3894 3012 79 7153 2555 427 7762 7949 3074 2288 9533 5122
377 2240 321 2962 9968 2 5715 79 935 6938 2555 1668 6613 9007 7153 3012 8994 7949 3936 7762 3074 7652 3982 4346
378 2962 9968 79 2240 5715 8994 321 2 1668 3894 6613 935 2288 7652 7949 7762 2555 427 3012 3936 5962 8125 5412 6938 9607
379 2962 2240 79 1668 5715 321 935 2 9007 6613 3894 9968 2555 6938 2288 3012 7762 3074 8994 427 5962 9244 5412 9533
380 79 2962 321 2240 2 1668 5715 8994 6613 2555 9968 3894 935 9007 7153 3936 2288 3074 7949 7652 5962 3012 9533 4346
381 2962 2240 79 9968 2 935 321 1668 5715 3894 8994 9007 2555 2288 7762 7949 7153 6613 5962 6938 5412 427 5784
382 2240 2962 2 935 79 9968 3894 5715 9007 6613 7949 321 6938 8994 2555 3012 1668 3936 7153 3074 8125 2288 7652 5122 4346
383 2240 79 5715 2962 2 935 9007 6613 321 8994 7153 3894 1668 9968 427 7949 2288 5412 5962 8125 3936 3012 979 4346
384 2240 79 5715 2962 2 321 935 1668 9968 3894 7153 2288 7762 8994 2555 6613 7949 3936 5962 8125 9007 8406
385 79 2240 321 2962 5715 935 1668 8994 6613 9007 9968 3894 2 6938 2288 7949 7652 3012 5962 2555 9244 5412 5643
386 2240 5715 2962 79 9968 935 2 321 6613 1668 9007 3894 7949 7652 2555 3074 8994 7153 7762 3012 5412 9244 3232 4346
387 79 2962 2240 2 321 9007 3894 5715 9968 6613 2555 935 8994 7949 6938 7153 3936 7762 7652 1668 2288 3012 3032 596
388 2962 2 2240 79 5715 9968 9007 8994 1668 321 935 3894 3012 2555 7762 2288 7949 5962 7153 3936 5412 6613 7652 4346
389 2240 79 2962 2 321 9968 935 5715 1668 9007 2555 3894 7762 8994 7949 2288 427 3012 6613 3074 7652 7153 5412 3409
390 2962 2240 5715 2 935 79 9968 3894 6613 8994 7762 1668 2555 321 2288 9007 427 3074 6938 3012 3936 7699 3232
391 2240 2962 2 79 9968 935 8994 6613 1668 2555 9007 321 3074 6938 7762 5715 2288 3012 3894 7949 5962 427 7153 979 8125 3103 5088
392 2240 2962 5715 935 9968 3894 9007 79 8994 1668 2555 3074 2 321 6613 5412 2288 7762 7949 5962 3936 6938 427 7153 4346
393 2962 2240 2 79 9968 5715 1668 321 935 8994 6613 7949 2555 6938 3894 7762 3936 9007 427 7153 979 4765
394 2240 2962 79 5715 2 9968 935 2555 321 1668 2288 8994 7762 7949 9007 6613 3936 7153 3894 5962 3012 3074 5412 6790
395 2240 79 2962 935 2 5715 321 1668 8994 3894 6613 7949 9968 9007 2555 7762 6938 3936 3012 2288 3074 5962 5122 4346
396 2962 2240 5715 79 935 3894 1668 321 2 2555 8994 9968 7949 3012 7762 2288 427 6613 5962 3936 3074 6938 4346 3875
397 2962 79 2240 2 9968 935 321 8994 5715 3894 9007 2555 427 2288 3074 7153 7949 1668 3936 6938 9244 9545 4346
398 79 2240 321 5715 1668 2 2962 8994 935 9007 9968 2555 7762 2288 6613 3894 7949 3074 427 6938 7579
399 2240 2962 79 2 5715 9968 935 1668 8994 321 3074 6613 9007 3894 6938 7762 2555 7153 7652 2288 427 5412 3936 3012 9607 1856
400 2240 2962 1668 9968 79 321 935 2 2555 6613 5715 7949 9007 3894 3074 8994 3936 5412 5962 7762 3012 4346
401 2962 2240 9968 79 5715 321 3894 1668 9007 8994 935 6613 2 2555 7949 7652 3074 7762 3936 3012 427 7153 4346
402 2240 2 2962 5715 1668 321 79 3894 9968 935 8994 9007 6613 3074 7153 2555 7762 3012 6938 3936 427 5962 2288
403 2240 79 2962 2 321 935 3894 8994 9968 6613 5715 6938 1668 2288 3074 5412 3012 9007 7949 3936 7153 2555 427 4346
404 2240 2962 2 79 5715 935 9968 9007 321 1668 2555 8994 6613 427 7153 7762 2288 3012 3894 5962 7949 5412 3936 4346
405 79 2240 5715 2 2962 1668 9968 9007 321 2555 3894 935 7153 6613 7762 3012 2288 5962 427 3982 8994 3032
406 2240 2962 79 9968 1668 935 6613 8994 2 321 9007 2555 5715 6938 2288 7949 7652 3012 3894 7762 3936 427 8125 46 4346 5122
407 2962 2 9968 5715 2240 79 321 9007 935 8994 2555 3894 1668 7762 6613 2288 3936 7949 8125 9244 9533 5633
408 79 2962 2240 5715 935 2 9968 321 6613 8994 9007 7949 2288 3894 8125 1668 3936 7762 7153 3074 9244 5412 2555 5122
409 79 2240 2962 2 5715 9968 1668 8994 3894 935 9007 7762 6613 6938 5412 427 9533 3936 3074 2555 7652 2288 7153 2899
410 2240 79 2962 2 1668 8994 321 9968 6613 2555 3894 9007 7762 7153 7949 2288 935 3012 3936 5715 6938 5962 9533 8406
411 2240 2962 79 2 5715 9968 935 1668 321 8994 7762 3012 3894 3074 2555 2288 6938 7153 5962 3982 9007 6613 527
412 2240 2962 5715 321 2 79 9968 1668 3894 8994 935 9007 6613 2288 7762 2555 7652 9244 5412 3936 9533 8694
413 2240 2962 79 5715 2 9968 935 321 2555 1668 8994 9007 6613 7762 2288 3012 427 3074 7153 6938 8125 3103
414 2240 2962 2 5715 79 935 1668 9968 3894 6613 8994 3012 2555 7652 6938 9007 3936 321 7153 3074 8125 8491 4346
415 2962 2240 79 321 2 1668 9968 5715 935 7949 6613 8994 2555 3894 7153 427 7652 6938 3074 2288 5962 9007 9533 5585
416 2240 79 2962 2 9968 5715 9007 2555 935 8994 6613 1668 3012 3894 321 7153 7762 7652 2288 3936 5962 5340 4346 8692
417 2240 2962 2 79 935 9968 9007 1668 8994 321 6613 5715 7949 2288 3936 2555 3894 7762 7652 8125 427 6938 5962
418 2962 2240 9968 2 5715 321 935 79 1668 8994 3894 6613 2555 3074 3936 7762 9007 3012 7153 5962 2288 7652
419 79 2962 2240 321 9968 2 935 1668 5715 3894 6613 7949 8994 2555 9007 7762 7153 3074 2288 3012
420 79 2962 2240 5715 1668 9968 3894 8994 2555 7762 6613 2 935 9007 6938 321 3074 3936 5412 7949 7153 5962 2288 4176 1856
421 2240 2 79 2962 9968 5715 321 3894 8994 6613 935 6938 3936 7949 9007 7762 2555 7652 3074 1668 2288 9533
422 2962 2240 5715 79 9968 321 935 2 8994 3894 9007 3012 6613 1668 2288 6938 7949 7762 427 7153 3936 9244 7652 4199
423 2240 321 2962 79 935 5715 2 9968 1668 8994 2555 9007 7153 3894 6613 6938 3012 9244 5962 2288 427 7762 9533 4346 9405
424 2240 2962 79 5715 2 935 321 9968 7153 1668 8994 7949 3894 9007 3012 2555 7762 2288 3074 6258 6613 9533
425 2240 2962 321 5715 79 2 935 9968 9007 3894 2288 8994 7762 1668 3074 3936 427 7153 5412 7699 8125 4176 1856
426 2962 2 1668 2240 79 5715 935 9968 9007 8994 2555 321 7153 3936 7762 6613 3894 2288 5962 3012 427 7699 8491 1934
427 2240 2962 2 321 79 1668 935 9968 5715 3894 2555 8994 9007 7762 3936 8125 7153 2288 6613 7949 5412 427 7652
428 2962 5715 2240 2 79 935 9968 321 7153 8994 2555 3894 9007 2288 7949 7762 3012 3982 7652 6613 5962 3936 5175
429 2962 2240 79 9968 2 5715 9007 8994 935 1668 6613 2555 3894 7652 6938 7949 7762 7153 427 6547 3012 2288 5088
430 2962 2 2240 79 1668 321 935 8994 3012 3894 9968 5715 6938 7762 9007 2555 7153 5962 6613 2288 6258 3936 7652 4346 4236
431 2240 2 79 2962 9968 1668 5715 935 8994 9007 6613 321 2555 7153 6938 3894 7949 7652 3012 2288 3074
432 2962 79 2 321 9968 2240 5715 935 2555 3894 1668 8994 6938 7949 9007 6613 7153 2288 3936 3074 4346 7678
433 79 2240 2962 2 935 6613 9968 3894 321 8994 5715 2288 7762 9007 3936 1668 8125 7153 3982 5412 427 3074 9607 4346 8919
434 2962 79 2240 935 2 5715 8994 1668 9968 321 7949 6938 7762 9007 7652 2555 3074 6613 5962 3936 3012 7153 3894
435 2240 2962 79 2 5715 9007 9968 935 321 3894 2288 7762 1668 8994 7949 3074 7153 6613 3936 2555 3982 5962 443
436 2240 2962 79 321 935 2 9007 8994 9968 3894 7762 2288 2555 5715 6613 6938 7652 7949 1668 7153 3936 8125 3012 9533 6692
437 2962 5715 9968 2240 935 79 6613 321 2 9007 8994 1668 3012 7153 3894 3936 2555 7652 3074 427 6938 9244 9533 9607
438 2962 2240 2 5715 79 321 935 9968 3894 9007 7153 8994 1668 3074 7762 6613 2288 2555 3936 7949 427 4199
439 2962 2240 79 321 9968 2 935 1668 5715 3894 7762 7949 8994 3012 2555 7652 3074 6938 9007 427 3982 7153 5962
440 321 2240 79 5715 2 2962 8994 935 1668 9007 3894 2555 9968 6938 2288 7949 9244 8125 7652 5412 3982 9205
441 2962 79 2240 2 321 9968 935 3894 2555 6613 8994 5715 9007 6938 7949 427 7762 5962 8125 2288 3074 1668
442 2240 2962 2 321 9968 79 935 8994 3894 9007 5715 3074 6613 1668 6938 3936 7153 2555 3012 2288 8125 7949 7762 7652 66
443 2962 2 79 321 9968 2240 935 1668 8994 5715 3894 6613 2555 9007 2288 427 6938 9244 7949 7153 3074 5122 4346
444 2240 2962 5715 2 9968 935 79 8994 3894 6613 9007 7949 2555 1668 6938 427 3012 2288 3936 7153 7762 321 8406 6128
445 79 2240 5715 2962 2 1668 9968 935 6613 8994 3894 7153 7652 2288 3074 6938 9007 7762 7949 3982 3012 5412 4346
446 2240 5715 79 2962 321 9968 2 6613 935 3894 1668 7153 7949 9007 3074 8994 2555 3936 7652 3012 6938 4346 2507
447 79 2240 2 2962 321 3894 5715 935 6613 8994 9968 1668 3936 9007 3074 3012 7949 7153 6938 7652 2288 2986
448 79 2 2240 2962 3894 321 935 1668 9968 5715 6938 8994 6613 7153 2288 2555 7652 9007 7949 3074 6258 7762
449 2240 2962 79 2 5715 935 2555 9968 3894 8994 6613 1668 6938 7153 7762 3074 321 2288 427 9244 9007 5962 7652
450 2962 2240 2 79 1668 9968 935 6613 321 9007 6938 5715 2555 3894 8994 7762 3074 8125 5412 3936 3012
451 2240 79 2962 5715 2 935 321 8994 9968 9007 3894 1668 6613 2288 3012 7652 7762 7949 3936 2555 8125 4346
452 2240 2962 2 79 5715 9968 8994 3894 1668 935 7762 321 2555 7153 2288 3074 9007 3012 6938 7652 3982 5962 1731
453 2240 2962 2 5715 9968 1668 321 3894 79 2555 8994 935 7153 7762 2288 9007 3936 7949 6938 6613 5962 3982 7652 1934
454 2240 2962 79 5715 9968 321 2 9007 3894 8994 935 7762 7949 3074 2288 1668 3936 2555 6938 3012 3982 8125 4346 6128
455 2240 79 2962 5715 2 935 3894 1668 6613 9007 9968 2288 8994 2555 7153 321 3074 8125 7949 3936 5962 427 4346 1856
456 2240 2962 79 9968 2 1668 321 5715 3894 6613 935 8994 2555 427 7153 3012 7762 3074 7652 2288 9244 6938
457 2962 5715 2 79 935 2240 321 1668 2555 3894 8994 9007 9968 7153 5962 6613 7762 7652 7949 3936 8125 9244 427
458 2240 79 2 2962 321 5715 935 1668 9968 3894 2555 6613 2288 6938 9007 7949 8994 7652 427 3074 3982 7153 6692 5122
459 2240 2 2962 321 79 935 5715 1668 6613 3894 8994 2555 7762 427 2288 3936 3074 9007 6938 7153 9968 7652 9533 3232 4346 1500
460 2240 2962 79 5715 935 2 1668 9968 8994 3894 321 6613 7762 3936 9007 3012 3074 5962 2288 6938 2555 7652 7932 4346
461 2240 2 2962 79 9968 935 321 5715 6613 7762 2555 1668 8994 6938 3074 3894 9007 7949 427 3936 5412 2288 7153 9533 7652
462 2962 2240 79 9968 5715 935 8994 321 2 6613 9007 3894 1668 6938 7762 3936 2555 3074 6258 7153
463 79 2962 935 1668 6613 2 2240 9007 9968 5715 3894 2288 2555 8994 321 6938 5962 7762 427 6258 7652 3012 7153 9533
464 79 5715 2240 2962 9968 321 935 2 6613 2555 1668 3894 9007 8994 7949 7153 5962 7652 3074 7762 6938 2288 3012 9533 5175
465 2 2240 2962 79 9968 5715 1668 3894 321 935 2555 6613 9007 7949 3936 427 8994 5962 7652 7762 7153 6938 3103 4346
466 2240 2962 5715 79 2 9007 6613 935 9968 321 8994 3894 3074 7762 2555 8125 1668 7153 2288 979 7949 6547 7713
467 2240 2 2962 79 9968 1668 2555 3894 5715 935 7762 8994 2288 9007 321 7153 3936 5962 6613 7949 8125 3074 9533 8406 4346 1856
468 2 5715 2240 2962 79 9968 1668 8994 3894 321 9007 6613 2555 7153 2288 427 3074 5962 935 7949 9244 5095
469 2240 79 2 2962 5715 935 321 8994 9007 9968 2555 3894 7153 1668 2288 7949 3012 3936 5962 7652 6613 7762 3074 427 4346
470 2240 79 2962 9968 2 1668 935 321 3894 2555 5715 3074 3012 9007 5962 6613 427 7153 2288 8125 7652 7949 8994 979 3103 4236
471 79 2962 2 321 9968 1668 8994 935 6613 5715 2240 2555 2288 3894 427 7949 7153 7762 9007 3074 3936 5962 9533 444
472 2240 2 79 321 2962 5715 935 3894 1668 8994 9007 9968 2555 6613 3074 7153 2288 7652 7762 3936 7949 6938 3012 9545 4346
473 79 2240 321 2962 1668 2 9968 8994 6613 9007 2555 5715 2288 3894 7762 5962 7949 935 6938 3936 3982 7153
474 2240 2962 79 5715 935 2 2555 1668 9968 7949 321 6613 8994 7762 3894 3936 2288 7652 427 5962 9007 5412 6938 9205
475 2240 2962 5715 1668 2 321 79 3894 9968 2555 8994 6613 935 2288 7762 6938 5962 8125 7949 7153 9007 7699 427 3232
476 2240 2962 79 2 321 5715 1668 9968 8994 6613 935 3894 9007 7153 7949 427 2555 5962 3074 3012 9244 6938 7652
477 2240 2 321 2962 79 9968 5715 3894 8994 7949 935 2555 6938 3936 7153 3012 6613 7762 3074 2288 1668 427 9533 6128
478 2240 79 2962 5715 9968 1668 321 2 935 2555 8994 7153 3074 2288 6613 5962 3894 6938 7949 3012 8125 9007 8406
479 2240 2962 79 321 2 935 9968 8994 1668 5715 3894 9007 2555 3936 6938 3012 7652 3074 7153 6613 8125 9533 1752 2053
480 2962 2240 321 2 79 8994 935 1668 9968 5715 6613 2555 3012 7949 3936 2288 5962 8125 7762 6938 3982 7153
481 2240 79 2 2962 321 5715 935 9968 1668 8994 6613 3894 2555 2288 3012 9007 7153 6938 7762 7949 3074 5962
482 79 2240 2962 2 5715 9968 8994 321 3894 1668 2555 935 3012 9007 7949 7153 5962 6613 427 2288 3936 7762 4967
483 5715 2962 79 2240 2 935 321 3894 9968 6613 8994 9007 7949 7762 2555 6938 3936 2288 3012 979 9533
484 2962 79 2240 321 935 1668 2555 9007 8994 9968 3894 2 6938 6613 7949 5715 427 7652 5962 2288 7153 7762 3012 4346
485 79 2 2962 2240 321 1668 9968 8994 6613 5715 3894 935 7153 2555 3936 3074 2288 7762 7652 9007 3012 4346
486 2962 79 935 321 2 8994 2240 9968 1668 5715 3894 2555 3012 6938 7153 6613 3074 7949 5962 2288 3936 9533 9607
487 2240 5715 2962 79 9968 2 935 321 7949 8994 1668 9007 3894 2288 7652 6613 3936 5412 3074 427 3012 6938 2555 9533 3103
488 5715 2 79 2962 2240 1668 9968 935 3894 6613 321 8994 7153 2555 7762 6938 7949 9007 3012 9244 2288 5412 427 9533 5122
489 79 2240 2 2962 6613 9968 935 3894 1668 321 9007 2555 6938 8994 3074 5715 427 8125 7153 3012 7949 4199
490 2240 2962 321 79 5715 1668 935 9007 9968 2 8994 2288 3074 3894 6613 2555 7153 7949 427 5962 7762 5412 4346 742
491 2240 2962 2 321 935 79 9968 6613 5715 9007 8994 1668 2555 7762 3894 7949 3012 7153 2288 9244 3936 6938 8406
492 2962 2240 5715 79 321 2 9968 6613 935 1668 2555 3894 8994 6938 2288 8125 3936 7652 7762 7153 3074 9007 3012 4245
493 2962 2240 2 79 5715 9968 935 3894 9007 321 427 6938 2288 3074 7762 3012 8994 3936 5412 6613 2555 6101 3103 4346
494 2962 2240 79 2 321 5715 1668 9968 8994 6613 7949 935 9007 7762 3894 427 7652 2288 2555 6938 5962 3074 3012 4346 3237
495 2240 2962 79 2 5715 321 3894 9968 935 8994 9007 1668 6613 2288 3074 427 7762 3936 8125 2555 7153 7652 3012 5122
496 2240 5715 2962 935 79 321 9968 8994 3894 2 7949 1668 9007 3936 7762 2288 7153 6613 5412 2555 3074 444
497 79 2240 2962 9968 1668 6613 935 2 2555 5715 8994 7153 9007 2288 427 6938 3894 7652 3936 7762 3012 9244 3103 4236
498 2 2962 321 2240 5715 79 3894 1668 935 9968 6613 8994 3936 9007 3012 2288 7762 2555 7949 3074 7153 6938 7902
499 2240 79 2962 935 321 9968 1668 3894 2555 6613 8994 2288 9007 427 5715 2 7949 3936 6938 5962 3074 4199
