100
0 57 331 180 398 935 6915 36 4329 3489 8549 6160 3053 426 2825 104 663 3160 6045 2849 2428 123 2212 55 625 451 1725 288 624 2268 152 281 424 39 756 3977 2045 184 422 186 896 31 25 198 16 5561 742 5448 1704 4040 2526 1110 157 720 6134 995 3652 35 138 1799 107 4460 1541 425 3299 1227
1 252 6 1440 199 8 1089 549 28 158 17 41 22 4589 940 1 1572 73 9 37 120 5 5367 485 13 84 72 11 19 2572 63 1597 404 15 126 23 74 159 2 1632 1290 30 253 7 26 484 61 257 1388 21 102 8734 596 14 110 88 27 1679 3 12 869 3198 505 4 1468 2902 42 0 65 1263 268 92 684 7292
2 252 6 10 36 131 155 329 8 751 370 2244 211 81 2700 17 54 940 139 3818 1 3244 9 120 5 3706 485 356 214 13 3774 240 8528 11 1604 152 38 587 15 23 2857 637 2 1290 1183 114 7 7499 103 102 2741 14 867 27 264 3 62 4 18 156 0 65 44 1384 69 5659 1442 1756 282 1591
3 225 67 4336 293 2992 2191 56 809 426 22 256 24 475 1734 1772 13 2696 976 7924 590 4009 143 1290 30 853 83 5286 907 447 165 5803 78 68 3142 1041 1841 210 1054 92 4361
4 3646 862 433 3751 1623 299 5390 53 2413 552 1387 1863 890 9493 2460 3227 3692 308 3404 1290 51 229 742 779 641 2478 110 6388 5196 8401 1628 891 47 2894 568 941 9290 9017 3860
5 155 8 933 40 1174 158 125 285 76 24 128 1153 123 55 135 316 94 87 3109 97 60 195 510 255 1437 1023 1277 1274 95 859 1290 249 1183 482 25 439 1958 29 77 2478 78 8044 869 90 1184 611 1270 621 496 7234 0 1065 93 1702 3304 107 3849 6698
6 144 197 40 3131 122 364 2196 1070 41 133 112 135 108 388 1106 75 100 96 404 50 280 126 498 9915 1610 5634 659 34 401 148 26 25 1697 2943 66 86 188 132 1871 1194 1476 89 164 175 65
7 10 708 115 79 4023 4829 1496 158 1452 17 125 22 139 24 37 1189 277 55 485 725 13 316 195 96 38 23 2768 74 4371 51 1805 30 2169 229 145 102 130 66 176 9425 650 1315 78 12 68 166 62 18 47 89 42 65 1152 7508 459
8 57 10 3302 4525 178 2148 121 1287 56 52 54 9356 2171 4864 3747 24 290 70 1189 1581 123 135 240 524 1754 96 38 2140 594 261 5011 85 50 7269 901 3179 280 8149 3692 9030 709 5515 118 34 1290 1134 5247 4703 1735 8819 62 164 151 35 6837 58 187 2158 436 216 735 411 815
9 6 1790 155 131 2726 329 1312 8 28 121 56 158 2700 17 52 33 1077 554 22 139 24 1 1881 432 7878 290 9 120 5 20 725 84 2820 4308 97 6729 19 11 60 6304 2140 15 126 5200 23 4390 468 2 249 106 403 7 229 204 442 176 899 873 14 2616 110 27 78 231 3 869 727 62 166 4 7147 2136 164 35 1001 0 65 2955 58 138 1554 2170 69
10 4609 914 131 2371 708 8 1506 28 1707 1737 17 2848 22 940 139 1 2685 1667 9 37 5 123 824 55 2871 13 5725 624 72 11 19 3477 38 15 1437 23 4266 1131 4432 468 859 2 1290 30 482 7 371 16 4978 145 442 29 21 14 27 5031 957 2701 9047 78 3 12 841 715 5926 62 4 18 47 32 35 0 4210 65 82 6379 915 138 372 1826 332 69
11 206 10 199 671 585 136 8 6656 6138 303 121 1122 41 8139 139 631 1 73 80 9 37 120 5 20 123 55 356 301 316 236 84 75 87 97 72 248 2614 1385 117 95 45 6238 659 34 2 5333 2003 7 229 3441 737 204 8450 103 873 650 653 3457 90 4 65 0 93 268 69
12 252 6 2371 155 3483 36 8 595 221 2148 28 163 121 1077 54 554 878 7929 1 290 2757 120 37 9 1298 5 20 803 316 1850 87 72 624 19 11 63 1310 38 126 647 2153 184 2 421 1290 51 114 300 253 7 16 61 2116 29 48 176 14 88 27 867 731 3 632 12 869 62 4 609 1502 35 0 82 1263 138 1671 69 1591
13 1271 1979 708 4994 2579 8116 1506 7325 2049 358 7658 1156 1981 8802 4864 2491 1967 2198 572 240 5336 414 50 429 218 2142 1445 3572 7162 7918 3257 2282 567 849 1042 29 3041 1959 4350 1438 3284 1793 909 611 4482 1087 1540 1801 1413 82 93 138 3839 6480 8688 3096
14 252 8 370 992 81 343 291 1136 450 825 285 6630 185 290 2767 1587 1902 4974 362 2268 1104 39 289 762 118 143 2857 4895 1521 1000 482 7 1807 6031 3441 807 442 349 102 1100 417 1283 2205 1207 611 2126 1097 0 82 7155 3698 9559 92
15 57 131 199 8 2700 17 139 1 480 9 5 1734 301 183 84 11 63 38 126 3266 145 2976 21 5751 899 3 1270 500 1766 164 42 65 138 268 513 487 5482 6 10 193 7537 1506 2707 28 9365 3467 631 3774 87 19 1597 977 15 280 4885 23 468 308 2 5313 30 6459 26 7 1225 4554 968 61 212 2818 14 650 8215 632 3424 62 18 9957 3082 4510 0 1365 69 7915
16 242 3689 170 40 314 56 5791 418 256 207 112 722 1596 223 288 3943 5667 1754 3950 506 3715 659 634 7367 249 258 2744 3309 8427 215 5484 2296 191 160 175 6565 848 4797
17 536 1584 178 8 161 2033 561 5893 28 17 1030 2342 763 1743 9927 6049 4063 70 9 2232 5558 5278 454 64 5404 396 5218 8152 3306 85 583 494 390 3977 435 3243 2 1330 7 946 345 2981 1420 66 2905 694 731 3912 273 1801 1185 238 9470 0 1263 210 2145 797 4167
18 9611 1251 1369 4302 79 161 1171 56 158 33 7984 554 139 4388 879 207 6756 979 9 910 123 55 135 355 301 13 747 8334 686 60 524 50 280 583 1395 390 5634 118 389 34 728 26 229 25 439 2688 2138 2523 204 750 21 102 598 4102 231 646 267 157 393 1930 32 42 175 65 245 138 365 6234 1546
19 8933 9732 536 5395 67 7387 1506 992 1171 303 1529 56 746 2391 4063 1762 146 480 290 80 2374 134 764 625 339 84 2348 1434 140 1548 3621 3448 6930 9768 1437 981 250 1524 309 3119 659 1290 1119 800 243 6684 300 1128 849 298 871 9081 88 861 612 231 1689 2079 1900 3142 1376 5497 1132 47 1612 995 769 35 545 5910 138 1799 2208 92 1896 346 778 1244 168
20 252 57 10 199 3483 36 8 2591 549 158 17 125 33 41 24 542 4225 80 120 9 20 301 1638 1052 75 97 1168 686 11 140 7069 1310 1117 23 74 2153 709 859 1290 2 249 5526 148 4067 7 1225 3441 16 61 907 29 102 176 410 27 1005 1412 3172 1771 12 7048 2930 2298 3198 4171 4 805 18 3497 35 42 0 7081 7347 2150 138 2659 8454
21 252 398 199 36 566 7242 8 1482 1089 28 3158 17 2848 33 54 1593 22 41 878 1 9 37 120 5 20 2264 84 11 96 594 7569 494 74 348 4247 2 34 1290 249 403 114 5985 198 16 204 103 176 21 48 4157 2905 14 110 27 1350 3 841 4 47 5554 0 1554 44 749 5482 69 325
22 57 8 303 554 299 1 9 5 356 725 301 236 11 63 1310 342 126 583 2304 4347 117 45 859 389 253 9517 198 843 442 2402 21 27 3379 3 3211 157 6404 164 1930 58 138 107 6 155 708 193 161 197 40 28 121 7624 41 73 70 120 20 355 97 240 72 19 60 977 404 15 74 468 46 2045 184 1290 2 148 114 7 26 16 61 7293 224 2818 14 731 3424 4 805 6035 8955 0 1173 1888 44 69
23 57 252 6 131 155 1429 193 8 595 2509 56 17 3158 125 52 426 4226 142 139 1881 5 3600 7607 60 228 1387 15 2216 1016 2487 3046 23 4266 494 250 194 233 7850 309 129 184 71 243 253 482 26 7 83 2187 1450 5643 650 1412 86 132 3700 7584 35 545 462 58 245 272 310 138 915 1799 107 948 4919 230
24 252 57 7086 2060 708 131 178 193 8 105 2444 961 22 554 940 24 542 104 1 185 1572 290 120 70 9 725 7373 6347 236 11 19 977 15 2614 23 271 39 305 726 2 1290 31 2168 30 7 91 16 900 145 21 14 2431 27 78 1793 3 8702 1930 42 1173 0 82 679 269 1152 6698
25 57 1645 6 10 131 3251 161 595 40 1174 3196 3262 2106 7382 1222 3747 542 4397 2685 1667 602 120 20 64 301 13 236 101 3139 1434 72 19 3398 140 63 38 15 342 1610 23 1524 7354 45 9054 389 3880 3964 8243 147 8360 7 26 9677 1134 4100 83 880 88 4724 12 166 62 18 393 164 35 1888 1263 6115 1200 850 107 425
26 206 181 708 8 197 105 234 2889 1077 554 5381 1 3110 9 4090 5 485 624 60 1951 15 342 50 126 23 39 46 309 637 2 1290 409 31 147 25 415 258 446 1420 27 7315 49 3175 267 313 0 138 210 107 948 5959 168
27 331 115 8 221 377 1954 122 43 121 2889 17 343 22 41 24 299 1 37 9 20 13 84 1434 8761 72 443 552 414 6668 1395 45 184 389 2 1290 409 31 300 482 7 855 849 83 176 27 1412 1522 646 909 417 4 157 47 2780 164 5295 35 0 679 44 138 92
28 206 144 131 178 975 1506 2486 5091 2360 17 383 7590 990 554 1917 80 1150 681 830 301 1106 94 53 1344 686 860 60 1643 2576 552 655 414 23 6785 5850 309 114 253 4281 83 224 2402 102 410 899 1656 4364 653 78 173 68 2048 4104 1583 836 5051 164 1788 3768 272 93 1200 138 268 107 325 4425
29 331 9225 1296 36 155 708 2726 329 881 962 33 4848 554 5069 37 2212 681 526 236 1721 624 2240 594 6668 270 999 46 34 728 793 31 196 484 25 16 1697 391 48 66 330 4724 337 2684 49 12 727 4 609 5990 3054 393 496 1263 1803 138 2983 321 332
30 8654 7408 1979 914 199 67 1210 8740 150 43 234 461 1324 687 41 142 432 602 4429 681 8365 9543 9360 1026 1610 583 610 9246 74 537 884 928 196 2427 26 198 109 4801 275 8875 110 201 715 149 1583 8241 42 138 2385
31 6 10 199 36 8 3591 881 6163 776 105 125 24 1 37 9 120 5 356 135 408 19 11 96 1387 15 126 23 117 74 184 2 249 31 30 300 7 16 61 29 21 176 596 14 27 12 4 273 621 18 42 1065 58 0 82 138 1911 735 69 797
32 199 8 119 197 43 121 56 2700 52 33 4850 3992 22 554 2683 879 3923 1 3110 9 120 20 5 6378 5921 339 3398 96 1604 2614 4618 1524 999 74 709 665 859 34 2 1780 1290 728 31 253 7 6616 968 1352 16 900 4607 4343 176 3470 14 27 1412 1315 231 632 49 132 869 5615 4 7559 47 2296 1334 32 0 65 619 8015 1554 138 346 3849
33 180 4953 8751 4172 7585 79 6656 8 377 1954 211 2848 2214 3053 54 990 554 22 432 73 3563 1667 277 9 20 3455 681 5754 13 316 6539 686 228 1114 63 38 126 1019 382 3447 3097 74 2521 503 51 482 7 3639 973 83 204 8488 102 176 7437 598 2425 9933 12 1284 1011 1184 3142 284 4 149 1468 18 2274 1583 1151 1413 35 32 175 0 58 3239 44 107 69
34 57 708 4023 329 8 4728 40 28 121 1287 17 125 52 1077 554 22 24 1 73 9 120 6604 5 20 2713 55 11 63 38 152 15 583 2300 1575 305 74 95 2153 1408 2504 2 1290 148 371 25 9039 16 29 14 27 3 12 1809 166 611 4 621 18 164 35 0 2955 138 1756 168
35 5158 638 8315 5221 7537 2148 5552 81 444 763 3190 1607 554 519 24 8030 70 277 344 454 388 1883 7718 96 6644 1016 7970 3977 118 31 675 482 4410 198 6137 3126 1959 6059 137 18 4435 1186 3011 4710 42 4358 82 1494 1263 310 6962 138 829 3839 8973 425 969
36 616 131 1528 585 751 3003 163 469 697 406 2180 733 2810 1783 134 681 1508 408 396 2979 8465 967 85 9562 4984 353 9246 1736 1351 9710 998 849 737 6137 2552 1936 2073 434 48 871 3996 14 1404 9521 1966 3 9040 137 1080 2097 1151 4919 797 969
37 6 5862 1985 155 8 1482 303 1089 28 121 1737 444 1027 2513 1 5 2713 356 13 246 19 60 524 154 594 50 126 23 4347 647 3097 45 159 129 184 2 1343 30 114 7 26 968 176 1959 77 88 27 3 919 8702 32 151 42 0 82 385 44 487 69 8660 1256
38 9906 1362 903 1549 304 161 119 8704 2840 2360 2717 125 1937 6284 2047 54 142 432 3659 3455 6166 141 7373 8948 172 5329 2572 96 768 1370 4507 999 46 159 399 147 484 557 5472 4221 971 7977 98 2738 8643 166 7253 1456 346 3299 2385 4018 815
39 57 6 10 4768 615 8 119 40 17 2889 3053 22 554 5381 1 1667 9 5 4089 356 7104 335 546 5921 84 339 97 11 3182 977 15 1292 23 2503 613 74 468 46 184 2 896 1290 148 5895 30 3121 7 968 162 176 110 3 7048 166 62 4 273 18 836 2416 0 138 3983 107 1671 5546 797 2383 69
40 5296 3400 329 595 211 972 43 2475 3345 1401 52 777 259 1 9 3858 672 388 3044 977 1611 15 5931 265 143 2 1290 1161 300 253 7 907 102 2423 231 982 173 49 284 3561 47 160 545 1263 3704 2442 210 538 2143 850 8364
41 331 6 10 5862 199 197 549 1510 2214 1027 3790 142 2492 37 910 627 64 135 625 13 53 72 3884 19 205 1723 382 784 117 39 665 309 389 634 1290 2076 31 196 51 253 7 26 900 83 737 145 442 224 21 2735 650 2258 1679 4364 78 632 2079 4142 516 417 137 157 3135 1173 476 6379 44 268
42 252 57 6 3248 1369 10 935 708 155 8 119 1768 170 28 81 121 3514 56 7360 2047 3585 299 1 636 5860 37 9 5 20 5973 5514 172 6092 11 19 63 1489 38 1310 5011 15 2291 126 4408 1495 665 2 1290 2076 30 243 482 7918 7 9517 968 843 1352 2976 224 176 3533 14 88 27 4288 1522 4820 1789 3 1184 62 9896 4 1132 995 151 1001 0 58 1263 82 6362 138 487 3286 2659 69 332 4568
43 180 5205 708 7589 251 2316 52 2094 1988 1967 9359 2198 803 1721 2052 246 7986 11 2218 890 1019 265 3016 6655 1483 111 3395 3038 91 6126 1128 1215 8629 48 477 98 132 755 219 62 609 6035 8309 42 785 324 2859 5038 325 8454
44 206 331 5395 2238 4551 1904 370 211 3927 739 1674 3443 7594 1070 4226 1933 2196 256 207 8739 9459 4089 2627 4869 135 1033 13 747 1052 1204 3363 686 4532 152 4817 6169 716 2291 8034 1221 1395 39 1753 309 348 7518 2563 3970 2841 51 2823 8541 162 742 750 3065 2116 907 102 1236 880 3913 1878 2091 330 653 78 1379 2298 5210 1002 1283 8480 1376 1132 1413 187 1651 327 1263 712 5621 2698 92 3849 332
45 252 2120 1296 115 79 67 1862 8 5661 1954 1482 363 54 1122 41 1714 554 73 120 70 108 13 11 19 63 1310 38 583 424 4421 74 95 45 859 1183 30 243 6459 114 2162 7 16 162 61 103 29 176 2818 330 14 867 1412 3 12 171 1502 18 7895 47 156 32 151 82 1263 138 7055 6698 7548 69 332
46 2238 155 708 983 329 8 119 1017 3378 33 4372 22 24 1 9 979 1298 5 824 485 294 1168 152 205 901 651 289 489 2 634 1161 7 4281 16 478 5720 102 66 873 88 27 612 2972 12 49 8992 166 4 1692 1502 0 327 1629 2816 1494 138
47 57 3483 708 4336 8 136 751 3106 217 43 28 3514 5182 383 554 207 1 480 9 37 5 614 344 2264 135 183 316 236 84 3635 384 85 583 192 39 1495 1307 1613 2 31 1521 7 737 109 224 3887 598 27 78 517 90 2205 4 5990 0 58 138 1327 69
48 6 10 914 79 1312 751 8 119 211 1510 4799 2825 104 146 1 120 274 2920 55 356 13 236 1344 8334 97 5843 19 63 4497 38 404 15 126 583 23 39 3692 1575 233 309 184 1601 4247 389 2 148 30 300 7 26 25 176 330 3 12 1809 3684 18 164 545 35 2955 65 0 138 1384
49 2120 2371 36 131 708 67 59 8 259 142 128 120 112 3471 84 63 1090 7600 1325 994 1530 39 309 3493 4131 186 106 51 1606 473 253 996 415 61 641 8450 212 478 29 3332 970 7975 267 1151 89 65 138 69
50 2453 199 2612 926 178 5626 4619 776 817 158 2430 2444 54 4995 6762 41 4864 76 146 70 1891 2292 64 1446 236 2248 240 140 228 6755 587 2787 3222 1524 46 233 31 198 2688 61 2941 2147 6577 204 391 2073 21 48 1921 8643 653 1269 8044 333 137 6523 2126 1263 5084 9346 216 268
51 1989 6 10 155 708 329 8 197 2148 28 121 17 9365 22 41 2613 554 24 3923 1 146 9 910 5 20 725 13 72 11 19 2420 63 977 1387 1745 15 3046 23 117 45 665 6877 2 30 2826 5603 7 1225 371 198 16 2500 21 102 2818 14 27 5031 78 3 12 4 1692 18 5501 1159 35 0 58 187 1263 138 268 1826 4946 5659
52 2175 7307 6376 225 708 595 170 105 1017 1401 4849 1096 961 7959 1950 4589 24 868 1153 5616 120 123 2190 6001 339 1465 3319 6514 1012 587 901 4130 1417 3999 1088 2577 5313 106 1805 5175 244 2523 2721 789 9946 397 5936 861 2275 4025 7869 951 2164 1476 1186 6744 8955 42 476 2293 1702 365 4277 1591
53 252 57 398 6 225 914 898 708 8 933 211 3500 167 1035 1313 461 1077 54 5429 41 24 1876 1762 7712 395 1866 9542 9 5150 5773 134 355 4977 1434 63 510 152 382 534 250 1495 1408 665 71 3243 6082 243 371 7791 968 4813 1958 2976 3102 176 110 1704 231 1590 1294 3215 0 679 138 216 2538 948 4335 760 490 1546
54 180 115 2612 5447 566 509 178 193 161 561 9519 1401 52 1607 22 41 523 139 663 80 123 274 55 451 288 5982 13 2000 4977 6373 4044 2291 280 4500 1568 95 468 1290 5313 243 482 5020 439 954 204 4632 21 110 3379 231 1771 715 68 273 149 2902 5195 1321 32 82 1272 44 92 346 2177
55 57 6 10 155 199 115 4525 8 193 161 549 1171 1089 28 121 1737 17 6051 6887 554 927 1 3244 9 37 5 20 55 485 725 747 13 3774 84 1434 19 11 443 63 38 3477 404 15 126 117 1495 468 3008 2 637 1290 4148 30 2112 7 26 662 16 900 4258 7293 21 176 410 14 873 88 27 867 957 650 3 909 12 1184 1270 4 1502 18 1151 35 0 58 65 1263 44 138 1591
56 2044 181 59 119 3756 1890 33 825 481 375 2810 128 868 3631 80 1581 4514 2264 8402 183 707 4612 154 3006 8114 3796 390 1613 1290 5566 2282 83 391 5472 789 880 203 3057 2451 1840 90 4452 1184 1690 179 805 1502 2746 58 1600 5276 138 325 3014
57 323 2195 197 3348 40 28 158 444 2330 54 76 375 1572 70 5902 2348 75 19 524 154 404 45 118 111 422 243 91 25 244 442 349 3831 176 77 14 203 90 296 4656 2780 1334 35 0 365 797 3975 5580
58 6 8430 1768 3516 3514 1149 1287 550 4417 1665 8076 6756 4478 7460 335 680 396 666 8355 1228 19 1597 655 342 429 1023 4390 468 3773 1290 7279 2076 1627 745 91 5312 4133 254 434 77 4667 264 909 171 137 2249 1132 6005 720 89 1612 1534 520 42 2593 850 513 4672 9894 2659 684 69
59 8138 536 914 708 8969 933 2980 2104 881 167 343 746 1096 902 1566 189 1480 3908 702 857 2231 195 6246 1745 2948 382 1277 762 118 1119 2956 1805 4646 1134 61 434 871 203 2043 535 231 1966 646 1011 6335 6134 5459 8146 2692 769 327 216 1972 1187
60 4609 331 6718 119 5661 122 43 163 121 158 297 554 1513 1876 636 5616 3455 123 1106 747 101 232 53 240 782 5605 524 3199 552 510 38 5011 583 1131 390 5442 1290 4962 409 3024 25 235 907 77 88 12 49 132 715 2526 2562 2573 4413 1927 238 7401 216 138 5349 6234 1260 797 1756
61 206 2759 5801 708 566 7033 105 9311 2430 2608 4859 285 142 984 146 480 112 2627 135 408 1137 236 53 8672 362 351 342 429 583 3517 8272 265 2705 148 147 484 7672 213 4099 2552 2649 12 869 2134 7291 215 3661 89 545 7546 82 2960 3807 107 266 321 230 815 1227
62 6 144 155 79 8 303 28 363 9208 56 7624 2106 3052 1122 22 3428 1 1881 9634 120 9 37 5 112 7966 356 625 13 236 3879 53 19 63 1310 1012 15 2785 4982 583 9502 1395 382 3870 117 45 309 111 2521 2 2076 31 147 662 7 439 3270 442 5876 21 176 14 2616 27 3 919 62 7454 4413 5887 151 1173 0 58 6379 1263 138 829 107 1826 69 1187 1591 495
63 3248 4605 2371 155 708 638 115 1779 8 1303 4630 7892 285 2683 1 1967 9 2849 5 551 227 8402 64 232 3444 8355 4880 63 506 1019 1104 583 424 3222 1495 468 709 184 5779 2 5519 8947 253 7 968 900 145 1236 1123 6702 8295 5448 1223 3478 715 1283 47 6481 3642 0 8543 2158 3423 138 915 1554 660 3025 487
64 8184 6 6767 671 193 161 8 9305 5091 40 43 1482 3032 28 56 1737 962 6769 22 1 146 37 120 9 5 356 4688 3317 100 72 63 977 126 9584 9613 2 1290 7 198 946 2147 6165 750 21 1236 66 1758 873 27 3718 90 1283 3211 166 296 4 149 157 621 2262 238 0 187 327 310 69 778 332
65 206 10 59 178 1491 2180 5429 3582 3410 6756 73 395 120 277 70 7151 64 135 764 396 97 72 967 4178 1117 429 6222 1004 1385 117 390 4403 34 1290 4962 4148 7753 2003 25 4978 103 224 29 1718 434 1921 410 9572 4288 165 1679 132 841 18 734 1732 626 1476 2296 604 32 82 2837 138 2200 107
66 252 845 7674 307 8 136 549 3767 3205 158 6131 1988 636 1 9 2849 80 5 947 485 8342 301 288 101 94 87 63 3477 976 95 45 2653 457 2922 2 2852 634 1564 1128 5834 3676 78 231 4040 49 171 393 42 0 2593 138
67 144 36 155 671 79 8 193 119 3767 28 33 519 1881 392 120 37 387 979 20 681 2052 4977 228 19 63 152 38 404 8080 7687 1951 126 1495 9886 3293 3389 71 1290 114 7 16 6147 29 21 48 14 88 27 98 12 68 149 157 621 2132 1334 160 32 0 1263 385 138 574 3975
68 1669 155 708 509 377 992 81 1401 887 6097 22 76 1436 2513 1 9 112 274 551 279 2152 135 84 357 2967 85 15 3502 1447 1395 647 117 4597 468 2 1351 2169 243 2112 1000 8466 3759 8938 1428 21 899 2735 8911 27 264 612 7774 517 841 5350 1332 2274 604 0 187 44 2837 372 1113 948 1078
69 4834 2238 4276 4035 199 671 1757 2085 566 751 211 121 17 4436 501 2100 426 1593 554 519 542 139 24 2919 20 3520 824 356 388 4301 13 1446 572 53 240 782 11 60 38 2448 15 126 117 6986 659 1119 30 2112 3266 2359 83 145 3853 5876 4342 410 9665 2616 1005 1522 7042 3 12 2744 171 62 3561 1468 6452 18 720 47 1294 82 216 138 850 107 3204 6543 346 7827 3299 2177 778
70 378 5724 59 1506 4942 2973 40 125 1491 1262 984 104 55 1320 577 666 113 1877 1168 5667 384 152 4178 7303 367 840 762 184 319 1290 116 147 2147 298 21 48 410 880 448 90 2298 609 2090 1497 42 487
71 252 6 628 3953 1099 8 2591 150 4088 549 1599 306 4881 2513 1 290 120 9 5 6018 335 355 546 182 2477 15 2291 583 1867 534 1495 169 309 859 2 7 229 968 298 176 77 27 448 3 445 2099 360 3684 0 1263 350 138 1671 1384 69
72 708 3591 1360 1510 1324 2433 33 4630 299 4594 475 1566 388 64 2114 1509 183 2261 7797 2313 6092 3398 3182 543 261 404 1571 194 118 3358 800 51 6094 174 371 1353 83 7862 397 1894 1190 5721 3231 4040 2029 516 1478 609 7559 1621 9478 65 6258 515 6979 1384
73 7798 57 155 3708 1457 1195 8438 2063 776 5124 303 158 1311 5627 1122 6589 1339 70 6188 4320 320 1106 172 3826 8156 1558 140 1386 5209 1114 2240 1611 2201 1571 1274 1495 6735 95 289 1307 46 3166 348 1290 3824 1232 1128 597 6057 596 899 14 3403 4726 919 1284 132 333 4524 137 2249 2703 267 703 496 1065 82 6379 1494 619 138 574 4923 7218 1562 2869 5838
74 3149 4676 36 167 2717 158 17 501 6450 1917 112 5150 3600 134 64 443 50 342 126 4837 23 250 39 1274 169 46 34 1161 5526 148 7 1807 968 25 4021 1038 16 446 145 2116 29 9572 8853 14 132 621 4510 65 138 1365 1384 431 168
75 57 3033 131 155 1073 3689 170 1336 52 8901 1843 2654 432 222 5773 3420 454 335 511 101 87 6290 195 587 402 6913 129 489 9464 174 484 257 849 235 212 8734 2431 589 49 173 2858 32 245 679 1263 44 3769 1671 325
76 6 2060 10 155 131 8 549 28 121 17 3992 22 24 542 139 1 9 37 5 112 6288 681 13 236 1344 19 11 3182 63 152 404 15 126 23 382 6402 3279 8095 184 2 389 2168 148 30 114 7 26 371 484 16 900 145 21 14 88 867 27 957 4364 1771 3 12 869 166 62 4 8988 3408 157 18 164 35 0 1263 372 107 2844 69 332 495
77 331 144 5872 1251 1549 533 2265 1258 52 501 1593 207 2533 5582 7342 3160 1577 123 183 1638 6961 75 2942 4959 3884 6745 4098 50 3293 651 896 1290 403 1300 2378 25 9710 1352 254 235 3981 204 103 330 2258 653 3603 715 90 5848 720 8241 8332 7792 35 32 138 8733
78 5707 708 67 9888 3525 361 343 1 146 9 3706 680 355 172 53 19 443 1597 6644 292 261 1951 654 126 117 318 45 46 186 2 6684 750 1913 21 275 27 352 137 2858 32 0 187 1629 1686 168
79 57 1440 131 914 4551 79 566 8 7709 52 1122 76 3923 1 4613 2533 73 9 20 227 55 64 316 87 97 11 19 140 1604 8271 594 15 2 148 5895 300 7 26 16 1352 9713 224 21 14 27 98 841 4 157 500 4122 9957 156 35 238 0 58 476 1065 1799 3983 107 4164
80 2060 181 8040 3089 1454 3281 9947 8 161 221 197 4858 28 81 52 287 426 990 554 24 3923 1572 37 9 5 9678 227 747 6337 101 94 686 782 1386 1012 50 184 422 148 147 968 4241 16 641 224 410 971 88 1626 4 149 0 138 1911 6565 69 1256
81 57 914 708 1135 1031 59 5626 167 549 1017 978 209 554 76 375 8094 146 1153 37 277 3631 824 803 764 451 355 113 857 524 152 85 194 74 1290 196 7734 148 51 1627 1000 662 1564 25 9039 345 235 145 7481 110 861 132 727 273 156 3458 7234 7727 7081 138 5483 513 1750 321
82 6467 7837 252 536 155 199 79 6656 1303 3624 52 978 9294 7677 1665 247 578 879 73 99 290 70 277 625 725 339 7433 271 494 3097 389 31 1300 2282 341 2592 235 102 77 49 3457 2739 137 1628 360 5882 1930 496 1983 32 1263 374 829 6029 1671 684 1218
83 6 1932 1595 155 8 1482 3730 2433 209 1 185 3244 9 5 112 227 485 454 11 60 19 63 126 218 4238 184 859 4273 2 3613 106 30 7 968 162 998 900 235 86 3 3406 4 179 2780 496 670 0 374 372 6979 797 69
84 6 10 36 1584 8 1195 17 4291 33 554 6049 395 20 3706 112 135 451 7908 53 96 655 1745 280 117 127 390 289 3008 118 348 34 1290 51 26 599 229 1232 9335 83 176 102 410 86 455 4364 132 171 3424 62 1275 621 2136 1321 164 175 65 58 5276 138 515 513 948 1541 3412 321 3140
85 2397 10 2730 36 1757 4985 615 8703 193 2432 3158 3224 1398 3410 1222 299 37 135 355 1137 183 1393 1052 2052 75 1344 3071 3319 6787 46 5641 422 4606 31 7557 253 26 83 1388 66 970 2652 938 201 516 417 7876 609 951 626 836 3569 187 44 574
86 6 10 3483 36 178 5851 9832 119 28 17 33 41 554 285 139 299 4478 37 80 5 9551 485 189 240 100 60 1643 96 404 50 3046 23 8270 74 348 726 1601 71 184 34 599 968 25 61 145 103 48 410 596 3057 68 62 9514 267 245 1263 310 138 1541 9447
87 6 323 115 615 251 377 2509 81 17 5046 1333 717 207 4704 949 9542 70 979 80 1847 1137 1850 236 3045 1558 72 5136 552 71 2841 1290 2076 116 91 4048 882 598 1884 3 909 166 177 1583 3069 4738 9086 679 1702 538 850 1273 797 2288
88 155 67 329 8 161 561 2316 361 7777 461 501 54 1027 879 7117 290 9 120 135 355 6831 510 1310 3194 4500 4266 1571 4841 95 5668 659 7707 2 9593 1290 928 7 371 83 8461 6577 1958 2372 29 330 88 8381 1656 27 957 98 1223 1808 869 715 90 2739 124 4 1275 1468 278 1583 2296 35 238 7234 0 1263 660 92 5546 5778 282
89 206 2377 3526 199 155 1757 3137 161 8790 81 121 2019 4537 8978 24 532 1172 636 146 277 1734 112 5773 135 625 13 53 72 782 152 218 126 4618 424 9657 233 159 111 1290 4962 51 30 3024 484 4281 2941 102 66 3470 330 110 3 1008 5350 18 164 943 7584 545 187 436 44 210 268 538 372 1896 6087
90 2322 6 10 751 43 28 1452 554 22 76 1 146 37 5 183 13 72 19 11 9358 655 15 255 218 250 2899 45 309 159 184 111 9054 449 1290 147 229 2359 21 48 410 14 110 201 3 646 3457 90 4171 32 679 44 210 138 372 1384 1256
91 5275 4289 9127 585 8438 2033 3003 881 211 1155 739 28 1287 1452 1091 962 501 426 825 2492 375 2654 207 663 1 3244 395 387 7607 680 183 1691 339 8334 4370 7167 3066 5664 1221 2304 647 5850 74 3229 421 1290 1119 4962 4148 196 148 114 2020 439 176 8019 2905 14 455 7315 919 869 68 4171 6005 151 0 644 210 4081 5659 1227 4581
92 9138 206 10 671 585 1862 1073 7013 122 28 121 1714 24 299 73 20 223 316 75 1434 97 2334 60 38 205 255 248 1673 497 2978 3097 45 7776 8801 106 1804 1958 442 789 1537 130 3676 62 611 137 179 18 1334 82 327 1263 216 268 2067 459
93 144 2285 59 119 370 866 150 122 1155 669 128 99 108 2809 526 84 6369 5329 4070 152 4497 280 1395 784 250 276 4219 3532 1290 9351 4807 555 1388 597 907 5041 1332 1098 164 885 3540 3586 160 712 1702 4662 1948
94 2120 2185 225 5447 2601 170 2819 1360 697 7708 2329 3428 663 432 133 123 1783 189 8492 572 232 782 402 218 2965 757 5909 421 1290 812 148 7971 5603 91 557 946 258 4157 77 8993 264 1223 612 1008 2882 4857 4625 1001 374 282
95 2668 2670 4373 3995 638 993 200 2706 1017 8518 929 3654 7275 24 2820 813 652 140 3199 2240 594 1112 1575 7313 319 3056 2169 30 8243 116 6848 26 2138 66 4157 1257 7173 908 3946 8992 4791 267 1956 5516 2791 6951 138 2143 487 7287 4725
96 131 1429 67 2088 193 43 163 56 1361 542 256 20 112 108 189 53 504 1558 72 154 1489 96 655 404 271 127 3141 74 709 184 6082 1290 249 114 147 83 446 109 29 455 201 219 156 1001 58 1442
97 57 6102 6 131 155 9630 329 8 197 40 28 158 56 125 426 22 5381 285 2492 1 1881 9 120 5 335 4301 13 1434 72 624 19 11 140 63 15 126 23 4266 46 1868 2653 2 249 148 30 114 7 9691 3441 16 103 21 102 14 27 86 78 3 4142 12 166 62 4 1095 6062 0 65 187 6379 138 5276 1200 92 735 69 815 168
98 6 10 2039 329 8 6201 2148 40 303 28 121 17 52 41 285 139 927 1 9 120 5 20 55 236 72 11 19 63 5394 38 15 126 23 3097 1736 2 249 7753 114 7 26 229 198 16 224 21 410 14 2478 7173 27 3 12 5350 62 4 157 18 35 0 58 65 82 7347 915 44 69 797
99 252 1989 180 155 199 708 67 8 1093 211 1954 303 28 56 17 406 22 139 4397 1 3110 9 70 20 5 1734 55 1320 13 1052 101 84 686 6385 63 3543 539 15 280 583 6402 8719 45 3008 2504 2 1290 503 2163 253 482 7 198 1352 224 2918 102 14 8707 27 867 4487 1793 3 166 62 609 7454 4818 1334 32 6141 175 65 0 187 138 915 7218 1648 69 1756
