100
0 8 138 9 7 2 1263 708 5 27 176 155 709 9517 19 968 4171 1384 554 120 2076 197 869 681 2378
1 138 8 0 9 7 5 176 14 6049 3198 27 1572 1495 968 1290 1780 4291 3626 4651
2 8 3975 2264 3756 9 7 2848 27 138 3244 1502 797 1495 6049 867 9584 4247 728 1866 2367
3 3097 1671 8 2 9 7 1334 27 1958 138 155 14 5 120 549 15 554 7677 404 618 308
4 0 1502 7055 3975 2818 1310 1482 371 93
5 8 0 9 138 155 7624 28 27 1310 3849 2208 4291 4651
6 8 3097 3756 9 7 1502 3244 27 2264 7624 1310 176 1334 2153 120 7055 138 69 859 1958 2818 5276 126 148 3110 867 329 2367 1410
7 8 1310 1290 7 9 138 2264 27 554 1315 14 621 9517 1434
8 8 9 155 2 1495 7 3198 5 126 27 3774 3389 1572 4 19 867 485 120 869 709 1290 476
9 6729 8 9 138 2 176 7 5 69 155 120 28 554 3110 2076 1077 8334 2216 2381
10 138 8 3244 2848 5926 2 7 9 5 27 1737 28 176 14 554 621 6 6049 3477 583 708 2500 878 1866
11 8 3975 138 7 9 27 2591 1671 2060 19 69 121 1572 3684 3849 2136 7320
12 0 8 3756 9 7 2264 1502 14 554 621 138 5381 5276 126 1310 1263 2153 867 708 1972 829
13 138 8 0 2264 7 9 1482 252 126 7242 1951 3700 176 1888 852
14 8 2 9 138 7 6604 1315 176 5 303 485 19 2153 948 121 355 28 708 3046 155 1387 2316 3001 240
15 8 0 138 1290 155 1263 120 1310 3244 1173 3774 1930 4022 6962 4421 2216 5710 5451
16 8 2 1315 9 621 7 176 14 5526 485 968 27 948 4 126 63 303 155 4371 4023 2857 243 2316 1170
17 8 0 9 6049 138 7 252 797 3923 968 5381 2955 869 686 719
18 8 0 9 5381 554 138 14 355 120 728 27 708 4102 583 7984 1070 1972 739 258
19 2264 0 8 5926 7 9 583 5 28 708 1737 3106 138 900 176 494 3986 4310
20 1290 8 138 5526 7 2 9 2153 155 27 176 120 2591 69 583 28 709 3198 968 859 3358 1257
21 8 138 2848 9 2 2264 3684 27 1263 5661 867 5895 3475 4547
22 1310 1290 0 8 2848 9 2264 7 3244 138 27 5 583 28 5926 9517 7624 1495 859 3774 1737 2818 708 5661 4247 4594 4310 2367
23 8 0 138 7 3244 9 554 2060 27 14 19 708 583 6577 1132 2367
24 2264 0 8 3756 7 9 27 2591 2060 1671 1502 138 708 120 5276 69 1173 1572 859 329 2546
25 2264 8 138 0 1482 2 9 7242 1495 7 69 1 5 176 5482 27 14 6 19 583 492 852
26 8 0 1290 138 5526 27 3975 1495 1954
27 8 0 9 7 7624 2591 1671 27 28 155 1495 1310 2848 69 1954 2780 3774 3097 3389 2060 867 5603 1869 1360
28 0 8 5921 9 138 7 554 14 621 1263 900 968 121 6604 708 9517 2153 850 3514 3369
29 8 2 138 176 554 1315 6604 27 69 968 120 485 5661 6698 2153 303 4371 3514 8334 531
30 8 7624 2848 9 2 621 1263 968 7 1310 708 27 5 19 126 155 9517 5526 2076 28 120 69 138 869 5450
31 3097 8 0 5921 554 138 27 7624 900 1334 1310 2486 1173 621 867 869 7320 3532
32 3975 0 5921 138 554 27 900 176 797 709 121 6049 968 3849 1315 583 4291 7691
33 8 0 2848 3097 708 28 138 554 3774 7585 1428 3173 2546
34 1737 8 138 3097 1290 155 2 7 6604 9 968 27 5 69 554 1263 1482 176 2153 4347 948 6166
35 8 138 0 7 9 28 2 8450 1 27 5 14 2371 4613 3923 63 69 120 686 482 4765
36 1290 8 5526 7 9 554 2 27 2591 120 3110 5 138 126 4 797 69 252 199 709 5959 725 3532 3173
37 1290 0 8 1737 9 7 3097 968 155 5526 27 176 1315 138 69 2591 120 4371 1263 5603 1070
38 3097 1671 8 1334 2 9 7 1958 138 27 14 5 155 120 3 176 7677 1541 1506
39 8 0 1671 5381 554 138 120 27 355 968 728 4768 731 5921 879 797 303
40 8 9 2 1502 7 27 2153 7055 1263 2818 120 869 1958 859 176 155 1310 138 7117 1583 69 1482 3849 725 404 554 4022 2216 5451
41 3975 8 2848 7 2 9 27 2153 176 554 900 138 4247 4421 2216 5451
42 8 1263 2153 2848 708 1290 9 2 7 19 27 3097 9517 138 176 968 14 5 155 3198 69 63 1954 15 62 2076 28 4023 4424
43 8 138 2848 9 2 5 7 28 2060 176 19 1495 5381 583 5661 4247 538
44 1290 8 0 7624 1310 7 138 9 27 1263 28 120 708 2076 14 69 404 3849 8034 2741 829
45 8 138 6729 9 5921 7 554 1502 7055 708 1093 2381
46 0 2848 1263 2591 1671 708 1502 1334 4301 829 1360 1098 8743
47 0 8 138 2264 7 9 1502 27 7055 14 2818 28 120 3975 126 583 859 1310 139 1495 69 3767 482 3106 1482 3348 867 4225 1410
48 8 138 9 3684 2 7 6604 1384 19 120 176 2060 2955 14 28 554 2216 458
49 1671 8 138 3097 9 7 2 2591 28 27 5 155 120 14 69 8450 1482 583 8271
50 1737 8 3097 7624 155 2 7 2591 1671 5 968 1310 9 27 138 3244 1482 1495 900 1954 867 2120 7548 914 3475 771
51 0 2818 9365 8 725 7 1 2 5501 5 9 27 28 977 121 3 3046 4 14 11 197 3923 6 2826 21 15 5659 2148 63 5603 45 117 78 35 1387 6877 5031 17 371 22 13 20 30 18 19 1225 58 665 12 10 1989 1826 16 1745 102 24 1159 1692 2420 41 268 146 910 72 329 187 23 2613 198 1224 155
52 1502 0 7055 8 2818 9 2 859 7 1310 5 138 27 120 708 1954 14 1482 6402 28 126 3849 63 1070 5851 485 1714 355 1597 303 5245
53 8 138 0 7 176 2060 2153 3102 5603 5860 549 8423
54 8 2848 9 2 7 138 2153 968 1263 27 708 176 69 1495 9517 63 3198 5985 867 4247 3054 9848 1410
55 8 0 138 5921 1502 554 3244 900 6887 1263 3110 155 6604 1334 708 3831 1225 2120 2741 238
56 0 3756 8 9 2264 3244 7 1502 27 14 1315 621 176 19 485 5276 126 948 5526 968 121 63 3110 4371 1954 583 867 1809 728 4547 2367
57 3975 0 8 138 27 968 1263 126 708 404 2955 1334 2120 1077 8334
58 8 138 0 1290 6604 9 1263 2153 3110 859 120 2955 1077 1334 27 69 9894 468 155 121 252 621 708 869 355 9824 968 1171 361 7123
59 2060 0 8 725 2 7 9 27 1 5 19 4 977 8450 126 554 621 1334 6138 1412 8139 2583
60 6729 8 2848 138 9 7 2 176 28 27 5 69 120 8450 708 2371 5985 5661 4247 6670
61 3975 8 9 7 27 968 5 1263 19 138 155 708 9517 6769 9584 5789
62 8 7624 9 2 7 155 69 138 120 1310 27 1263 583 869 28 7117 1583 1958 2076 4841 355 176 999 1581 582
63 3097 8 1290 138 9 1334 7 2 27 5 1958 14 155 1263 15 549 900 176 120 1714 583 9138 69 356 708 1495 7892 977 859 9486
64 1290 8 138 5526 9 2 7 27 5 2591 126 1737 120 176 1384 1434 1495 252 1671 1482 3215 2207
65 8 2 7 9 1263 708 19 69 3975 155 9517 138 1954 3244 6459 1296
66 1671 138 8 9 7 3097 2 5 126 155 6656 27 14 252 19 63 1951 120 3767 468 2138 3532
67 0 2264 138 27 1290 1671 3975 5921 3477 7007
68 8 0 138 2 554 1502 621 7055 1310 1958 484 966 504
69 8 1671 0 708 7 69 9 1 2 1482 5 6165 28 1334 6 4 63 3 873 27 14 176 155 977 3831 2120 2371 19 107 72 224 6986 15 2177 6290 37 679 145 166 16 11 356 2112 4342 62 583 20 410 13 58 102 30 12 139 17 243 18 6452 57 3520 309 566 199 2238 21 6767 501 751 117 22 38 782 1468 671 3204 88 542 24 2448 2616 82 84 83 25 74
70 3975 6729 8 7 9 2 176 138 554 2848 3244 859 900 1369 4225 9876
71 3097 8 2 7 9 2591 1671 1334 1958 968 176 138 155 5091 1321 1360
72 138 8 9 2 7 5 968 1495 3046 155
73 8 0 1495 2060 3774 69 867 28 1334 138 1077 5603 8423 719
74 2848 8 9 621 2 138 7 14 3097 5 126 27 5526 199 968 28 155 19 1495 121 869 1679 554 4022 6962 5451
75 3097 0 8 2264 7 9 583 14 27 155 69 120 138 1334 28 1958 3975 19 176 37 549 3767 3106 3244 1671 1482 6165 303 8271 1321 850 494 911
76 0 2060 155 867 900 3849 3992 6402 708 2208 4061 2419 1410
77 554 0 1888 155 2 7 9 4347 1 197 8 14 69 27 5 4 6 725 11 28 236 199 3 20 19 15 356 62 6163 21 3591 37 426 1734 8466 18 17 12 5350 372 58 229 653 102 243 5286 404 896 1395 249 5582 63 899 3160 65 78 5848 299 184 114 9710 16 1593 612 342 331 3884 22 207 60 6745 117 135 13 2258 26 301 501 57 2533 720 44
78 8 0 3756 138 1502 9 2264 7 5 7055 27 2818 5276 6049 1310 968 3244 155 4291
79 0 8 7 2 2848 1315 138 485 778 3247 2207 222
80 3975 8 7 2 9 1572 27 138 69 708 1173 797 2060 126 176 2780 3244 859 1482 4807 909 355 7123
81 8 0 1671 5921 9 7 138 3097 2848 1263 7117 1737 9584 7691 3001
82 1671 8 138 3244 9 2 7 3097 968 621 126 155 27 120 121 5526 28 1737 1077 869 6656 583 9584 681 6845 1170
83 3975 0 8 7 138 2591 1671 120 3110 554 3244 2780 3684 968 7691 9876
84 1737 8 0 2264 7 138 9 155 3097 27 5 968 69 708 1173 1482 3248 9584 355 8719
85 6729 8 2848 0 9 138 176 7 69 19 28 120 355 468 4102 3071 283
86 8 9 7 138 27 1502 7055 3110 2818 1310 1482 4301 2741 1972 2546
87 3097 8 138 7 2 2848 27 176 1334 554 1958 3110 797 583 708 977 1826
88 8 3244 9 7 2 554 1263 138 869 3110 725 2371 5974 1279 1866 2367
89 8 7 2 9 2060 1495 27 138 28 19 485 3774 867 725 199 69 126 155 554 2120 4547
90 8 138 7 3244 9 2 1290 2153 27 708 5514 9824 7559 1041 2367
91 3244 2591 1671 0 8 7 9 2 5 27 138 120 859 2513 28 176 3684 184 869 2371 1070 1645 1279 1360 1866 2367
92 3097 8 0 138 7 27 176 1958 120 554 1334 1263 5661 1737 621 9584 1321 2378 504
93 1290 8 138 7 2 9 5526 27 554 2591 3110 126 120 252 1951 797 5959 1077 5381 859 725 5974 609 5747 803 4387
94 5921 554 0 8 900 9 7 121 14 709 2486 4364 2402 3244 155 138 482 5451
95 2848 8 7 2 138 9 3975 5 120 28 14 155 27 19 554 5554 176 968 4247 7585 1790 4022 2216 197
96 8 138 2 9 1502 2818 7055 968 120 404 1310 2060 5603 7320 1307
97 0 8 9 138 7 27 69 120 1263 5381 869 1737 900 6769 9584 7918 6845
98 3097 1671 8 9 2 2591 7 27 138 120 155 11 69 859 6656 1263 2208 728 1292
99 0 8 138 3110 3975 2153 2120 5974 3475 3369 771
