500
0 7285 3012 6472 7561 4020 3469 1470 7474 9807 5005 1791 8413 8366 7902 4967 9021 6141 1207 6938 3521 2645 1083 1752
1 8987 8699 5790 4010 6205 205 7583 9842 2207 7669 241 1924 548 2816 3584 9881 7162 6281 1375 7997
2 5244 3023 5085 8209 949 6467 8650 8590 4092 3608 1647 6644 7242 8896 7130 3963
3 1476 5622 5827 2784 5340 5300 4623 4230 6956 6613 1098 4076 8251 7575 3453 4541 2258 8431 8284
4 5232 8618 7806 2555 4646 9878 5962 1973 7736 9577 6389 8768 3950 2668 3958 3828 4319 3802 9993 3830
5 8107 9093 3731 4060 9930 7467 9169 7753 7834 1444 4589 5258 1665 6915 6617 2155 2396 3087 4439 2563 2760 6676 5748 1238 8217
6 2288 1087 2175 3660 5788 9698 7751 7258 1571 2028 5948 5621 6412 6826 6613 4958 6061 9040 2979 5979 2640 4412
7 2288 321 4223 6598 7530 6325 4029 9205 925 8979 6653 4744 7575 2152 8726 806 7949
8 5259 2240 5783 8696 1183 9014 3925 1472 5228 9733 1084 1452 3678 8279 7842 9739 1205 1615 1429 1943 3885 3188 2422 9096 654 7997
9 3023 7463 3391 4869 3723 8352 533 6062 3176 4226 622 837 196 8683 1822 5977
10 2510 697 5981 2643 2175 5131 4074 9342 8491 4569 6986 2480 7672 6762 4851 2868 1303 3859 4180
11 128 1090 7987 5762 1477 5964 1728 8637 7026 7630 5652 7266 9464 9745 4875 5072 1157 2471 1617 889
12 389 4014 3073 4500 3982 828 4626 6831 8225 2577 7916 5610 4435
13 6433 3012 1343 253 3547 7516 4199 311 4662 2986 5188 7 9244 8089 2041 4314 8125 4448 2892 490 7837 210
14 7228 4352 700 71 9914 9303 8364 252 1535 88 493 4941 304 8277 5171 2342
15 3005 8028 2240 3982 7829 4907 6054 705 1668 6766 6651 7572 5451 8874 5946 2182 602 9019 7699 2320 7772 2652 4314 7344 7782 945 9393
16 5629 2288 4071 1121 3310 9518 4776 6458 3339 3673 7873 4124 1556 3894 4336 2 7888 7014 7949
17 6101 8068 3038 1123 6522 5907 2430 7128 9194 950 7431 979 105 7333 2243 1467 1752
18 8005 5479 6502 9184 4596 5237 2171 3268 1989 9976 7299 7120 6931 7486 4213 7815 9202 5064 9703 7000
19 2555 5739 5269 2663 9842 5155 199 979 4326 4060 3884 1212 8858 3241 8221 1133 2782 6696 6461 2598 7233 3835 9601 976
20 4155 6584 8007 9669 4597 3377 8639 836 4547 3784 5880 6694 1396 647 412 3320 1031 2623 4538 8841 4126
21 1774 1101 9759 8017 3932 3222 2324 4816 7055 1796 215 4954 5126 8455 1580 297 7372 9859 5509 6400
22 7165 1299 8521 1766 5679 8860 1168 3173 9968 9213 4904 412 7605 1248
23 3418 5750 9689 5025 5372 2574 7296 5409 9125 4306 2451 3790 8293 8754
24 4176 8989 3533 454 9532 9835 1867 2071 2123 2984 3158 3936 4945 8671 5310 1528 3467 2937 1259
25 4687 9008 3105 5721 6852 8863 8831 4988 3913 3719 8959 1282 2037 9822 4666 624 8644 2595 1408 6652 7413
26 3872 4990 6749 4841 689 1904 3089 9545 5303 7825 8636 6785 8293 3457 1420 732
27 4027 5572 617 3122 8473 9496 5412 4556 3984 8268 2297 6191 5069 3174 3943 1552 9982 9135 2085 5834 5064 2597
28 1917 4844 1694 455 4784 685 183 8524 7153 9435 8931 5747 5341 834 822 8344 5632 439 699 9443 1429 8531 5278 4486 6148 1806 2858 8043
29 5275 9 2234 6702 2842 6787 3355 7134 5848 9968 6438 4136 6920 9699 8297 5064 8502
30 3612 2930 5699 8538 9742 8048 9744 1307 9249 4828 6986 2373 1661 9505 9768
31 2555 6421 307 7055 1956 2028 7710 7563 774 148 5887 591 8125 115 1230 7890 8897 4674 427 7762 8644 9758 4551 3110
32 2288 2304 1871 8523 5166 2946 6170 6374 4626 8307 6532 2064 5108 8812 8197 3498 6330 84 9903 8040 936 9838 8174 5903 3705 7664 9832 3113 7335
33 7885 2014 7601 3393 2059 5445 6187 1737 4086 7358 3111 200 3008 7281 7833 2934 94 6029 4651
34 4176 6485 4513 8792 5417 2680 1799 9241 151 3323 2077 4326 3986 5413 2392 7180 935 79 3360 5939
35 2741 2835 8511 6993 3261 8137 1747 2166 221 2277 8970 6561 2327 9444 8139 7997 5866
36 9409 6460 9413 2240 9955 4874 8387 5912 7367 8689 7802 9187 3032 9144 935 5822 8130 5491 3585 5505 5307
37 6494 1533 5022 7744 8784 8071 7155 7088 5408 6687 9640 9664 4921 5982 981 9367 5341 802 7716 3687
38 8680 9235 2475 678 9848 5338 9968 8065 6775 872 8227 6109 1275 1468 7626 4855
39 41 6699 2199 2016 4717 7980 7699 6060 1642 1345 9707 7033 4726 6258 1953 9120 6198 3525 4897 2205
40 3167 8722 966 2809 5922 7681 1117 2741 5658 133 9538 6744 1966 9306 989 9459 268 9270 8573 873 5862
41 2570 3018 4195 3286 1491 574 7220 9227 5523 3686 2958 9522 2058 4211 5113 1397 7949 5060
42 5524 8905 2653 2411 8883 988 8965 3348 5009 979 3111 6154 2697 8593 8954 412 6193 569 7949 3488 3515
43 321 450 5594 199 9846 1601 6547 1648 7805 2705 5529 3891 7311 9719 8179 4363 7864 7920 8711
44 6964 7870 9780 560 9212 566 7581 3516 2941 8994 8335 8382
45 5962 6044 3588 7422 4931 5838 6285 8050 9829 7438 8125 1440 2019 7060 2 6492 9025 4583 2628 2472 1014
46 9266 3005 4200 8866 8696 9152 8994 3526 8990 3854 8162 8605 3807
47 3679 7012 3349 7962 4052 6285 861 20 1450 148 8031 6582 5880 1831 3703 8539 6495 7828 9510
48 3857 5435 1091 625 3233 8994 5180 7938 3814 745 8095 4482 2871 5384 8325 6147 9063 7230 569 1058 8529 7124
49 6587 7434 4297 1789 3774 2240 1577 5195 9968 3843 1668 1702 523 1126 9639 2511 4214 9605 6270
50 6901 5175 1299 4050 1162 6044 1691 3574 9528 502 9688 6639 4488 755 6497 4760 5880 2613 7213 352
51 8941 6301 9573 7023 7253 5887 9407 4966 6573 7485 4401 5151 626 2768 5920 1439 7992 408 9191 5557 4350 6537 5748 7833 935 6992
52 6100 6248 1740 82 7755 7742 5106 3350 9930 4761 9718 5778 6456 2962 2731 935 6925 4855
53 6847 9028 6101 3416 8168 7577 2755 6153 753 3356 4834 9770 5595 6363 8549 443 1666 8414
54 1954 2206 5885 6101 9836 9623 650 9915 3461 7031 8579 8354 2530 2052 9535 5440 7762 4624 3586 5307
55 2070 1110 9975 9016 8144 1634 1625 7471 4804 7488 1919 7855 7330 9120
56 9921 656 8702 4787 2429 4096 3836 4501 8214 8090 863 1262 5564 5902 9336 7665 8150 2569 3047 5615 7874 6662 9852 9443 3566 6447 5492 2962 780 3184
57 448 5969 4539 1390 8199 259 7224 5601 6013 4696 2361 9716
58 4140 9450 1770 9869 454 3916 5654 2240 8756 3565 9684 1565 3732 9619 6980 6137 469 2544 935 7162 2677
59 3012 6902 9738 9840 7989 8752 979 9007 941 22 8368 4723 6812 4107 600 3144 4950 3561 443 6897
60 2555 7479 8883 1016 6197 2457 7903 4810 1496 979 4326 9301 453 8920 9892 7508 8654 3386
61 1047 364 2900 4972 5008 6708 6026 6241 1122 4419 5301 9244
62 7835 8102 2240 1225 3423 8491 9900 7906 2662 1682 6381 6727 8346 1900 451 5224 7413
63 1299 5390 5497 250 8953 9007 1175 5988 1785 3138 1922 7619 6541 5804 9148
64 2555 560 188 3076 3115 3759 7442 2712 5110 2626 9587 8069 3144 1172 1283
65 6144 5135 8582 6114 1574 1546 1601 7783 8125 2659 8813 262 4219 842 8713 6539 5078
66 4156 1414 6074 413 8527 5735 1429 5869 6071 8208 7447 935 696 5704 7269 2147 497 1075
67 6168 3012 5561 9784 3548 9960 8266 3651 4849 3549 5428
68 321 7718 4080 450 6032 2551 7075 8733 1250 1698 3792 2764 7513 8305 7115 1892 3961
69 1918 3002 8663 3992 5493 5962 8684 9483 3210 1781 8994 7710 8729 1430 8894 3195 2910 3964 5112 6801 6131 1400 4951 4985
70 6253 8349 23 1437 8522 1119 4367 9007 1586 9032 7433 6292 338 4909 6625 238 2534 3505 116
71 793 5393 7806 6747 6978 2897 7289 921 7179 3261 8406 8887 4362 1668 326 1227 286 9338 136 2298 2432 9917 9330 8387 8508 3166 7131 6752 2863 1984 7101
72 7194 5762 2564 4089 9842 7135 9299 6102 4459 5698 6491 6296 4457 9622 5544 4281 3163 3540 9993 3161
73 336 7771 168 4995 3263 75 6367 2184 4837 9732 6595 6370 4079 7699 5503 4901 1081 2788 2681 3102 5548 8053 7500 3969
74 5631 7800 478 5923 164 5911 4786 3720 3573 8701 7517 4888 1776 410 7193 8243 351 6499
75 6192 8309 9961 7585 6232 7593 3428 2476 5777 9498 7652 6817 6213 4271 7985 1787 935 4704
76 2796 7856 7221 3106 1515 7018 3232 6003 9848 625 6216 3721 1788 3882 7292 9954 3120 9470 7679 6718 1083 9736
77 4890 4168 5449 4399 8396 7682 6986 3213 630 8151 7285 284 7432 3543 3758 8589 2986 8671 8238 9959 6642 7439 6962 2815 8495
78 8986 3049 6316 247 251 8778 8776 7004 8125 2013 6951 1678 2557 3207 6630 4624 8470 9557
79 374 7849 4403 7205 7669 6346 5347 2057 2252 5302 6351 9317 2417 5386 1908 8531 8716 1140 79 585 7429 4801 5326
80 8169 6710 4831 9088 3285 9889 9244 4315 9722 214 412 3894 4654 7954 7166 1319 2414
81 804 7883 2157 133 9677 5421 3584 9239 7615 7762 6640 9055 3048 8618 7606 3747 8484 84 7992 7742 9667 5441 1860 935 5456 7329 655
82 6963 1626 4721 7453 5124 3946 8994 2662 1934 9798 9872 9777 4514 826 8643
83 1780 6615 4533 5266 9299 72 1257 5083 8740 6952 9548 2231 2390 7097 4320 7078 8022
84 9188 5962 4852 283 5412 7195 356 3074 9962 3022 753 2962 3689 9025 1710 9636 4842 5532 1044
85 8132 824 7443 3783 8134 2470 2666 1040 6210 1625 5004 4350 2485 7590 7940 1106 8248 5219 2032 1757
86 7434 2240 967 7574 5155 1871 6110 9944 9704 2790 6237 3282 6734 3009 2892 7418 5117 1914 2568 4985 6797
87 4100 9741 8736 6052 2295 5825 2307 1003 7153 7968 7732 1218 2496 8343 8493 5580 5871 2 427 496 773 3850
88 2288 9953 4229 3059 3662 996 5412 3326 2986 8692 9506 8145 1597 5780 8495 6850 5862 6730
89 1428 2555 3232 5680 2408 8831 9820 9461 838 2340 7707 7545 2092 1429 9293 2263 2139 8306 2468 9422 8373
90 7752 1208 8904 6827 5555 1308 4175 6607 4847 9244 1554 4244 8895 8000 427 8644 605 2266
91 1585 3053 2175 4147 8110 6403 8586 7762 4094 8836 4985 2460 2600 8976 3545 1356 5660 7438 2128 9761 1238 4909 6221 5547 8604
92 4971 3553 5371 357 8516 9265 5053 8496 1738 4699 6035 2617 1199 4629 8332 782 4180 6551 3529
93 787 2555 6187 183 3325 9421 9007 8126 9797 1002 1524 8686 3717 4182 517 6393 3278
94 4020 9687 2112 7090 8801 1379 9545 7992 183 5537 1530 9160 407 2052 4056 9086 8401 135
95 6135 8547 9850 7203 2648 6547 4264 788 7233 5287 8069 5856 927 8431 5436
96 5261 3887 7971 5960 7652 8370 2997 7709 7357 2916 9968 8620
97 4224 1529 1267 6674 4429 1052 477 2860 7183 7108 9826 3741 8267 9193 3079 8043
98 3012 6675 257 9692 2240 9402 9108 567 7751 7699 876 8671 7164 3192 6734 6631 8828 3716 5509
99 847 9038 6185 188 4423 299 8104 4330 3982 5639 3543 3074 5685 5483 4639 7114 1080 4648 6334 3727
100 9252 1498 3744 7241 2212 1739 4280 6125 5194 7652 4501 4340 2962 5917 4364 9500 34 1192 3445 4160 5708 4985
101 1534 7550 4025 9567 9681 2604 8307 7276 5800 6849 6231 6083 724 7439 8742 1492 3276
102 3755 8443 2647 6286 1117 850 486 9857 225 3092 8329 9075 9271 7312 4871 6630 8074 3079
103 8005 7234 5432 3932 7556 9848 9289 3567 9598 6157 564 9787 1742 4710 3241 6347 3341 4986 7429 7949 969
104 5240 7012 9530 5933 5894 7996 4558 3909 2155 2998 3522 9943 7929 4808 2413 1289 9357 9659 8939 1149 2293 7762 8345 174
105 9225 1763 5334 1829 7240 9312 8396 7975 2635 7586 7670 3936 3290 7320 4957 8452 122 8465 2118 2615 786 309
106 543 9199 7079 9514 1357 3033 4519 8697 2582
107 3254 5138 4290 9183 6471 5412 2961 9632 3838 447 1831 9137 9606 8391 7869
108 2288 321 5006 4246 6126 540 9665 9644 7531 1971 8125 529 7759 6380 5704 5173
109 4793 2864 2555 5396 7858 6805 7925 4170 6606 958 9031 6122 3032 2892 935 3718 716 3586 1461 5715
110 7032 9284 9411 4020 3504 1145 3303 8351 8598 2856 3490 7 6881 462 6200 7967 7284 8130 1112 1581 5141
111 621 4474 4679 738 7481 8019 9265 8300 113 5458 3101 2179 8761 4991 3437 9449 9593 2962 2644 2422
112 2634 6373 321 6949 9610 4717 4199 4304 4750 9007 5608 6550 1503 6482 7621 8932 4823 420 2176 79 2278 2018
113 2061 1839 4865 3145 5821 278 7921 5049 4102 3950 6459 4396 6327 6251 882 1071 6962
114 9723 2803 8722 4443 9683 5399 7874 3130 3936 6586 8700 504 1633 5063 1539 6323 9616 7310 8167 780
115 8870 2555 8441 54 9111 1204 8146 8652 5966 3813 9545 7889 8765 9124 2218 9515 583 1631 2290 538
116 3530 5152 5788 6075 9161 6672 6034 7797 3501 6613 396 5156 2508 1134 9746 7715 2346
117 1534 5115 4341 6789 5918 9127 3143 2734 5014 776 935 6516 198 3024
118 7154 6643 9432 2240 9965 1479 2318 1904 904 8027 8295 7896 2586 4840 3058 100 9086 2 4317 5636 9494 6261 2858 4939
119 8722 2876 505 5233 5466 2922 176 4873 2537 604 4274 9034 2739 1595 1298
120 3376 7758 1520 8158 2555 134 9065 2443 476 8725 8994 6369 4314 3538 652 2322 2226 3184 2982 6007
121 1265 6821 4277 6566 4720 4423 8203 2240 3316 5247 2662 4285 7860 2571 5090 9192 6732 8750 178 5715 9436
122 8159 5318 668 6560 9877 5245 8994 4311 468 2494 3451 7501 7558 2774 5917 3894 9912 2932 7912 434 9178 4633
123 9431 321 1478 4490 7361 2857 9129 24 6313 3158 7133 9988 8891 1476 5929 6021 1593 80 7288 300 7706 5543 2279 6258 6578
124 7072 7157 3701 8951 3981 5419 9533 811 8417 1933 2723 6896 3830 1722
125 2889 2288 8154 6875 8674 8528 9129 2349 7927 5052 9786 1152 447 5917 9040 5662 7880 1362 6900 9224
126 552 6621 1454 2657 9139 4780 1657 1290 8289 5442 9968 7684 5500 9874 4020 366 2171 2165 7219 4649 9007 501 4356 2052 3017 4941 3364 4526
127 2099 4020 9378 3993 7088 1724 4082 5746 6613 2517 4035 8241 4883 9451 6376 9073 2121
128 1850 4679 657 4948 6743 6262 8977 7557 3157 6882 2607 1223 118 4813 960 6954 3631 569 3137 7949 2150
129 5073 1988 965 385 4734 9694 3243 6181 9891 8233 2589 6938 8091 3830
130 5198 9174 5330 6978 3783 8410 487 6936 5316 713 353 6463 4901 9533 3578 952 3195 5748 2962 270 9327 4481 8985 1295
131 1693 5519 6155 4573 3070 6327 4977 8423 7122 8617 4450 447 2926 9679 6282 9989
132 4484 4375 9380 8724 7055 4188 5593 3972 4377 1911 4087 1144 8827 7579 360 8839
133 8062 9323 2227 9848 4672 545 1896 3194 2999 3365 7425 9230 5176 3675 9576 2327 6212 4835 7949 2150
134 155 7609 2521 2088 6115 3528 6469 6454 7639 3481 4901 6427 6514 177 9693 7513 238 8365 3622
135 3653 9861 5664 7152 6467 7769 3568 9461 9584 1317 7624 7153 2034 78 6375 25 8293 7820
136 4111 2155 781 574 7930 8515 4777 1721 6547 3628 9345 4107 2196 7283
137 8587 423 1042 9911 2761 4880 8253 5367 7150 4008 9049
138 3783 6665 2687 8056 2142 9114 8181 1605 7669 8193 5053 5559 4770 647 4107 2103 8710 7444
139 4470 929 6101 5762 4388 9037 8609 6937 7628 4199 5748 1968 8890 4121 772
140 1907 4286 2848 9282 3664 2459 3590 1469 6240 818 7792 9512
141 6916 5267 8012 7303 6048 1186 7069 9990 5346 5637 7995 8950
142 4614 2679 1156 9517 2736 7408 6271 1667 3781 4112 7472 4314 6428 6089 4731 6387 7201
143 6724 1195 2098 7936 2773 7179 2431 1279 7652 5144 5293 1734 7180 8476 1028 6303 732
144 4328 7461 6982 8585 4779 7762 7714 5949 4116 3476 2749 240
145 6139 3411 7507 4647 5687 2960 5323 5607 8186 5028 4099 6750 6909 8044 7438 3044 2393 7101 7708 369 6961
146 8408 2213 1431 4664 8172 7756 1728 3831 6355 6170 7153 9673 3084 9110 9464 1490 7120 5846
147 9706 2896 1963 9299 1625 200 9791 5605 7694 5869 7743 820 6938 647 6113 7146 1710 8554 782 891 4521 9207 7351
148 7325 778 9652 9844 2183 5612 7153 1085 4053 5002 1696 6518 4707 4035 2215 3054 2146 6515 60 3113
149 3060 8646 9156 4407 6592 7599 1293 9710 800 9834 229 8766 1984 8462 7631 8358 4803 7547
150 1534 887 3236 6523 8025 9990 8228 5401 6744 3580 1668 4767 7321 6778 269 7741 8263 2169 3045 3061
151 3672 2908 6276 2805 7587 5558 2007 9102 6919 2188 1546 979 6807 7762 6321
152 4043 108 8387 1912 2785 7699 8775 7379 4347 308 5744 7487 4993 5706 1335 8845 2289
153 8386 2421 8862 367 6827 1640 3432 8298 5401 4901 9164 9831 8425 6470 9777 7001 983 7854 9305 2365 3907 4985
154 1663 8433 2965 5528 9316 8193 9795 5840 3799 5660 5086 4312 6291 5858 432 2414
155 7533 7960 4923 1465 5023 2933 3776 7765 3074 1142 8980 5908 6283 7517 7610 6938 4093 2855 281 7734 6305 411 6404
156 5280 8597 9418 839 9351 3629 8092 5507 7979 3041 4144 6765 3482 139 6895 5068 3885 8644 569 9424
157 7044 9551 316 9112 5467 4787 4199 3733 5053 1188 926 9075 2869 5204 6360 135 9224
158 3012 1950 2643 7948 4562 3869 4908 4237 7235 6020 1138 7961 5989 7688 854 3021 120 1049 1580 7400 2036 7759
159 5784 5674 7428 145 6460 9848 3036 2182 7673 3543 2838 1756 993 3739 5477 5263 5335 1600 871
160 1531 729 1471 3023 6379 3494 8994 2550 9244 365 8805 6504 4241 8780 3521 4812 238 8552 9562
161 2715 1195 5527 914 2341 6715 199 5713 7225 69 7153 2190 7652 2962 3576 1056 1927 1039
162 8621 6958 8194 9129 718 8406 9011 8821 3600 7652 1169 9197 472 4378
163 4045 8998 321 9408 8057 1263 6506 9398 7127 6688 8134 6888 2003 6020 2630 3935 8803 3259 3634 7787 7173 7413
164 1299 888 9476 5389 9132 1871 3108 917 3326 1987 7249 7410 4505 5465 6680 5688 7932 6721 7861 1383 8487 7365 9048 2187
165 2682 8717 3998 4206 7367 491 3920 1683 1394 4276 7762 4180 766
166 6088 3966 2240 4948 2716 5081 5999 2986 5134 6756 5867 3926 8716 5732 3383 569 3338
167 374 6671 4588 7519 6534 9463 777 1708 6 2286 6377 3074 684 7213 9004 8022 3880 7790 480 6359 3772 348
168 1608 7541 1576 1548 2114 6905 6254 5412 2792 4914 6087 6401 9671 7087 6609 2962 1873 973 6567 6140 2437
169 2049 2676 291 9669 2446 1363 3074 1868 1668 4799 9453 5489 9015 7807 5186 6742 5044 7730 3368 116
170 2204 2555 1453 8116 3625 5251 3089 8850 7088 9265 2752 260 7733 3926 9549 9075 7206 2 397 2249 6337 3486 8272
171 5814 7237 2945 2326 3015 4797 1341 3374 6092 6861 58 9036 5609 9501 1064 8284 6622 9789 2414 4622 4791
172 2004 2800 6002 2299 2974 6740 3885 9270 369 1383 761 6047 717 723 8561
173 7071 354 9858 8668 5552 1160 3050 6627 4354 4712 4698 5647 4266 2766 791 9843 8773 79 1383 3914 2696
174 9923 5047 3606 9333 5320 5077 9621 1972 2698 3632 9968 1619
175 8416 6176 321 4151 2515 8103 7852 4604 3468 7156 9970 6843 3677 9533 3458 7737 3536 4056 6409
176 1800 4236 2531 2898 3429 5582 5961 1956 809 3990 193 4532 6950 5242 9862
177 6486 4379 867 835 8829 510 1196 8526 3655 4610 2209 7795 4232 6141 7294 1396 8155 3320 4359 3961
178 1960 5677 1246 7915 8830 2666 8834 2329 1606 2693 8133 5538 1869 2699 4975 6145 7341 2420 1730
179 8731 1343 8557 3116 5831 9543 7456 7153 2453 6258 6706 4978 6426 7413 7197
180 6886 6416 5321 7845 4337 1782 5656 650 8490 3071 7968 9392 6795 8442 5331 7859 6188 7762 4228 5520
181 8676 2475 3665 6021 3869 3502 6735 2008 9348 5779 6482 6834 2444 6481 3904 7886 9649 1760 3144
182 2527 3012 7675 4033 795 5048 5260 5412 979 5921 719 9825 7182 2377 1741 1213 6358 2529 203 4487
183 9484 5494 205 3329 6827 3820 3432 9467 3758 2732 6744 1823 7739 2087 3309 8824 935 5153 9991 2 3812 7352 1043 1134
184 1276 2096 8021 9669 8741 7045 7902 5345 6082 8947 9812 4284 2332 499 5738 6953 2467
185 1299 4527 8468 7005 2519 355 1596 2818 1393 9196 4437 9650 431 5849 1000 8489 7762 1641 1810
186 6867 5119 3316 4708 1658 2857 4818 857 8193 4559 1607 2343 8324 5796 4974 8907 3279 3877 1587
187 866 2404 435 7950 6454 6616 3910 7902 9533 7689 1571 507 4242 794 2314 2505 9661 427 6555 2327 8230 6798
188 7027 7511 7023 4362 8714 6386 9714 2116 7110 557 1137 9444 4886 1534 5030 925 7680 7040 7678 9270 4526 1127 9720 66 1550
189 4795 6151 6326 7874 1105 7683 7775 1367 4781 8313 6334 7575 1371 6162 79 1583 6299 4253
190 5309 6274 2621 734 8200 4377 6623 7489 7839 3942 5164 951 4866 1332 9465 9800 3269 2246 5215
191 3666 2727 8994 6713 607 1544 7136 5915 5650 2503 5651 2223 7864
192 4004 6417 9186 5843 7983 7240 9313 3497 1463 7544 7476 8147 5580 771 3220 8078 1102 5997
193 5481 321 154 6687 7454 7449 7801 979 9379 7385 4953 3599 4531 3072 3766
194 1814 694 1488 9842 7727 8008 5666 5854 7917 9902 7413 9219
195 5771 3077 9311 106 625 3981 9656 4963 5864 6453 3584 4385 1552 1495 2804 9615 1104 8402 2904 8966 1496 6509 4377 8498 4858 6554
196 3370 2612 3853 9896 9155 1700 3676 417 6201 5386 3314 2327 1456 4581 2704
197 4690 7622 3995 7474 259 2193 2010 6912 4259 7266 2263 736 7762 6227 8462 496 1482 1353
198 3756 7407 5581 3493 2186 8930 3146 3897 4786 7627 8848 3109 4828 5689 2128 6778 1067 3835 1932 7409 3226 8254 6224 732
199 9089 1154 4293 9483 9558 6369 4189 5101 6186 1146 6613 9657 7526 9416 4093 3207 2237 5517 8794 8533
200 8556 6875 5029 2353 9977 6827 362 7666 2986 3135 2745 6470 6545 420 5142 7177 6058 5080 483 5383 7524
201 2539 8973 1125 2987 2611 2141 8389 9580 7602 5748 8342 8235 7686 4489 3745 2495 7570 9113 3379
202 1193 5125 2423 5954 5848 3735 3775 5869 1060 5313 9701 3894 3609 4594 3043 8284 519 6538
203 2424 819 1656 7419 8140 7147 9771 1150 2957 4855 2562 3376 8871 4686 2768 4278 9279 2986 5041 7933 7296 2005 3964 2894 4878
204 2062 6933 1623 6044 1843 8220 7841 6051 7596 2865 1601 3403 1705 221 5748 4468 3114 177 7676 6869 2735 9918 1383
205 8910 7030 5322 8507 272 4431 4693 1035 466 3097 8751 4830 719 8125 6258 9493 8613 9075 3479 6641
206 4210 4520 8883 5099 450 8494 4534 1893 3452 3841 3080 3261 7219 7560 9374 5391 2533 1109 19 7217 4037
207 4177 4154 8672 985 6558 4709 2986 1808 6233 2668 7364 4564 4035 8551 9236 4289 8121
208 457 2827 4065 4418 2707 3305 1590 8453 7929 9573 4544 726 3334 7187 269 9104 5566 1150 4034 6302 3635 2121
209 5328 1835 4496 7254 6811 6987 627 8942 8994 5218 5859
210 1611 4891 8982 3842 7618 2375 1368 3035 9930 3944 6134 5304 8481 1774 5962 9633 4313 900 9668 9412 9979 4084 3410 4745 6538
211 8819 9041 2125 4680 2781 7564 6054 8881 9560 9247 8315 6938 2026 8785 3753 3435 5219 3363
212 7904 9248 296 1178 8705 901 8287 6479 3762 3111 5861 7722 3777 6860 394 2 1153 3862 6295 9224
213 5719 1784 8647 9842 5066 5360 4353 2603 5217 9244 2104 7007 9405 6202 9916 2305 9238
214 3581 2228 4737 4162 1407 6659 4949 26 7699 613 9721 1668 8571 244 4983 5383
215 1191 4151 2643 2713 9466 7751 1045 468 5179 7907 2167 5953 5492 4814 425
216 2740 5445 6344 1985 2722 7038 9168 1877 9318 3506 2245 2770 4110 9098 7949
217 374 8474 5882 9559 7370 7055 9029 5412 4170 3729 1484 1149 883 1775 4414 79 9586 3847 3541 797
218 1611 9491 6913 7806 5061 6949 3077 5773 2935 9404 4362 8733 3129 8069 1534 6289 1774 8185 8673 6531 4967 7105 3362 9050 1197 79 8284 8788
219 3528 4007 450 9283 5873 598 6635 7053 4192 3652 7790 138 1190 5239 1986 8781 2055 7899 6537 412 1564 4636 5715 157 2080
220 6621 5775 6042 9462 9395 2938 6365 7946 2013 4548 3681 3641 1401 3750 3543 6298 745 8670 4129 1216 1864 7342 6451 4402 5813 8223 8856
221 698 4916 5454 2610 4199 3626 3779 1288 8631 6415 2109 3128 4422 3165
222 3335 2072 9172 7368 3543 7944 7909 7296 4376 5841 8601 245 9119
223 8798 6391 4494 2306 6211 4728 2214 745 4792 7406 1097 8807 9075 8205 9353 9969 6733 6418 2437
224 6534 9783 5020 1999 7617 5764 4326 1931 3584 6767 7813 6077 5548 9511 7426 1116 1059 4857 6544
225 986 4368 2338 2240 450 140 6693 4339 1668 5560 4740 3065 1405
226 2275 6124 3554 5322 3905 542 850 4015 246 2033 8838 8327 6537 3557 4979 3163 1847 4238 211
227 207 4179 1566 3866 8859 4077 5088 8484 6557 4824 9637 9300 6635 2797 3801 1560 9359 7759 3753 6294 6161 1255 9046
228 3833 8429 5038 4349 2903 5563 3111 2986 7786 5296 6357 7652 1793 6141 2990 402 9291 8462 8867
229 1826 1828 767 1201 8173 9364 3262 1562 9646 2959 7266 9666 8685 2244 425 9377 5715 9001
230 8098 949 5904 249 642 8975 3956 5283 606 265 4314 3894 8375 7884 6161 7970 5206 7396 6143 4561
231 1018 1329 9440 2240 7505 5693 8728 8418 6398 5543 1406 102 7270 6796 3726 2699 5248 1830
232 2874 9163 8528 2707 8564 9003 9926 3433 9369 3186 6613 6320 2500 6922 5526 8160 5539 5120
233 2576 5592 342 1980 4187 7817 8220 946 2454 8908 9138 8377 640 6613 8450 7001 4746 581 3877
234 4421 7806 8052 415 5099 3700 5203 1442 5604 9264 9215 5700 2650 9384 8559 4660 9758 5437 7316 8794 3586 8419
235 7274 6280 8118 3817 8532 1813 1347 7534 9816 745 4959 5583 3948 2185 6894 8015
236 1327 6692 49 827 7099 6327 8912 6196 1562 7649 7867 1234 8601 5683 6510
237 3603 8910 3579 5801 9965 5865 441 9010 6981 5295 4170 8693 6975 4563 1017 2516 2384 8037 4057 4134 5541
238 404 9071 609 752 3764 5348 5295 1497 5848 3111 9443 4381 7473 7247 4358 8227 8069 5429 6564 5190
239 4984 4846 9302 980 9415 5121 8396 8848 3500 4031 5129 3163 6832
240 7883 3827 1750 9237 5525 1105 5042 3767 2744 5308 4416 239 9448 5192 9094 7575 9115 3006 8580 9997 6799
241 1410 2113 5277 3715 3117 9273 1287 5986 139 4612 796 7204 9845 1905 1149 55 2047 6604 79 5547 1582
242 6390 916 2808 8003 1343 9290 1032 1625 8964 2972 5522 6223 9304 8078 9847 9627 7808
243 2886 6390 2240 5251 9772 703 968 5412 5848 3011 153 7754 65 1890
244 9854 5322 1674 4108 1767 5471 5395 3343 2220 236 6244 1524 1328 7215 8400 2718 352
245 489 5788 1944 5412 5147 7451 7366 6082 1063 9788 9964 2753 6631 6565 7333 712 1353 1346
246 1718 6483 5445 1849 7240 4194 1215 1128 1654 6018 6938 9603 9520 1375
247 2740 8260 7392 5584 5448 5099 3153 117 3543 1625 9871 3454 148 2412 3392 8046 9735 2962 6530 8812 295 7697 9340
248 9615 6802 4028 3249 2359 4282 3547 9324 8498 5400 4161 330 4340 8898 5983 5845 6067 5839 1441
249 9199 7509 666 76 9319 4333 4193 7653 7696 5003 3277 7652 7389 3151 8968 9050 9181 1226 5863 4123 9270 964 7949 6354
250 6585 997 3441 5930 1270 8703 935 9375 9700 2340 8718 8477
251 2807 880 6827 7709 279 9301 2685 8591 3313 1065 9734 7955 3696 6800 9521 3758 8994 901 7545 8698 2413 4372 3242 3291 1370
252 5339 6014 8844 2143 2649 7160 3977 6440 6428 813 5329 2345 9080 7745 2986 8444 2499 4234 2892 3885 2 4531 9809 3463 7167
253 3648 6982 6280 528 8134 7756 442 1979 8934 6300 9133 6309 6153 3811 2251 5818 3203 485 9523 8332 9942 780 1848
254 2555 399 6469 90 7383 8795 632 9968 5709 9253 4456 3102 5156 928 2883 7977 761 8390 8167 3561
255 6425 1534 6464 4020 8570 5783 3771 7059 3563 9778 798 838 2929 1934 3270 9995 7377 2064 1041 6654
256 2992 1644 3127 3702 8876 5507 9830 3380 7791 943 3856 4697 7776 8763 5849 6129 3620 238 1137 8711
257 264 1952 4898 8510 6977 8252 3271 7933 4822 1242 5917 8832 9823 6029 7170 2203 5163 6064 2407
258 4809 6164 7922 3839 4314 2852 3229 3671 8105 1790 7774 427 8889 5351 2690 5589 6136
259 823 4071 1879 5286 250 400 1273 6187 29 5507 6759 876 8796 7020 1527 2121 6036
260 7499 2002 6675 8902 5893 9793 7050 1330 5450 8371 5896 6458 6996 4574 2489 1053 3046 2858
261 8744 5149 3737 6290 765 7405 7652 9527 7538 906 1637 5696 2779 4400
262 8109 7881 2902 3342 5824 8566 8176 9265 9200 4011 5630 6547 7306 7438 8600 2474 5794 757 7762 590 4472 4943 7894
263 3244 7779 7289 4870 8830 3700 843 6647 8236 7240 9275 9957 3846 6445 131 1079 6341 9130 3034 9197 4802 6691 5862
264 7703 2288 9589 6180 3982 2189 8239 6170 9968 4896 7355 6242 4909 3163 1224 9457 5715 7864 9939 7535
265 6918 552 7029 8320 9836 2415 735 8503 9325 3304 930 1668 2128 2323 3757 9935 14 6707 3989 6094 9655 1613
266 2578 2078 8198 2555 4752 9023 8460 3945 8088 444 7692 9428 340 226 3691 4958 3894 2927 6226 5910 9403 2704
267 7654 1247 5226 1299 1139 6670 4216 8058 6349 8111 6195 32 2349 3714 8427 141 2962 9991 3521 9540 9764 3414 5326
268 1632 8131 8810 406 5816 4819 6989 1042 1415 8506 730 9301 7652 1455 3539 427 546 2717 8121 3199 1134 710
269 5407 8770 1950 5821 7198 5913 9397 4455 1413 6327 4811 7153 6511 4782 7517 7042 6267 9992 96 4909 8265 8290 2943 9510
270 4323 5398 4069 5265 5657 8066 5848 4361 6608 4344 2968 7527 8014
271 5490 3637 1501 3523 6057 3354 7749 4988 6189 4002 2966 3103 7984 3751 5567 6938 3582 5105 4900 3877 7687 1339
272 4197 9654 4919 4097 3288 2856 8708 2260 6275 6489 8257 6084 3371 1923 9101 4935 352
273 2240 450 5667 9114 8509 6219 9766 7043 3936 1938 6620 1710 3510 8543 5064
274 831 6239 5775 7186 8782 184 6152 7232 741 5569
275 2288 5531 2427 83 5485 8514 9007 4727 1458 8247 7439 5798 5248 4469 9406 5437 9898 8580 8431 3043 790
276 2358 6264 6700 1754 5241 5763 1103 5019 6306 311 148 7153 3172 4539 935 8530 9932 9078 4167
277 5373 8062 5998 1348 8087 2105 3824 686 2981 4625 9175 9051 3521 8471 5799 2422 3322 2164
278 5957 616 2904 9583 9582 898 7789 9750 9688 1252 3074 3748 9585 6482 9730 5703 3521 9039 79 4592 8711 6838
279 4807 7883 644 5034 8209 7251 7553 8709 6692 7397 7161 8937 9116 3965 7868 2627 8013 8599 9938
280 5934 7313 2100 259 6942 1614 9541 9232 5187 4377 7105 8051 6924 1821 1058 234 503 7542
281 5810 3012 2555 5352 169 5448 7553 9827 6765 9383 9013 7438 7875 991 6038 7543 2267 3004 219 8961
282 1534 8123 7506 3827 3837 9842 6287 3693 3711 8153 5167 7640 8212 5097 7821 2121
283 4558 5501 4295 3316 1048 3918 5898 912 159 7922 2790 2201 8188 7267 5 4356 748 3852 1598 9581 9298 1358 610 2346
284 7740 2191 8618 5692 6402 4254 8148 5172 7077 9007 8826 1809 7314 4345 4929 6507 4838 3470 8534
285 7262 2593 321 9245 3331 2918 3650 7653 3215 6105 8042 6938 2058 1248 692
286 4041 2288 7423 8068 659 5899 8387 9487 4311 7248 3643 2013 3796 7369 8645 9190
287 1309 3823 2355 4735 799 4619 6661 2882 6216 4665 2630 1638 2875 2416 6049 301 4432 7713 7949 1051
288 8492 5860 8491 1542 6327 9414 2497 5502 8206 5772 3855 1499 9865 2031 1665 2145 6235
289 6464 2643 6935 6619 6190 8612 3405 1916 1557 7747 5942 6568 8211 3624 2795 79 2192 4258 3014
290 4245 7029 3012 8142 5767 5838 4784 6599 8302 6431 1818 9685 9276 2238 3804 769
291 3376 1543 9615 9056 2304 667 2389 9358 4937 8026 3836 9075 9565 6781 2791 3104 437 3183 4181
292 2025 2127 578 7788 2553 6556 9994 9811 6525 5870 984 5369 1004
293 4944 7254 8215 7559 5530 129 6424 7537 707 9244 4128 3958 2577 1720 6851 1352 1841 4531 5715
294 6175 4342 5482 5762 3905 5740 3808 5964 5478 577 9007 9153 1095 5229 4501 6540 3941 5257 7427
295 5327 17 2501 2917 8488 368 9533 8140 7036 8348 7318 2124 2160 7713 421
296 2579 7096 6101 8312 3708 5050 2538 7142 2183 3178 7296 5772 2399 5368 2192 6209 6112 6658 9335
297 8505 4106 1681 9173 7459 8411 4391 810 4272 9371 9465 1930 5208 5715
298 3265 2288 8269 7848 9216 5430 2923 8406 4956 5412 3997 3840 2439 4475 7183 7415 6000 2198 4150 8841 8885 4117
299 492 5211 6698 2481 7363 5096 182 8762 2526 2340 2790 6054 9007 2412 4976 1668 7093 6921 2670 3006 101 4714
300 5885 8282 6022 6865 3665 3982 1964 8499 6327 8234 8145 6519 9171 4962 2617 9347 7120 2210 4691 1423 5219 3830 4942 7086
301 2236 7798 321 7437 3146 7050 2989 9545 971 9109 9818 3949 1638 6920 3792 5835
302 8491 1979 9533 688 4212 8981 7021 8842 9937 2284 5075 427 1315 5017
303 2256 4965 6496 1042 9873 3668 9195 8434 6351 2915 7267 2850 8340 5437 3312 7787 4719 1670 1474
304 6139 4587 8688 847 1762 2345 3728 6467 13 4032 7956 768 7458 6082 9578 8449 9285 8495 8345 9362
305 8466 1246 1929 9645 2666 6410 6672 9259 300 9968 6635 1560 9478 6457 9674 5535 8837 8083 5751
306 3754 5677 2754 1187 8816 6748 5645 420 8004 1380 5606 2870 5212 9626 7037 6318 7413
307 4243 9579 165 2810 1993 9928 5340 7698 5294 5901 707 9757 172 9349 7360 4507 2486 9481 9755 658 1961 7331
308 3550 8331 4286 1125 518 6526 7456 1173 5802 8341 5504 6385 6270 63 862 5268 202 2970 3160 2601 18 1711 6736 3103 9179 1083 7949
309 5273 2866 8918 1672 5340 8789 4367 6672 1105 9107 9209 1727 8799 5869 6134 3642 5011
310 6500 4442 5728 2339 2340 6406 9309 2401 2611 8840 9260 2319 5596 4035 3227 3240 8920 7399 7054 4132 3572 8478 8085
311 1343 1697 1348 7770 8275 2884 8134 3319 2552 6863 8720 8677 9564 3074 4845 6310 2 3994 1336 695 8711 8878
312 9350 5094 6014 6452 3016 6336 3231 9948 8316 9834 130 6695 7120 5534 557 6776
313 4584 7525 2787 8009 728 1761 9023 1622 2074 4051 2929 9295 463 895 7652 6979 4340 8716 7486 663 875 2079 6967 4855
314 2867 6030 30 6477 1940 8624 7822 9495 3535 7582 53 2837 2925 3858 5072 3113 3586 3409 3669 5514 1358 2721 6538
315 5364 1725 2819 5158 9524 7172 6666 4683 3284 2121
316 8678 1454 4027 6572 2173 5587 7736 4933 8759 7795 8067 863 7309 1984 6117 7880 603 2107
317 7883 3012 9474 6480 4970 5950 8811 8491 8687 2638 730 6777 2725 9217 3630 6959 3633 5737 5875
318 1364 2983 4688 7657 7988 8518 2639 2480 4879 2168 7001 5388 9866 2702 2327 6590 1978
319 1858 321 6859 5783 2315 9083 3509 6512 9159 7355 1731 3877 4081 8594 4926 8864 742 9255 2538 310 1745 1865 8294 4742 376 1238 7159 220
320 2391 7551 4832 3743 1070 5006 3983 1425 8797 2344 2737 7652 6793 9347 2962 2591 2 555 4616 851 7713 2704
321 6465 8363 2288 3053 897 9537 7647 8163 4695 1220 5234 2063 4309 9376 2900 5150 4107 2595 7393 3877 379 2407
322 9231 9765 4453 3200 5947 5848 7 942 4109 9160 6296 9526 5766
323 7013 7244 2383 3308 7725 76 2101 6725 925 6575 7296 5111 8143 3649 2486 3607 2 9625 9676 5958
324 8603 9613 8276 8635 7062 9000 4590 7148 9972 7367 9211 3111
325 9199 6671 4352 9012 5785 5876 2464 9607 1091 7943 6407 6505 4256 7119 137 1779 1289 447 5341 6352 3208
326 3075 5916 7293 3982 4510 6890 39 401 4778 3584 5623 2310 7762 6997 8583 8952
327 1253 6266 2985 5446 5340 1798 9372 5193 2709 1815 4884 6082 8403 105 6892 2029 9145 5752 6737 8539 7426 9281 3230 77
328 5734 9551 1774 6543 9499 4955 709 2976 2402 5359 3512 2771 3864 3485 6397 1859 6538
329 4783 608 8185 3106 9518 6712 2302 8134 6166 216 843 2340 1838 5375 1753 3251 440 2195 4134 9178
330 7012 9103 1399 7440 2629 3298 979 6646 9244 3103 2000 6770 1365 9763 2978
331 8448 2232 9262 5962 3003 3238 9545 1669 1093 7191 662 3032 170 2106 6498 908 7831 6771
332 7074 2387 358 255 1232 30 1523 5684 3385 6550 9013 9090 5758 7210 8086 2533 7199 2683
333 8122 6250 2155 5512 3902 3432 84 2439 9007 8113 9804 4924 6938 750 9775 1206 1772 390 3527 2491 970
334 7435 7865 7623 9387 9848 3066 8387 7064 3699 7308 1668 7732 3675 3885 5803 3752 2211 3877 2197 3156
335 8135 1324 5677 6434 2264 2440 3758 2594 9151 5690 6269 559 7498 2065 5169
336 1832 7137 6712 8218 8374 5366 838 7719 3373 751 4438 2263 5871 9946 2 2670 1752 2833
337 5653 6343 380 4638 477 727 4409 4667 6423 4772 722 4806 575
338 6465 5992 9717 6014 7185 1073 7200 4982 3408 9261 7663 8997 2962 312 6870 1746 3381
339 7044 8651 7481 2822 8988 4517 6827 5797 3275 5973 3235 8912 7087 1148 6222 9337 5112 6436 7880 1903 9077 9436 6538 8758
340 374 643 3889 2288 5628 8572 8888 2340 3086 1086 6149 881 8464 166 1686 760 2247 6741 5062 9027 5379 3363
341 4670 2288 8663 4497 7104 7972 7895 7846 2027 9984 4575 6547 1717 7452 9160 583 2488 6482 2962 5661 1765 2616
342 4327 8882 1092 5898 2674 1398 8406 2340 1567 4310 565 8136 465 45 5055 352 3532
343 3555 9199 5926 8982 918 9884 8994 520 9533 6054 300 8671 6824 2322 720 5781 4292 7949
344 5160 4346 6263 9990 5833 7338 3758 6574 2301 1716 5170 7746 8896 8332 7796 79
345 5546 6217 3051 3954 558 4483 2951 4070 446 4736 6482 2473 7065 3877 5715
346 4286 8129 8844 6991 6458 7567 3720 1136 7041 5724 2285 4669 8249 3189 4605 7291
347 7285 1454 7695 3256 3746 2155 5431 7565 6947 6944 3936 9453 6296 3870 8372 9876 5996 665
348 3182 1271 9705 81 9908 3818 9573 2465 6547 2834 7314 4325 951 8049 9678 7120 1351 4855 6177 7851
349 3344 7012 5511 8278 5726 1435 8387 2114 9026 7395 3 7354 7844 7824 303 511 9370
350 2483 4334 7085 6021 7691 8084 1542 3456 1395 8357 8887 9018 4994 3427 8812 2618 3397 5098 4546 8599
351 9060 1610 6123 8333 868 9968 4765 2630 2881 4824 393 9013 4171 5869 8405 8438 3794 427 3064 8662 9747
352 5572 2877 7965 6880 9533 992 2456 9301 9968 3158 131 7598 3371 2325 8812 5385 6705 896 1009 3810 9955 1105 3959 7517 5600 3431 6490 6903 5715
353 321 6758 7298 8595 4199 939 109 3027 4129 3936 5181 4613 3697 712 4628 8242
354 254 3073 6960 4269 2518 1 5756 8470 9936 6945 9400 1505 4027 3728 1925 3883 2757 4677 878 7637 9045 4661 8600 5007 4400 756 2120 5163
355 6056 6681 5255 3012 3564 3537 5298 977 9749 8851 4249 221 6296 4754 2560 7949
356 7496 6893 8659 3509 6306 3873 5980 9677 8666 9013 9070 3798 4997 9708 9385 7782 2327 2669 541 1451 4404 7278
357 1299 6810 5284 5941 1349 8938 4788 4635 8498 5437 1311 8421 6628 1508 6204
358 864 2673 5755 3805 8757 1141 212 6076 6613 9218 5634 1261 7981
359 1219 7238 9713 7272 8491 3736 7699 5578 5670 2708 7379 3832 2269 9733 2839 2064 4958 7569 4692 8852 5342
360 2767 4946 4565 3047 4739 8171 6709 2209 1901 6778 9386 8661 6178 5925 4624 9223 7974 2615 9426
361 8707 3876 4579 5059 9129 1979 7438 708 3751 6955 9979 6878 9286 7120 9591 2085 6597
362 9199 3537 2728 3082 2317 547 3524 7736 6021 3982 6005 758 6487 6946 1231 7260 4104 9565 1256 7095 8711 947 6404
363 1240 8362 6312 5035 1145 650 5951 2825 8376 4127 7611 3753 64 467
364 2983 4225 7804 5412 2074 1979 4311 4743 8140 9453 6230 51 8936 2735 3447 4145 6462 677 8310 1373
365 1774 4045 321 223 1920 8927 6772 5678 3152 8555 9356 9404 9533 7414 1179 3155 7732 1778 1058 3661 7239
366 6815 4764 8124 8075 8706 3393 1443 9904 8081 475 6054 6170 812 4437 1868 5434 8732 5597 1628 6768 4415 1670 7892 8922
367 4352 5677 4153 2242 4535 6413 8908 3939 8483 3602 7243 3968 1294 8713
368 8106 8045 3841 3345 7255 3577 3404 324 1866 2774 6028 8962 2333
369 4004 4442 9492 9842 2254 9903 37 2605 213 2398 8446 7546 6906
370 7324 5787 5168 7116 4260 9533 7246 7945 9808 8907 4135 1884 3877 1481
371 305 3704 5067 6614 3020 7934 3491 2875 9453 4641 3371 8030 2962 3424 2058 5484 5945 6167 4063 541
372 9292 3012 6844 287 7607 2559 8512 7616 1411 5271 9688 5387 2149 640 4324 6049 5201 4393 1297 6808 3219 5292 1055 1670
373 7323 8562 7337 9933 5855 8667 9368 4836 6001 494 5196 5508 7174 7998 5852
374 6914 4571 3077 8319 4073 5775 6130 3148 3836 7732 8138 4174 2885 8355 8470 3513 1256 3593 1344
375 5230 5183 3012 815 6570 4079 1956 8010 9781 3032 5868 1385 5089 8035 7811 6099 2583 5862
376 9691 1675 4679 2994 345 7077 5483 3659 8231 2030 7924 7056 3602 7275 3710 3894 438 2907 1846 3830 6086 521
377 1281 7720 2458 5250 5209 5906 955 6683 5362 6547 6085 527 5270 4542 6966 2820 3281 1272
378 3023 1588 4694 3782 8491 9167 6315 8630 7066 858 5807 9604 6121
379 62 3366 2955 2369 9903 2426 4884 8808 4824 4905 6857 4068 3425 1422 6234
380 4071 5299 762 1889 1387 954 518 2469 5349 674 382 9544 712 9819 1222 2121 5715 2134 9751
381 3520 7951 5451 5702 1955 9461 8634 4413 4302 1228 8560 7629 1734 4609 8248 9973 5715 1802
382 5013 3533 6278 3232 1763 931 8893 9363 8164 6487 3069 6470 4390 5748 991 4441 325 9043
383 7883 6068 1296 3860 2679 8919 372 7455 4296 7554 1194 79 2148 1010
384 7347 5182 1627 3012 8264 5054 6774 3623 8746 9519 1941 3996 1383 3028 6970 6466
385 8189 755 4340 8948 8450 7728 4796 3877 6362 8535 5676 3976 2095 6677 6429 6934 3602 1570 7082 1769 8614 9675 660 9224 9841
386 2633 2463 2566 1125 4095 4815 5402 6717 8456 8457 1277 1723 208 2270 6773 398 3061
387 1774 28 9483 7362 9331 6829 5264 6488 1164 5515 7629 7226 88 8212 3132 359 6771 5365
388 8786 162 1121 2643 721 8150 1579 8360 2540 6818 1403 879 7359
389 6474 4820 199 3982 6836 4399 9702 6917 8994 3789 2542 1668 3610 1249 3894 2844 7693 6891 6040 2524
390 5175 233 3937 8830 6174 6218 6010 554 2239 8392 7483 7049 8498 7857 5643 9802 935 4705 7340 2 8800 1445 2115
391 833 8386 8246 4152 2794 1559 1252 7132 5990 6537 1679 2943 6967 5972
392 4027 933 3496 3489 4000 2102 3575 5458 8916 3819 8440 3296 2752 2067 4855
393 4506 2777 5762 7261 7495 5107 8064 5177 5682 1174 739 1731 8286 4572
394 9682 6576 9906 132 205 3806 9607 6104 7491 7121 1185 3803 2452 7332 5097 43 2543 3541
395 6716 817 4522 702 8459 7192 5161 4765 2051 3656 948 1981 4692 6737 6855 2271 4357 8958
396 321 4965 5370 3293 9883 838 3551 7732 5795 4234 3394 2447 2024 8447 8996
397 5145 3327 3468 7699 5214 4449 1625 1376 3657 27 522 2109 3134 8196 8296 5443 1050
398 580 4602 4757 8116 5355 673 5638 3285 9381 5877 1853 4326 9138 6146 5995 2229 9659 8011 5457
399 1260 321 3592 5339 2769 2859 8756 5446 9423 4434 9903 1801 5412 8018 1805 6054 9600 4035 3597 79 8344
400 9594 5220 3159 1557 1719 7153 6060 474 61 6669 1177 9185 2954 4527 3875 5439 1799 4577 4728 8592 5216 4689 9720 7141 4658
401 8119 6753 5374 3303 4257 8790 7503 2050 1446 6388 9480 8920 9743 3164 1652 5902
402 6396 2746 9085 8491 2580 76 4199 6133 6635 1289 6778 9659 9076 1353 4401 6465 5533 2426 7219 3092 6968 7009 1238 7748 6119 5248
403 6364 8183 5082 7780 553 4411 447 3427 6862 5446 2904 6667 3434 2366 9795 925 8170 8747 7296 5090 631 5880 3267 3025 7429 780 5433 7413
404 7285 3783 8033 924 2097 6065 1022 8177 9208 5857 8615 6973 4755 4917 3894
405 452 2799 8935 1957 2434 2973 276 1436 7085 8946 1959 9003 9533 3415 7008 683 9215 2433 7782 3093 3079 5064 5326 8388
406 6486 8439 5962 4938 3395 9467 6726 2988 9280 1233 3375 8628 3032 5317 8259 6873 4026 3822
407 2554 6025 737 4108 1449 4619 6594 1956 8991 4047 4021 4218 5468 9182 4133 5063 6581 3422 1695 3877 9043 6923
408 5727 8152 6324 4940 9568 8432 3562 7919 2996 5223 3670 1616 8130
409 8722 3337 4763 3169 5340 910 6819 5470 1252 4728 488 3446 4054 2533 7969 1360 427 3417 273 9806
410 9615 513 4523 6883 6311 6655 9177 4901 2924 3936 1514 6196 6676 8105 4062 5311 7510 2146 5122 6503
411 3797 9401 6602 6618 2872 3297 9391 1834 7549 3543 979 5565 6898 271 3894 7552 6348 4091
412 6588 4671 7856 2952 5677 3783 5445 6405 9566 8658 9374 4903 830 3895 5695 9004 9341 5437 8900 9833
413 7643 321 6610 4684 9129 4308 7256 3981 5027 1939 3074 9032 139 5889 2265 9197 6269 9268 2194 5504 8922 1159 8649 9355 6075 3871 5143 1833 206 4444 6984
414 2673 2066 3106 9129 7123 3099 3202 9968 2589 6613 110 9047 7519 4558 2569 9602 1473 9608 9066 6739 227 9123 8899 4134 4591 2729 8969 1305
415 5874 259 4607 1541 1650 5656 1202 7049 1880 1962 6478 4805 935 3104 1680 3225 7327
416 4398 3690 9842 3982 7613 5276 436 1496 9314 5065 1895 7356 1992 6492 5093 8157
417 5663 5968 5762 8204 2240 783 7600 9222 167 7 2719 634 8235 5178 8660 4159
418 6939 2038 1749 8190 7781 9609 4042 4659 9940 2750 7034 9296 1026 719 7652 1424 1715 9352
419 5322 3245 5962 6584 205 4821 1845 9628 8387 4013 7656 246 8854 235 5836 6701 9230 1840 6938 8195 2335 6150
420 714 1878 7028 4766 8519 7151 6534 8625 7304 4480 1668 9637 1419 9920 2177 2590 6225 5307
421 1773 1851 8815 9901 1948 4169 5040 637 5869 3427 3474 7006 3560 4741 1118 1072 8431 4893 5536 8043
422 905 8224 7434 8116 5742 3763 5359 3531 3032 4340 9366 6928 4203 802 7641 5056 6840 9057
423 7285 6584 9332 1645 3316 2283 4928 9460 3100 1538 6153 9301 7296 3096 8384 523 4760 3742 9638 1061 7939 2272 9141
424 508 457 5029 2175 2240 7893 9067 4892 3821 7810 3491 5583 7887 4502 7280 2233
425 347 321 3146 8092 3465 3074 930 7063 2655 652 5438 2403 9480 9945 6437 2549 8361 2536 1979 745 1647 2546 6583 2462 7178
426 4920 6116 6692 3380 449 2760 42 551 3991 6926 7713 3095 3466 593
427 7457 4462 2878 243 2666 5381 1589 2294 1034 8125 7448 571 3613 3379 8043 6382
428 9008 4632 3616 6280 1536 3398 1381 4199 1292 6041 5003 7688 8343 776 4191 4385 7302 1510 6842 3923 116 7591 4627
429 6044 2255 4332 9176 4036 937 7521 843 7702 860 7652 6141 3784 7268 8809 7436 8036 9534 4913 5074 6528 5307
430 33 4215 8202 8156 6803 7153 4650 6549 9600 6879 412 8513 4317 79 7017
431 8269 1412 7836 476 1216 8846 7493 3865 5162 7133 2846 67 2308 953 9502
432 3214 2350 4586 9803 3975 9290 6021 9404 8655 7632 8175 4340 6940 7138 4034 6260 1743 8738
433 9139 4553 8558 9310 4758 458 5445 2161 4039 5643 8428 5103 6338 8853 238 4762
434 563 7771 8180 456 1465 9709 6413 5705 8501 4420 6054 4668 9653 3307 1668 267 6447 9062 8049 6729 3703 3521
435 4615 1025 8359 725 4960 8463 4178 2274 849 4906 6722 1361 3894 7880 569 1937
436 155 9731 6250 3119 1794 7668 2818 3900 6203 3638 293 3706 8992 9091 1130 4526 2701 7816
437 5026 2969 1117 3982 1369 21 9097 6458 2368 1426 8423 5130 190 1223 690 7634 7126 2932 5304 524 6015 9044
438 3376 6073 1121 3473 247 4044 7736 5793 3074 9162 3377 726 38 5754 4749 5905 6853 2532 9886 2783 3877 7536
439 9868 919 2100 482 7709 5554 4730 6611 4512 5104 1147 7597 7207 8832 2490 4536 8711 3863
440 6160 691 2409 7862 1942 3088 8060 8712 5890 2043 4511 7459 5985 6613 7053 8832 663 1774 1690 3783 1986 2895 5095 6011 6889 2887 3154
441 4352 1182 3707 5673 5154 4360 6837 5761 4377 8610 3845 8921 3830 592 7949
442 8461 3077 9931 3936 8978 7694 5743 5880 6356 2920 1662 7163 6624 6899 7978 9206 5769 8711 874 9042
443 8250 6259 2555 108 9805 9256 7490 2812 2337 8764 5815 447 6938 4580 527 7126 79 6746
444 9837 2879 3728 5677 8486 8914 6173 36 5507 1105 2906 1571 670 6020 978 9822 7024 6470 3083 3792 4457 2911 1786 646
445 4352 9595 2135 1432 142 3985 1876 4973 5752 2806 427 5097 7277 8431 7301 2491 2858
446 8910 4463 7336 2522 6603 1898 6613 2225 8907 9198 4529 8209 2445 9821 5909 1323 4389 9260 1079 535 675 8686 6809 4915 6414
447 792 2060 6249 4365 4528 2904 5900 3680 183 987 218 516 5668 6636 6103 7650 8681 8077 5307
448 9199 3250 759 4341 779 3825 1882 8480 7349 7569 3683 4785 7307 79 4552 5157
449 112 5461 6656 1107 1855 4912 1994 8995 5635 5132 183 110 7615 191 5199 4299 5219 6281 3495 7949
450 2939 8183 1958 8830 9146 1167 5671 7147 7991 5872 4985 3750 2155 5553 4151 2847 865 6999 7786 6608 1466 9635 7048 5358 3193 3004
451 3023 1874 9947 1572 1389 7153 3508 4645 3914 1489 9740 7826 6786 7699 332 4173 267 8337 8716 4478 8350 8748 597 2513 5817 7636
452 3236 9139 9842 9839 1310 7350 1797 9442 4702 4660 5978 1340 935 3888 9086 8029 9485 343 2624 7169 4066
453 3684 3264 3031 1609 5416 8967 8054 8574 2158 8994 2947 6889 4070 4567 7381 2438 4294 3140
454 7721 6073 2288 6686 1888 733 1602 9968 6980 1264 4300 2823 331 8804 1111
455 2555 5043 1998 8467 6884 5730 6030 2003 1429 5236 6408 5943 5386 6070 7188 6484 1852 7484 6067 6331 8487 2422
456 3318 5928 4664 9903 3460 1421 816 2630 4491 1946 2828 8097 9069 2962 2005 6580 2449 2138 8293 5326
457 9399 4176 7883 6394 1012 7819 461 6327 8469 7659 3243 6046 10 9388 1077 1134 8043
458 2817 8608 7212 6333 6534 7845 1176 8906 7709 1625 9852 1557 6091 2111 89 9563 3752 3052 8548 2006
459 2379 5474 3316 4382 9545 2158 8925 447 2262 9354 6281 1007 7566 7025 4040 5884 1391 7240 6577 9007 7899 8451 9219 5997 2704
460 2126 1066 1763 1409 9149 52 3089 5353 9852 2963 7604 1962 7651 7209 79 1651
461 8722 3292 3694 2264 8611 9005 3999 8406 9728 9573 8093 6547 8520 7438 4706 7039 8880 1512 8367 5415
462 856 2569 5506 5749 9433 9842 3050 7964 1979 5924 952 2537 6258 2962 6134 2327 641 2394 1353 8715 8653
463 982 321 1646 9990 7850 523 9160 1459 6378 2599 9529 6731 7966 8822 7568
464 972 1161 4341 9569 1657 5095 9014 8301 2202 2119 6238 6178 8569 8191 3786 2615
465 4504 1434 7227 5038 6692 3518 2773 4928 1969 150 3098 8055 7633 7630 2730 7773 4345 111 2979 1984 4307 715
466 7234 2898 6184 1042 3007 4643 9404 5200 2448 1038 2313 9374 2222 5649 208 9641 381
467 4527 8911 2565 7382 9023 9933 8338 2790 770 3722 7562 8125 7901 3255 9254 601 9555 9986 2 7083 4397 8293
468 7767 884 2643 7290 5444 633 2666 349 3234 6611 7092 3781 5254 7022 6257 6332 1524 1301 1237 3499 6673
469 1774 3280 9842 6449 323 6256 8256 3074 7438 7373 6922 7204 4055 9643 2129 8644 6941 7614 8632 6528 1036
470 4771 1337 9507 1979 4252 6983 1655 1668 8498 7976 5880 8041 8924 2137 9815 2418 4557 8061
471 9343 4652 126 3211 8258 9753 5185 7305 7576 7438 2013 5033 5842 3513 6899 5888 9224
472 1401 9438 6030 2048 2331 8994 2575 388 3507 6833 328 550 2711 5826 6778 1555 6050 6871 9950
473 1113 321 3596 7993 6053 937 3330 4664 395 5350 7469 9107 6448 8114 6920 952 5770 4433 152 1569 6473 6134 4624 5356
474 2292 3728 2273 5556 2692 1117 6650 1521 1181 9885 1625 3304 4326 3074 4765 3274 6024 73 1997 525 661 2466 5437
475 9731 4854 4369 6584 512 163 7511 9618 8117 7709 149 9233 915 638 4326 1287 8428 2890 195 2870 352 9867
476 648 8512 4386 7736 1391 7699 4644 4464 4798 7677 1020 2685 1342 8023 5459 1995 5655 2117 9592
477 847 232 4999 9931 8270 7202 3371 4493 2545 3894 6101 4348 5451 7118 9712 6063 979 123 2661 745 6236 8949 6545 1328 3621 8928 5897 5127
478 8308 5333 673 3273 6990 5282 7143 1668 6214 1005 8216 6825 1516 4222 8723 2382 5715
479 2248 3190 6163 9344 1132 147 8855 956 4240 8378 3377 5723 7880 2614 405 2437
480 1534 8767 8005 532 2240 5045 1480 6672 3260 5400 5189 8947 9308 1124 3630 4531 2541 8794 2376 784 3056
481 805 5659 7361 7671 3552 5397 5921 3125 2685 7068 7133 4537 3682 7477 4728 4314 6521 8843 4549 8578 8644 7429 8445 5716 2406 6019
482 6339 7883 4166 1707 7642 829 8314 5891 2322 2651 5625 7252 7863
483 9842 9887 6547 5936 3141 3251 3438 8841 944 4860 2847 2512 7736 1500 2340 8793 5418 9453 7210 1984 9030 2208 6648 6404 2407
484 789 5710 7117 3012 2555 3147 9669 8734 8719 3149 7216 639 1180 9349 1019 6332 6600 8832 1731 9697 2873 8814 7997 5573
485 7482 4703 2156 5768 4923 1736 6685 9971 4882 6633 1956 2144 1293 1540 6728 7353 1731 4566 3901 4801
486 1314 9199 813 687 6698 7259 1244 6467 1784 5070 6030 7386 5207 4340 8141 1807 5662 4402 2936 7952 9711
487 4774 4024 4343 2162 1522 9425 315 4925 7478 2136 2235 1037 935 6049 8644 9907 8345 7480 4001
488 1685 514 6059 6229 3352 3967 6839 3253 9087 7919 5880 6258 7061 2282 5031 8999 7295
489 5406 731 9035 1241 7091 8176 934 6790 6468 5848 2596 7732 753 2558 526 4148 5462 79 2802 1935
490 6584 4454 7608 3121 6780 5193 9007 1377 5253 4969 6908 5319 2798 1591 3081
491 6329 1198 7852 1354 285 3382 8957 8193 2001 5288 9624 1120 44 8149 3388
492 5272 8910 7740 5830 8528 744 175 1639 7320 3507 7638 8002 5376 8823 7762
493 4752 6476 7948 2608 1982 4664 8210 7777 2136 56 9244 1817 7840 3955 412 1984 1280 1236 2747
494 3042 7883 9139 114 1125 8304 1945 9468 7391 9611 6226 4198 9660 7987 6101 4012 3395 4639 261 6331 6855 3144 4606 325 1306
495 8207 8743 2909 3740 893 256 6045 7791 5993 7153 9930 3936 46 676 6613 1289 6134 3240 511 7206 7193 701 1750 1561 8484 2811 5880 3795 9079
496 1366 9430 8336 5860 2093 5343 2349 4078 5895 9930 3936 7321 4209 3894 9794 8581 3970 1139 2893 6095 1504 4989 6258 5617 2892 3144 1464
497 8987 329 6030 4220 2660 7057 4733 4853 9315 8787 5956 8879 1457 2518 3022 3987 9834 8212 9547 4716 4886
498 6711 2840 259 8915 1624 3713 1209 3336 4663 4843 3013 8690 5109 6360 6764
499 1299 8245 6014 5654 7852 8183 867 2264 1402 104 319 8622 7504 4789 6738 1129 2602 935 2017 2321 8753 8130 671 8685
