100
0 6136 6224 6601 7301 1040 8549 1512 2594 4577 1137 2482 1422 9204 3511 2498 8738 3376 1462 5820 1265 756 6614 720 1687 5675 965
1 281 3198 5515 4334 237 2902 1581 396 633 2061 1185 377 7292 2140 425 4703 831 9903 159 3747 3912 5311 180 464 946 4040 7597 251 5367 9356 1632 9030 2572 2908 2308 533 61 6649 5247 4589 3961 347 7269 1440 505 600
2 33 214 1690 2296 868 62 65 929 155 362 2264 94 85 775 536 813 804 44 5659 1971 940 1497 4063 264 1352 3661 3199 181 4859 2741 805 8933 5108 2145 351 1562 1262 221 346 28 1437 1756 35 390 5472 179 1524 24 17 27 2981
3 6064 1062 5165 1288 447 8131 6329 7486 8516 3097 2265 581 4394 9607 945 3622 4809 7733 768 4032 809 2805 9574 3034 1991 8444 3926
4 1268 2260 6671 4549 4146 3541 6657 558 3151 5161 375 4191 8428 6074 2297 7122 6629 2927 3362 1664 3893 580
5 3161 2491 1051 4089 285 2785 4494 328 4908 3878 3206 3863 3881 4314 2301 3246 295 1399 786 1688 97 500 1173 2627 4545 864 7497 5295 3597 286 1277 2614 6037 4311 1743 240 149 3900 1608 6425 2056 716
6 172 1379 50 634 391 1476 498 364 441 2824 954 40 9285 3131 108 1281 170 799 2431 1871 2196 30 585 378 137 1791 465 859 75 853 1334 1600 122 401 1457 112 13 684 143 1184 3659
7 1754 1762 139 2169 195 89 1590 933 461 158 1452 288 992 198 1959 130 1805 3600 107 47 3054 1447 66 5429 393 1189 4371 1985 597 459 21 3698 229 4023 1979 124 63 2205 4848 145 1315 250 1332 275 102 611 184 109 1496 948 1207 46 9225 2744 303 2768 49 659 201 999
8 3394 1287 9262 1037 2253 2622 950 6812 6422 3494 2928 6046 7071 6112 3059 2421 1403 6555 704 4833 2255 6242 1345 1024 2671 2410 2278 3369 1588 5310
9 5641 2652 2721 9382 2258 121 4253 7876 176 126 9 2820 2079 2065 8 7401 0 458 5605 6304 7878 4390 2 5225 1790 8034 7147 656 2730 7211 11 3569 6135 2170 468 1602 14 899 3346 4308 6718 232 2726 5621 5200 2562 8322 1881 1393 6729 6 2397 873 23 9218 2735 7518 1 340 3224 5349 3180 808 2024 2748
10 2950 4790 1282 4985 703 736 2628 7345 3890 9828 1083 560 4951 1660 4609 1390 3094 802 1667 9890 224 9053 3143 3477 3673 870 4501 823 5304 3071 3752 2405 7270 6543 911 5463 5926 3546 3170 1707 355 4770 6249 4317 2872 3282 2871 4872 9086 8860 4281 1727
11 902 3239 142 2003 64 5205 4241 2104 1932 737 475 372 3591 762 41 91 477 327 206 2948 93 8728 48 236 657 117 4646 248 371 1566 810 1483 653 111 4106 136 1183 7797 8992 2152 2261 1155 125 7559 54 2029
12 7867 790 3635 573 423 1298 595 3895 163 624 2697 2159 7742 613 1906 2757 7084 4514 878 9322 579 5634 803 5595 2226 731 9246 1476 3887 413 1613 2177 910 8834 421 3295 1401 701 427 6178 3813 1084 1226 1082 7929 632 6348 1038 3581 2709
13 3209 8086 4620 930 9705 6952 4336 1318 2793 6980 2568 9987 2055 2464 4072 6943 7027 607 3806 1418 2429 2204 1506 7918
14 8168 4188 3162 2832 3632 7363 2083 5875 9559 5845 4708 1081 1681 5557 5721 8965 1834 3383 5759 7226 1641 4594 2107 7884 2349 8388 5059 9971 3794 3204 2247 3528 4468 3070 3549 9675 5850
15 7151 1903 3179 9957 5720 5482 219 3141 202 660 537 7585 6837 2114 3378 9572 1027 9824 113 1679 561 8149 982 120 3082 280 672 438 628 5101 92 2291 4517 6222 2707 2330 4273 1766 4288 1463 8614 182 513 854 601 772 42 361 306 450 7250 265
16 9441 1214 6662 3548 1709 4752 1116 2058 3417 5617 9428 418 1021 4416 816 9471 1579 4362 9843 4244 5430 2751 8262 848
17 3889 4167 6049 2010 8015 3735 6009 5450 8476 3306 5404 1439 62 3923 2342 1898 1498 9470 7818 2033 4443 4493 4607 5893 7488 5278 6797 2072 5218 2419 665 4278 5715 759 3904 6378 3289 3021 1030 3532 2232 5013 252 3274 4343 4254 547
18 7557 3114 3272 7182 1352 7935 4160 3575 6022 5533 204 3888 7984 2154 2995 2753 6622 4263 1849 3127 8001 879 4102 5901 6475 4275 3036 8100 4558 8360 8703 6787 1949 3410 9080 1652 6909 7621
19 1696 1032 3350 3012 2193 1072 1322 1216 2358 9329 4900 2364 3758 2351 3797 821 3861 2133 5294 8150 7893 2266 4512 4483 2532 3573 3919 9718
20 5522 4067 9562 331 7217 7048 6373 3052 5526 3405 4688 4265 3996 2047 9749 1514 5001 491 4408 2604 2849 7081 6651 3441 9519 2150 4662 1067 6362 3172 7564 2153 8364 989 9521 2659 8454 967 640 4889 1404 1638 1290 1726 4605 1771 7347 1169 1212 2930 7069 6398 3718 3286 4225 1678 958 4984 1052 2097 5154 5514 3533 9701 1168 3497 2979 1768
21 606 6703 3158 1948 233 469 1103 6848 4373 1098 1152 4837 3262 7242 749 2049 1859 389 5554 9677 1010 5616 386 99 3196 1087 1271 403 6115 4021 3880 845 2285 398 7382 499 325 134 1513 1350 5985 567 1371 276 1445 705 555 2573 2848
22 2001 6747 703 7355 1307 687 3379 9081 2450 7480 1423 2122 3680 3211 207 2387 4103 8226 133 4609 2284 1851 5848 3543 1310 4863 2190 9430 224 9517 3361 7798 8677 888 2045 893 5110 5600 921 584 5565 964 512 1666 2304 822 658 2577 2000 8955 843 9425 6404 486 2942 3981 1547 1770 4430 1853 7508
23 56 2043 3066 3908 645 1429 3839 2202 8969 3257 1042 671 1828 2479 6558 1351 1046 3571 226 6480 1071 5604 479 1086 5459 7607 678 1412 866 1540 252 1407 462
24 680 871 725 654 6246 2187 1286 3089 7086 269 5643 1900 6138 8139 3563 104 3706 2214 3741 3210 8488 2614 535 5395 1321 6347 542 1386 2956 5333 1195 6238 7373 4950 1972 128 977 7575 3046 769 3483 2168 2980 8040 9947 426 1174 3455 2692 188 1477 7387 3598 1173 8138 1376 8146 9335 1584 6335 1284 203 644 185 1454 1011 2060 1629 305 3447 2812
25 2663 4100 2420 2494 4055 1293 6813 1347 1490 1199 5532 2587 4348 4722 4094 8888 2794 4911 2376 8904 3079 5206 3479 3251 2947 2582 3964 2546 2790 1126 2770 2188 2571 9799 4060 5346 5511 1645 6973
26 4219 778 15 3586 9351 2195 144 1330 415 183 941 1951 222 1967 1388 2052 3406 199 6369 4704 299 25 669 3317 6137 3110 5959 187 1333 526 4813 342 1850 313 446 5041 8152 488 9542 9710 84 907 63 4335 4090 409 4070 993 1656 210 2809 1623 9040 9927 8465 1420 4807 6577 9017 303 890 3194 1019 3540 1936
27 626 2180 739 411 4962 5960 4403 8438 1522 431 2508 1529 1033 849 2116 322 4152 5812 1732 2889 1221 8761 1301 2020 855 151 2231 6668 1814 443 3582 661 368 164 1954 1117 901 417 1385 5186 4978 1004 1395 552 767 5295 2171 228 1365 4510 6460 1091 320 376 2200 1718 4610 2780 6691
28 1140 1142 420 2576 980 4299 2329 1494 1917 4596 1150 2048 7971 7040 1788 272 148 836 4657 914 5909 655 612 791 7590 6424 4625 234 4104 4857 621 582 383 1001 3768 478 2601 294 258
29 270 8917 3201 490 1697 8154 880 1378 223 2650 9885 8542 437 9269 360 380 3148 1908 274 2087 1015 727 1803 496 1811 793 329 3832 442 650 3842 1587 2887 541 1149 290
30 602 3167 3660 5792 9872 8740 1610 1026 1917 1764 4125 6696 4723 4801 3536 1435 7417 145 7390 914 1717 610 1202 5403 4473 948 625 6716 1904 1132 2385 1933 2076 4378 8892
31 2185 4009 301 2560 58 735 549 16 694 6141 96 6292 399 7454 1231 105 1989 6572 1088 141 1549 3008 6385 8719 4061 881 5803 531 4818 1528 7218 5626 2360 842 302 4397 1734 4487 1065 73 408 1783 3676 2504 1093 8707 2919 1456 1349 557 697 445 1320 2078 1106 1793 590 273 1911 1914 812 1362
32 975 824 5561 318 7708 882 231 4364 3398 435 2978 1725 5483 5921 3458 60 2486 6134 1200 3053 5051 116 83 717 1847 4157 6045 6785 7013 1008 4425 3069 1884 2402 857 619 339 468 1031 520 4460 3160 2288 3489 307 2819 1780 34 8988 5136 4741 186 3470 2841 830 5838 2509 5448 797 615 8492 709 8993 2965 6915 900 3992 321 4850 5615 1558 663 554 2526
33 3639 4172 9896 4820 2425 1253 5434 1224 6100 2215 5385 904 8853 2116 6946 6225 5545 6050 4783 630 1922 3686 973 4881 5264 9716 5167 1954 2547 1990 492 7437 4676 5754 4196 5255 2666 8751 9933 3119 6539 3498 4639 1211 3699 2233 4107 2555 1365 9500 4510 1427 1387 4953 2845 8225
34 926 5178 9205 6130 1534 9952 8541 4539 4667 3911 6354 5562 4474 1878 8311 1813 3516 9894 4659 2985 2975 2986 3773 2713 7460 4417 482 1665 2300 5597 1077 2227 6604 4761 148 827 8076 4895 7279 1007 2955 4133 5312 4977 1575 8430 3764 333 2873 909 3240 1942 4817
35 6077 617 4622 3020 6838 529 1538 9392 7378 4765 953 4207 8984 4357 8589 4169 8991 3555 1842 3388 1165 2581 3560 4608
36 2843 1005 2401 1919 1698 8386 1817 937 1797 9374 6013 3777 6210 9000 2408 5193 3221 2271 2694 3230 1308 7748 5330 1616 923
37 2147 4310 6755 712 3950 3869 4864 1446 1343 1089 1414 647 1891 4096 4623 3715 9467 1921 2073 5862 166 1233 1222 1372 2713 2248 2612 4974 5490 290 385 1100 2444 1080 7367 6762 9346 968 886 263 1269 1177 2430 1996 1482 6630 6523 1737 2096 681 594 1508 919 1136 5084 5791 2453 524 395 2787 4619
38 7764 3330 4264 3811 9711 5422 1329 2220 6411 730 1882 2219 2093 3252 5383 6394 6834 8297 3144 5368 1239 718 6412
39 4274 5480 728 979 5705 5391 4098 1197 2657 8316 1520 6756 1481 1744 1292 7593 9076 3389 6440 3751 1171 6234 7108 7747 1973 2222 3929 439 1854 4302 4388 5381 1369 6256 3623 4028 1251 2688 2523 4768 2077 3891 2138 2503 6058 2404 2207 3121 2416 2128 2990 1821 9611 7104 2383 1930 2811 1546
40 521 2512 4849 915 1880 1570 777 6226 3488 2745 4611 388 2702 972 3924 405 3335 317 2585 681 7826 5731 2327 6388 7181 2442 3761 1053 3098 2566
41 4255 2883 2059 2545 283 1044 516 3135 5277 1751 814 253 7473 2027 5982 5942 627 2415 6677 8267 2795 7989 3866 1723 4648 5431 1824 3790 6265 7591 4728 382 3884 205 2062 9039 2270 1058
42 2344 7905 7431 935 1449 7606 1694 9897 5631 3988 8654 4568 197 5860 7854 20 1999 1263 9557 2141 19 9836 5591 6095 9338 9561 2632 5973 2862 7360 1789 2931 708 1643 9857 748 5818 6183 8038 432 4175 3585 2228 6261 3617
43 856 5954 4680 1876 6949 6229 7112 8009 1552 1598 474 6423 1416 1993 2315 1397 846 2611 5376 2904 4533 7180 1128 6156 1988 2343
44 6259 3182 6228 7768 863 7252 3271 2565 7278 9676 7224 1357 8532 6486 5912 3819 6161 5299 18 1986 6291 4938 2082 5123 9485 5313 5162 1070 371 7402 1651 2603 9549 4844 7051 7594 9993 5681 309 1561 5555 5804 6689 2563 2050 5699 4226
45 2136 243 193 123 6459 121 7850 132 67 9 4421 1510 162 8 52 55 0 655 79 7055 82 32 2 309 11 4226 424 2818 14 899 135 330 2487 43 138 22 1122 18 1881 26 4266 6698 6 31 1000 103 10 51 12 171 23 859 1 332 29 554 114 5661 2216
46 3976 8871 407 9289 8122 9021 1356 2729 1101 9770 1324 3234 3677 1692 729 9332 889 1162 1063 7135 2525 2167 9663 3047 5974 7408 1467 1978 4148 884 892 1944 4372 5287
47 2208 3448 2391 5874 129 1873 1689 5388 1249 1680 5910 9476 8691 3041 7354 514 6684 158 2264 985 433 6534 740 1642 9732 8429 3106 8489 1048 2413 673 5497 9623 6930 2403 583 2392 4291 7636 981 2685 3621 5182 1582 4336 3139 8066 995 5990 9134 3514 7773 9768
48 936 3426 2825 2740 6056 3158 4672 7090 8355 1163 2305 751 7050 4805 1344 7007 745 2901 2920 4247 3242 3359 1283 3561 4448 8326 5843 7384 6227 5728 2249 1104 1593 990 1312 1729 1554 2905 7223 4821 8334 1809 3684 1384 2593 3825 7569 2325 2955 366 2501 2041 4799 1653 8616 4497 9433
49 4710 839 1325 3236 4164 2238 9391 8450 9713 1857 7459 4410 5957 3190 996 763 1671 8612 3662 8973 6452 2516 4331 5305 5221 1767 4615 8315 4435 1604 6962 969 4358 7709 7304 4472 3490 6059 5158 1186 7970 8030 5895 675 2239 7718 3332 4613
50 2575 8390 2292 834 2542 2184 4022 1391 2743 4242 1624 2941 3775 1599 3443 3028 1482 8515 838 2469 2513 4695 4380 4995 7761 919 1493 6502 817 8423 6737 9975 2234 1085 7132
51 9365 4705 3233 2826 7694 7404 3576 4847 811 9234 3804 8783 1305 3734 5534 6237 9361 2756 8513 7140 5612 5501 2642 9538 3084 3634 3722 1159 4433 2613 1848 5230 6877 3218 9213 4946 788 9610 1960 6310
52 2625 135 2345 7995 5932 2720 1179 5625 2471 3615 5662 1139 765 2807 3587 1316 2165 883 9913 6171 4495 1466 1899 5248 3411 835
53 1097 1866 8309 7433 110 1704 7712 6467 7291 3395 3243 4478 6126 3102 9613 6655 216 898 785 2094 6031 246 1313 807 4525 800 3038 3016 1228 70 6051 1434 8184 289 1296 2592 1758 968 2268 534 2538 74 927 138 1077 1408 2218 9359 8629 679 1894 5150 1035 7862 6035 760 9551 3215 3500 2767 7791 9294 8660 254 6092 3358 7986
54 2797 451 4742 9146 6438 6043 8240 4757 780 4552 4787 8491 571 4560 1039 826 8219 3380 918 4921 5620 1489 2100 2816 721 5020 9019 8041 1820 773
55 1096 412 9765 460 414 9037 7064 146 1459 5664 2847 7293 1270 225 337 6887 189 9722 2651 1151 6029 860 4650 6809 747 80 662 1587 5055 88 5603 115 622 4917 2337 1691 374 4507 5285 161 5882 244 402 2448 900 1209 6478 978 544 909 370 208 8147
56 7105 707 7499 242 2009 3416 3577 4612 1806 5795 3014 5421 1890 481 1502 825 9742 8702 8402 1840 1184 2943 1198 1194 2810 966 3756 5276 3006 5707 7815 5935 8132 3338 6367 5566 6854 1800 2044 2746 4452 2451 948 8114 3787 9915 9098 719 3796
57 3613 1442 480 1778 335 8672 1336 6565 268 375 4099 20 126 2634 5724 1506 4858 5797 1877 7918 6986 1626 296 5801 200 358 196 2134 738 9678 6616 2683 3807 1156 3831 422 2348 349 4618 8272 6979 197 4942 1572 448 2961 404 19 9311 797 2759 53 962 7546 218 2836 442 410 5580 484 429 3975
58 2115 7170 7922 5598 2339 4685 6463 4111 74 751 1715 3724 8343 6462 3643 5339 9974 2053 6631 5769 4390 9837 4572 850 6571 4788 2319 9512 2619 1338 1742 1191 684 3125 806 6612 8806
59 2758 6527 6726 1781 605 3952 2783 2732 3843 7805 2866 1066 4936 4913 6676 1728 9137 6408 8601 3002 1997 1264 5350 3101 2485 5173 9005 6963 1118
60 1909 9271 3319 3199 3235 828 1912 1504 1131 2658 471 6307 5442 9128 5269 483 311 1756 3126 3616 525 7295 951 8743 7337 6047 2025 758 1886 297 940 2312 1280 1927
61 4674 4865 566 2373 2014 372 8591 1460 2769 266 1218 215 984 815 1227 1837 635 530 916 2976 5751 213 369 564 5853 444 456 2649 7120 795 7672 5971 5789 3624 1706
62 1503 8002 2853 1753 5432 1610 1674 2698 8734 6169 3429 4956 2091 9634 2106 9009 5284 4413 2521 3970 3428 495 3927 2762 710 2616 4606 7765 5887 1826 5876 8739 120 6668 164 5210 3027 8480 6044 9459 4532 7603 2500 3363 528 5672 5406 9502 1383 5014 766 1070 7624 3870 1002 7375 7966 2858 4982 1187 3270 3232 2076 3913 3604
63 1779 506 4540 5722 4450 5489 4259 2158 9986 8947 7492 4835 1869 2178 6879 1303 6481 1283 4880 6150 2359 2371 5779 934 2626 3100 6024 1554 8673 84 8543 971 5127 907 3349 4551 1054 976 7892 3423 6267 9784 9347 3248 7088 4497 3412 7820 3642 6383
64 5091 69 1872 1005 7859 2958 7837 1167 5585 1968 9305 3260 6769 5355 336 6767 6820 6419 4282 6536 379 1323 5840 28 3032 5451 784 9211 5859 2705 4553 5708 5253 8713 9584 356 1940 4654 6672 1855 57 2306 3200 623 591
65 2894 963 1628 2478 3860 4854 3227 2098 5412 6270 5774 8055 1385 404 3646 9592 9831 5965 4699 2437 818 3404 1679 2436 1377 5196 6205 2460 1108 1074 432 9493 9811 1491 4819
66 1413 6333 7325 4477 457 5120 1250 3648 6656 2590 7474 3324 1402 4001 2311 1424 4162 7810 7674 7316 8250 5446 947 1677 2971 3767 3989 1105 2664
67 4885 308 3266 8080 1119 152 2700 519 2823 2608 400 37 343 3348 157 65 8819 3689 155 7537 9886 631 3142 1225 3467 1204 3389 118 3769 746 511 2143 344 3767 2960 3293 3692 3420 7275 3302 6147 2132 36 4554 1735 670 6913 7687 1564 78 77 574 5860 1263 3517 323 8215 387 614 7915 71 212 8901 2791 708 284 7033 3033 702 1521 1387 160 3975
68 2837 604 8241 2262 689 1436 6961 1669 517 4347 3938 1537 887 5667 279 6163 6745 592 314 397 2090 6359 1428 4919 502 324 4724 7303 724 509 9360 384 3903 8466 357 5999 5286 2439 2681 2112 8911 1078 1888 755 1509
69 4276 6632 7816 4828 3640 146 2367 7444 1298 2864 7281 2662 6692 9010 3499 1107 1961 3820 1455 4436 3062 2085 4035 3710 5896 4127 7827 9548 1935 4008 8966 4964 4734 3846 6775 9565 7371 88 9665 2381 8180 1279 370 3392
70 1511 4600 1486 752 1295 367 9479 176 3258 840 2206 4798 8586 1113 298 253 2119 629 744 2123 3931 2157 577 5539 2524 410 666 4925 6021 5064 2973 315 5564
71 5033 2972 523 549 1671 9763 723 6018 2477 4044 8704 7167 2684 4088 903 131 6702 4148 1867 1568 4881 6284 4370 4632 1721 546 3003 3025 1272 7306 4581 2291 3444 2212 5447 651 1607 150 2251 4289 5195 2513 1099 350 1765 507 2591 3953 3315 906 4131 2099 8019 4656 3424 7600
72 243 7589 664 1215 1876 5038 3828 1360 8512 1889 4838 5689 1190 1931 6094 3164 2135 1353 2433 2473 4630 8735 2507 2313 428 1056 1443 2859 798 4929 9478 9424 1852 5727 6258
73 6589 5763 2700 5235 1472 6327 1484 7732 4976 1495 2703 7267 1953 2201 3495 1311 3826 7702 3818 1516 1144 2244 4526 4524 2895 5653 5028 8156 2424 3824 3403 6518 3862 8528 7458 2857 2842 1611 6410 3774 952 7530 5627 5357 6188 2689 3418 2878 7828 5132
74 4797 1596 3943 2937 9295 5484 5011 1963 8365 6097 3759 5417 2427 4429 6027 3502 2156 3618 5914 4491 6991 3149 9543 2624 2166 9118 3178 8875 4325 2522 184 2733 7774 8427 621 2356 8938 1210 2848 1188 4597 4930 2274 3309 1304
75 1841 3520 583 1670 257 3487 489 8734 1178 1266 9464 1130 2445 147 1314 8374 3682 217 6165 562 587 8271 4725 6290 392 648 1337 2897 174 165 3907 9301 3313 8320 4342 4894
76 3182 3325 563 9317 8095 3852 8245 5141 3228 5313 2708 3979 3408 4941 6939 5071 1836 3060 4653 3596 8635 7238 1160 9421 3357 3853 3780 5805 8699 4530 7605 5251 6402 2275 6288 5415 8380 1045 3595 867 6753 556 6174 3849 1441 1870 3992 643 4878 6392 3279 711 2938 2716 8056 7225 2844
77 5872 1049 4138 3603 6896 8025 5817 7342 3574 5435 3153 8733 4959 1373 1014 7231 1943 6357 4716 7792 2398 7509 7831 5022 9355 1366 1992 8332 1577
78 2175 2282 4350 4822 1913 713 7162 2164 2579 1950 987 467 2162 352 3572 4277 2198 6744 5336 5834 1438 2922 7658 6131 1502 3096 3700 13 8116 6180 8802 4130 5902 9832 6644 4994 6001 1981 292 8688 261 1597 1801 3284 5558 885 1465 3525 9888 4834 7307 572 2852 7895 2112 6514 3999 2142 9946 1686 4482
79 5222 256 722 5241 819 1576 140 5069 1557 837 6281 1748 98 3011 220 706 1278 291 2983 782 473 1235 997 476 2533 4122 3983 3303 87 7676 1883 532 1415 1861 485 238 897 8486
80 3166 9884 3784 3743 6057 4614 5209 4920 974 2063 1572 553 3708 6352 6126 4320 1055 4923 9794 3508 6337 1699 6735 688 287 5124 3958 609 1012 9566 1034 2869 1217 1815 844 3301 3433 3017 2458 5443 4726
81 5091 2668 69 209 994 8243 493 1564 282 1741 167 259 764 3631 37 338 757 2882 2968 155 239 95 527 1135 355 6951 861 2217 300 1627 829 1663 8992 5516 359 466 8094 7842 4281 858 1192 1750
82 3471 5419 8643 7677 9320 4018 7710 1983 3323 6656 642 394 2967 6223 1606 2661 3856 7253 3493 3205 247 674 7975 565 5512 7030 2173 7852 8342 1937 166 7981 1124 1299 578 7056 1615 841 2717 27 1064 494 1759
83 998 2706 589 1257 3175 1595 4791 4156 3946 3730 6005 1956 235 2609 970 908 8401 365 8518 7313 1843 501 3654 5275 4178 2654 319 4238 5688 779 1515 9290 862 7315 1635
84 127 3537 787 1244 9669 5052 4432 5063 1745 86 515 2126 776 1236 7042 2380 3268 2417 851 455 2701 440 3281 1232 487 4347 4210 3140 4291 2896 7908 1845 1737 4990 1364 3222 1620 7341 5725 5268 1147 1275 2378 1327 1573 1180 1829 5908 3412 5031 3949 1256 9047
85 193 4240 2667 676 2831 2926 1517 2144 5371 9372 2013 5998 9304 6030 4459 1398 9442 1892 1158 8770 1170 9609 5576 3559 3456 9723 2432 938 3714 2017 6647 114 4565 2035
86 68 5175 1468 348 345 271 7 1300 6087 76 4 2374 3 5773 596 3024 510 4048 1017 4537 436 7584 733 90 277 154 178 1896 72 1294 599 598 38 156 2019 227 5 310 1114 1757 3526 539 8978 1601 2377 1153 100 961 211 267 1591 9514 485 230 245 538 1702
87 677 1125 1009 4738 177 1041 2340 419 949 774 2428 5414 2556 6052 1368 8949 2108 353 3580 4313 1370 470 5046 3045 2334 4227 1273 1073 8353 5469 3652 5920
88 875 4841 9203 7777 3704 2674 5296 9593 139 7195 7117 4804 4 5005 3044 5326 2739 3 4500 7727 3400 5507 869 120 3879 5361 9208 2475 5778 21 1583 1571 928 2372 5668 7734 5546 4171 7447 2552 6831 1223 7234 2316 6025 957 7481 278 1958 3345 5931 2423 714 3915 1591 3753 9358
89 2480 3969 1121 2886 2182 545 1733 7548 1172 4840 943 636 3137 1134 2120 472 726 8579 6243 1431 1495 6450 8790 1193 1823 1480 1036 2005 1154 1340 508 2221 1201 3883 5350 6279 912 9657 847 8244 4971 1020
90 1640 331 5905 1068 6160 6607 7707 3223 1808 1752 3022 9054 2736 2074 4479 1452 452 4329 3203 1242 646 5552 3935 2371 603 7245 1363 1260 9299 7085 229 1016 3977 1061 4551 8461 3457 896 4235 7266 2718 8381 638 1110 691 7671 6266 720 449 1782 4829 2899 6012 2322 6573
91 6795 4952 2452 8605 2238 3229 2492 3567 1994 2741 1925 833 9167 4171 3611 9127 732 792 8585 9088 7913 1437 4465 5513 5242 4575 35 8324 1166 843 1567 6557 5767 1746 17 5659 869 3244 6405 27 5644 692 8307 8088 7258 8185 4081
92 1123 5329 698 255 194 5519 8295 9906 2696 1862 715 7924 8948 293 9199 57 2298 106 2738 1772 1804 1583 45 2992 3478 2191 316 2067 6166 4361 3097 2840 3299 1714 1799 4366 9138 7977 1958 304 789 356 796 7776 4221 1334 1673 551 8801 190 169
93 6611 4772 1951 913 1421 9798 9043 2517 1795 1245 1109 750 8164 7092 2295 4319 5929 5811 5760 1127 1525 1667 5481 312 9803 6407 2493 3535 1532 4051
94 1246 3655 8103 1918 2414 820 932 5207 6515 1865 1267 8766 7062 6313 4271 5548 7956 262 931 9793 8729 3815 6149 2254 960 1544 743
95 2022 1618 2670 4538 5392 2160 5390 3995 1895 3712 3181 5442 3599 652 2496 2038 260 3430 4621 6842 3647 9740 1863 6971 1120 4006 5977 1079 6912 518 4795
96 4184 2240 2818 6376 2003 3875 381 737 249 1461 3941 354 1389 2644 5034 1339 1526 753 8692 4914 6783 2638 3013 1361 9357 609 2235 1469 548 131 504 593 4025 2088 2633 1417
97 1112 4137 7176 6082 363 1868 1258 7155 543 983 241 6379 1548 4301 7692 3858 1478 2889 5951 4142 559 59 191 4947 9691 1807 69 3231 9630 3782 2653 1777 6062 1738 5582 700 192 6361 770 6102 1395 497 734 6847 5712 3397 1095 7414 5029 334 373 3997 1621
98 4337 5409 5645 2039 7022 915 5394 9567 3065 641 2665 2395 6932 7173 434 5748 7753 7691 1450 1090 1825 699 3351 6927 2246 2309 2008 1319 9874 6628 955 6201 9782 1161 2728 5130 3564 1736 1006 5048 1705 8349 6400 1487 2148 9155 1410 341
99 81 2478 15 1966 1648 3697 3109 4869 686 454 7959 7 503 608 199 891 5160 4258 9447 742 153 1541 3304 39 3110 8270 8044 7287 406 175 168 482 637 1612 3057 6402 1550 1530 5 5851 119 550 616 1023 7234 3056 1274 2977 3849 2163 5863 1902 101 2293 5936 7869 2918 173 568
